<?xml version="1.0" encoding="UTF-8"?>
<coverage generated="1598876891422" clover="3.2.0">
  <project timestamp="1598876891422" name="All files">
    <metrics statements="2138" coveredstatements="954" conditionals="1425" coveredconditionals="393" methods="613" coveredmethods="230" elements="4176" coveredelements="1577" complexity="0" loc="2138" ncloc="2138" packages="68" files="183" classes="183"/>
    <package name="block-editor">
      <metrics statements="2" coveredstatements="2" conditionals="0" coveredconditionals="0" methods="0" coveredmethods="0"/>
      <file name="constants.js" path="/Users/ravi/workspace/xwp/material-theme-builder-wp/assets/src/block-editor/constants.js">
        <metrics statements="2" coveredstatements="2" conditionals="0" coveredconditionals="0" methods="0" coveredmethods="0"/>
        <line num="1" count="158" type="stmt"/>
        <line num="2" count="158" type="stmt"/>
      </file>
    </package>
    <package name="block-editor.blocks.button">
      <metrics statements="42" coveredstatements="11" conditionals="120" coveredconditionals="0" methods="11" coveredmethods="0"/>
      <file name="edit.js" path="/Users/ravi/workspace/xwp/material-theme-builder-wp/assets/src/block-editor/blocks/button/edit.js">
        <metrics statements="27" coveredstatements="2" conditionals="64" coveredconditionals="0" methods="7" coveredmethods="0"/>
        <line num="39" count="158" type="stmt"/>
        <line num="50" count="0" type="cond" truecount="0" falsecount="2"/>
        <line num="51" count="0" type="stmt"/>
        <line num="61" count="0" type="stmt"/>
        <line num="100" count="158" type="stmt"/>
        <line num="120" count="0" type="stmt"/>
        <line num="122" count="0" type="stmt"/>
        <line num="123" count="0" type="cond" truecount="0" falsecount="4"/>
        <line num="124" count="0" type="stmt"/>
        <line num="128" count="0" type="stmt"/>
        <line num="129" count="0" type="cond" truecount="0" falsecount="2"/>
        <line num="130" count="0" type="stmt"/>
        <line num="139" count="0" type="stmt"/>
        <line num="140" count="0" type="cond" truecount="0" falsecount="2"/>
        <line num="142" count="0" type="stmt"/>
        <line num="143" count="0" type="cond" truecount="0" falsecount="4"/>
        <line num="144" count="0" type="stmt"/>
        <line num="145" count="0" type="cond" truecount="0" falsecount="4"/>
        <line num="146" count="0" type="stmt"/>
        <line num="149" count="0" type="stmt"/>
        <line num="160" count="0" type="stmt"/>
        <line num="161" count="0" type="cond" truecount="0" falsecount="4"/>
        <line num="162" count="0" type="stmt"/>
        <line num="165" count="0" type="stmt"/>
        <line num="168" count="0" type="stmt"/>
        <line num="315" count="0" type="stmt"/>
        <line num="317" count="0" type="stmt"/>
      </file>
      <file name="example.js" path="/Users/ravi/workspace/xwp/material-theme-builder-wp/assets/src/block-editor/blocks/button/example.js">
        <metrics statements="1" coveredstatements="1" conditionals="0" coveredconditionals="0" methods="0" coveredmethods="0"/>
        <line num="3" count="158" type="stmt"/>
      </file>
      <file name="index.js" path="/Users/ravi/workspace/xwp/material-theme-builder-wp/assets/src/block-editor/blocks/button/index.js">
        <metrics statements="2" coveredstatements="2" conditionals="0" coveredconditionals="0" methods="0" coveredmethods="0"/>
        <line num="16" count="158" type="stmt"/>
        <line num="20" count="158" type="stmt"/>
      </file>
      <file name="options.js" path="/Users/ravi/workspace/xwp/material-theme-builder-wp/assets/src/block-editor/blocks/button/options.js">
        <metrics statements="3" coveredstatements="3" conditionals="0" coveredconditionals="0" methods="0" coveredmethods="0"/>
        <line num="4" count="158" type="stmt"/>
        <line num="17" count="158" type="stmt"/>
        <line num="36" count="158" type="stmt"/>
      </file>
      <file name="save.js" path="/Users/ravi/workspace/xwp/material-theme-builder-wp/assets/src/block-editor/blocks/button/save.js">
        <metrics statements="6" coveredstatements="2" conditionals="56" coveredconditionals="0" methods="2" coveredmethods="0"/>
        <line num="21" count="158" type="stmt"/>
        <line num="22" count="0" type="stmt"/>
        <line num="38" count="158" type="stmt"/>
        <line num="55" count="0" type="cond" truecount="0" falsecount="2"/>
        <line num="56" count="0" type="stmt"/>
        <line num="82" count="0" type="stmt"/>
      </file>
      <file name="transforms.js" path="/Users/ravi/workspace/xwp/material-theme-builder-wp/assets/src/block-editor/blocks/button/transforms.js">
        <metrics statements="3" coveredstatements="1" conditionals="0" coveredconditionals="0" methods="2" coveredmethods="0"/>
        <line num="3" count="158" type="stmt"/>
        <line num="9" count="0" type="stmt"/>
        <line num="10" count="0" type="stmt"/>
      </file>
    </package>
    <package name="block-editor.blocks.button.components">
      <metrics statements="6" coveredstatements="4" conditionals="0" coveredconditionals="0" methods="3" coveredmethods="1"/>
      <file name="block-icon.js" path="/Users/ravi/workspace/xwp/material-theme-builder-wp/assets/src/block-editor/blocks/button/components/block-icon.js">
        <metrics statements="2" coveredstatements="2" conditionals="0" coveredconditionals="0" methods="1" coveredmethods="1"/>
        <line num="6" count="158" type="stmt"/>
        <line num="7" count="542" type="stmt"/>
      </file>
      <file name="icon-types.js" path="/Users/ravi/workspace/xwp/material-theme-builder-wp/assets/src/block-editor/blocks/button/components/icon-types.js">
        <metrics statements="4" coveredstatements="2" conditionals="0" coveredconditionals="0" methods="2" coveredmethods="0"/>
        <line num="1" count="158" type="stmt"/>
        <line num="2" count="0" type="stmt"/>
        <line num="16" count="158" type="stmt"/>
        <line num="17" count="0" type="stmt"/>
      </file>
    </package>
    <package name="block-editor.blocks.button.utils">
      <metrics statements="1" coveredstatements="0" conditionals="2" coveredconditionals="0" methods="1" coveredmethods="0"/>
      <file name="has-bg.js" path="/Users/ravi/workspace/xwp/material-theme-builder-wp/assets/src/block-editor/blocks/button/utils/has-bg.js">
        <metrics statements="1" coveredstatements="0" conditionals="2" coveredconditionals="0" methods="1" coveredmethods="0"/>
        <line num="1" count="0" type="cond" truecount="0" falsecount="2"/>
      </file>
    </package>
    <package name="block-editor.blocks.card">
      <metrics statements="14" coveredstatements="5" conditionals="10" coveredconditionals="0" methods="3" coveredmethods="0"/>
      <file name="edit.js" path="/Users/ravi/workspace/xwp/material-theme-builder-wp/assets/src/block-editor/blocks/card/edit.js">
        <metrics statements="7" coveredstatements="1" conditionals="5" coveredconditionals="0" methods="1" coveredmethods="0"/>
        <line num="26" count="158" type="stmt"/>
        <line num="51" count="0" type="stmt"/>
        <line num="52" count="0" type="stmt"/>
        <line num="61" count="0" type="stmt"/>
        <line num="89" count="0" type="stmt"/>
        <line num="98" count="0" type="stmt"/>
        <line num="110" count="0" type="stmt"/>
      </file>
      <file name="example.js" path="/Users/ravi/workspace/xwp/material-theme-builder-wp/assets/src/block-editor/blocks/card/example.js">
        <metrics statements="1" coveredstatements="1" conditionals="0" coveredconditionals="0" methods="0" coveredmethods="0"/>
        <line num="3" count="158" type="stmt"/>
      </file>
      <file name="index.js" path="/Users/ravi/workspace/xwp/material-theme-builder-wp/assets/src/block-editor/blocks/card/index.js">
        <metrics statements="2" coveredstatements="2" conditionals="0" coveredconditionals="0" methods="0" coveredmethods="0"/>
        <line num="14" count="158" type="stmt"/>
        <line num="21" count="158" type="stmt"/>
      </file>
      <file name="save.js" path="/Users/ravi/workspace/xwp/material-theme-builder-wp/assets/src/block-editor/blocks/card/save.js">
        <metrics statements="4" coveredstatements="1" conditionals="5" coveredconditionals="0" methods="2" coveredmethods="0"/>
        <line num="17" count="158" type="stmt"/>
        <line num="42" count="0" type="stmt"/>
        <line num="44" count="0" type="stmt"/>
        <line num="72" count="0" type="stmt"/>
      </file>
    </package>
    <package name="block-editor.blocks.card.components">
      <metrics statements="96" coveredstatements="14" conditionals="114" coveredconditionals="0" methods="48" coveredmethods="0"/>
      <file name="card-action-button.js" path="/Users/ravi/workspace/xwp/material-theme-builder-wp/assets/src/block-editor/blocks/card/components/card-action-button.js">
        <metrics statements="6" coveredstatements="1" conditionals="22" coveredconditionals="0" methods="5" coveredmethods="0"/>
        <line num="28" count="158" type="stmt"/>
        <line num="41" count="0" type="cond" truecount="0" falsecount="4"/>
        <line num="42" count="0" type="stmt"/>
        <line num="43" count="0" type="cond" truecount="0" falsecount="2"/>
        <line num="44" count="0" type="stmt"/>
        <line num="48" count="0" type="stmt"/>
      </file>
      <file name="card-actions-edit.js" path="/Users/ravi/workspace/xwp/material-theme-builder-wp/assets/src/block-editor/blocks/card/components/card-actions-edit.js">
        <metrics statements="26" coveredstatements="1" conditionals="10" coveredconditionals="0" methods="17" coveredmethods="0"/>
        <line num="29" count="158" type="stmt"/>
        <line num="46" count="0" type="stmt"/>
        <line num="54" count="0" type="cond" truecount="0" falsecount="1"/>
        <line num="55" count="0" type="cond" truecount="0" falsecount="2"/>
        <line num="56" count="0" type="stmt"/>
        <line num="58" count="0" type="cond" truecount="0" falsecount="2"/>
        <line num="59" count="0" type="stmt"/>
        <line num="63" count="0" type="stmt"/>
        <line num="64" count="0" type="cond" truecount="0" falsecount="2"/>
        <line num="65" count="0" type="stmt"/>
        <line num="66" count="0" type="stmt"/>
        <line num="70" count="0" type="stmt"/>
        <line num="75" count="0" type="stmt"/>
        <line num="80" count="0" type="stmt"/>
        <line num="84" count="0" type="stmt"/>
        <line num="88" count="0" type="stmt"/>
        <line num="92" count="0" type="stmt"/>
        <line num="95" count="0" type="stmt"/>
        <line num="97" count="0" type="stmt"/>
        <line num="107" count="0" type="stmt"/>
        <line num="112" count="0" type="stmt"/>
        <line num="116" count="0" type="stmt"/>
        <line num="120" count="0" type="stmt"/>
        <line num="124" count="0" type="stmt"/>
        <line num="128" count="0" type="stmt"/>
        <line num="131" count="0" type="stmt"/>
      </file>
      <file name="card-actions.js" path="/Users/ravi/workspace/xwp/material-theme-builder-wp/assets/src/block-editor/blocks/card/components/card-actions.js">
        <metrics statements="3" coveredstatements="1" conditionals="4" coveredconditionals="0" methods="1" coveredmethods="0"/>
        <line num="26" count="158" type="stmt"/>
        <line num="41" count="0" type="stmt"/>
        <line num="56" count="0" type="stmt"/>
      </file>
      <file name="card-image-edit.js" path="/Users/ravi/workspace/xwp/material-theme-builder-wp/assets/src/block-editor/blocks/card/components/card-image-edit.js">
        <metrics statements="19" coveredstatements="1" conditionals="18" coveredconditionals="0" methods="6" coveredmethods="0"/>
        <line num="34" count="158" type="stmt"/>
        <line num="44" count="0" type="stmt"/>
        <line num="47" count="0" type="stmt"/>
        <line num="49" count="0" type="stmt"/>
        <line num="50" count="0" type="cond" truecount="0" falsecount="4"/>
        <line num="51" count="0" type="stmt"/>
        <line num="53" count="0" type="stmt"/>
        <line num="62" count="0" type="stmt"/>
        <line num="63" count="0" type="stmt"/>
        <line num="64" count="0" type="stmt"/>
        <line num="65" count="0" type="cond" truecount="0" falsecount="2"/>
        <line num="71" count="0" type="stmt"/>
        <line num="72" count="0" type="stmt"/>
        <line num="73" count="0" type="stmt"/>
        <line num="74" count="0" type="stmt"/>
        <line num="82" count="0" type="stmt"/>
        <line num="83" count="0" type="stmt"/>
        <line num="92" count="0" type="stmt"/>
        <line num="111" count="0" type="stmt"/>
      </file>
      <file name="card-image.js" path="/Users/ravi/workspace/xwp/material-theme-builder-wp/assets/src/block-editor/blocks/card/components/card-image.js">
        <metrics statements="3" coveredstatements="1" conditionals="7" coveredconditionals="0" methods="1" coveredmethods="0"/>
        <line num="28" count="158" type="stmt"/>
        <line num="39" count="0" type="stmt"/>
        <line num="51" count="0" type="stmt"/>
      </file>
      <file name="card-primary.js" path="/Users/ravi/workspace/xwp/material-theme-builder-wp/assets/src/block-editor/blocks/card/components/card-primary.js">
        <metrics statements="4" coveredstatements="1" conditionals="10" coveredconditionals="0" methods="3" coveredmethods="0"/>
        <line num="21" count="158" type="stmt"/>
        <line num="30" count="0" type="stmt"/>
        <line num="38" count="0" type="stmt"/>
        <line num="48" count="0" type="stmt"/>
      </file>
      <file name="card-supporting-text.js" path="/Users/ravi/workspace/xwp/material-theme-builder-wp/assets/src/block-editor/blocks/card/components/card-supporting-text.js">
        <metrics statements="3" coveredstatements="1" conditionals="2" coveredconditionals="0" methods="2" coveredmethods="0"/>
        <line num="24" count="158" type="stmt"/>
        <line num="31" count="0" type="stmt"/>
        <line num="42" count="0" type="stmt"/>
      </file>
      <file name="horizontal-card-layout.js" path="/Users/ravi/workspace/xwp/material-theme-builder-wp/assets/src/block-editor/blocks/card/components/horizontal-card-layout.js">
        <metrics statements="8" coveredstatements="1" conditionals="6" coveredconditionals="0" methods="1" coveredmethods="0"/>
        <line num="43" count="158" type="stmt"/>
        <line num="69" count="0" type="stmt"/>
        <line num="71" count="0" type="stmt"/>
        <line num="81" count="0" type="stmt"/>
        <line num="93" count="0" type="stmt"/>
        <line num="95" count="0" type="cond" truecount="0" falsecount="2"/>
        <line num="96" count="0" type="stmt"/>
        <line num="99" count="0" type="stmt"/>
      </file>
      <file name="inspector-controls-content-panel.js" path="/Users/ravi/workspace/xwp/material-theme-builder-wp/assets/src/block-editor/blocks/card/components/inspector-controls-content-panel.js">
        <metrics statements="9" coveredstatements="1" conditionals="10" coveredconditionals="0" methods="7" coveredmethods="0"/>
        <line num="25" count="158" type="stmt"/>
        <line num="38" count="0" type="stmt"/>
        <line num="50" count="0" type="stmt"/>
        <line num="51" count="0" type="stmt"/>
        <line num="58" count="0" type="stmt"/>
        <line num="64" count="0" type="stmt"/>
        <line num="71" count="0" type="stmt"/>
        <line num="78" count="0" type="stmt"/>
        <line num="85" count="0" type="stmt"/>
      </file>
      <file name="inspector-controls-style-panel.js" path="/Users/ravi/workspace/xwp/material-theme-builder-wp/assets/src/block-editor/blocks/card/components/inspector-controls-style-panel.js">
        <metrics statements="8" coveredstatements="4" conditionals="6" coveredconditionals="0" methods="4" coveredmethods="0"/>
        <line num="13" count="158" type="stmt"/>
        <line num="28" count="158" type="stmt"/>
        <line num="29" count="158" type="stmt"/>
        <line num="45" count="158" type="stmt"/>
        <line num="55" count="0" type="stmt"/>
        <line num="68" count="0" type="stmt"/>
        <line num="74" count="0" type="stmt"/>
        <line num="82" count="0" type="stmt"/>
      </file>
      <file name="vertical-card-layout.js" path="/Users/ravi/workspace/xwp/material-theme-builder-wp/assets/src/block-editor/blocks/card/components/vertical-card-layout.js">
        <metrics statements="7" coveredstatements="1" conditionals="19" coveredconditionals="0" methods="1" coveredmethods="0"/>
        <line num="46" count="158" type="stmt"/>
        <line num="74" count="0" type="stmt"/>
        <line num="84" count="0" type="stmt"/>
        <line num="96" count="0" type="stmt"/>
        <line num="98" count="0" type="cond" truecount="0" falsecount="2"/>
        <line num="99" count="0" type="stmt"/>
        <line num="102" count="0" type="stmt"/>
      </file>
    </package>
    <package name="block-editor.blocks.cards-collection">
      <metrics statements="101" coveredstatements="12" conditionals="40" coveredconditionals="0" methods="14" coveredmethods="0"/>
      <file name="constants.js" path="/Users/ravi/workspace/xwp/material-theme-builder-wp/assets/src/block-editor/blocks/cards-collection/constants.js">
        <metrics statements="4" coveredstatements="4" conditionals="0" coveredconditionals="0" methods="0" coveredmethods="0"/>
        <line num="6" count="158" type="stmt"/>
        <line num="31" count="158" type="stmt"/>
        <line num="32" count="158" type="stmt"/>
        <line num="33" count="158" type="stmt"/>
      </file>
      <file name="edit.js" path="/Users/ravi/workspace/xwp/material-theme-builder-wp/assets/src/block-editor/blocks/cards-collection/edit.js">
        <metrics statements="83" coveredstatements="1" conditionals="32" coveredconditionals="0" methods="11" coveredmethods="0"/>
        <line num="36" count="158" type="stmt"/>
        <line num="37" count="0" type="stmt"/>
        <line num="55" count="0" type="stmt"/>
        <line num="56" count="0" type="stmt"/>
        <line num="57" count="0" type="stmt"/>
        <line num="60" count="0" type="stmt"/>
        <line num="61" count="0" type="stmt"/>
        <line num="84" count="0" type="stmt"/>
        <line num="86" count="0" type="stmt"/>
        <line num="88" count="0" type="stmt"/>
        <line num="90" count="0" type="cond" truecount="0" falsecount="2"/>
        <line num="91" count="0" type="stmt"/>
        <line num="93" count="0" type="stmt"/>
        <line num="94" count="0" type="stmt"/>
        <line num="95" count="0" type="cond" truecount="0" falsecount="2"/>
        <line num="96" count="0" type="stmt"/>
        <line num="97" count="0" type="stmt"/>
        <line num="98" count="0" type="stmt"/>
        <line num="99" count="0" type="stmt"/>
        <line num="102" count="0" type="stmt"/>
        <line num="103" count="0" type="stmt"/>
        <line num="108" count="0" type="cond" truecount="0" falsecount="2"/>
        <line num="109" count="0" type="stmt"/>
        <line num="110" count="0" type="stmt"/>
        <line num="111" count="0" type="stmt"/>
        <line num="114" count="0" type="stmt"/>
        <line num="157" count="0" type="stmt"/>
        <line num="159" count="0" type="stmt"/>
        <line num="160" count="0" type="stmt"/>
        <line num="161" count="0" type="stmt"/>
        <line num="162" count="0" type="stmt"/>
        <line num="163" count="0" type="cond" truecount="0" falsecount="2"/>
        <line num="164" count="0" type="stmt"/>
        <line num="166" count="0" type="stmt"/>
        <line num="167" count="0" type="cond" truecount="0" falsecount="2"/>
        <line num="168" count="0" type="stmt"/>
        <line num="169" count="0" type="stmt"/>
        <line num="170" count="0" type="stmt"/>
        <line num="171" count="0" type="stmt"/>
        <line num="172" count="0" type="stmt"/>
        <line num="173" count="0" type="stmt"/>
        <line num="176" count="0" type="cond" truecount="0" falsecount="2"/>
        <line num="177" count="0" type="stmt"/>
        <line num="178" count="0" type="stmt"/>
        <line num="179" count="0" type="stmt"/>
        <line num="181" count="0" type="stmt"/>
        <line num="182" count="0" type="stmt"/>
        <line num="185" count="0" type="cond" truecount="0" falsecount="2"/>
        <line num="186" count="0" type="stmt"/>
        <line num="188" count="0" type="stmt"/>
        <line num="193" count="0" type="stmt"/>
        <line num="202" count="0" type="cond" truecount="0" falsecount="2"/>
        <line num="204" count="0" type="stmt"/>
        <line num="208" count="0" type="stmt"/>
        <line num="223" count="0" type="stmt"/>
        <line num="233" count="0" type="stmt"/>
        <line num="234" count="0" type="stmt"/>
        <line num="235" count="0" type="stmt"/>
        <line num="241" count="0" type="stmt"/>
        <line num="252" count="0" type="stmt"/>
        <line num="253" count="0" type="stmt"/>
        <line num="261" count="0" type="stmt"/>
        <line num="262" count="0" type="stmt"/>
        <line num="263" count="0" type="cond" truecount="0" falsecount="2"/>
        <line num="264" count="0" type="stmt"/>
        <line num="265" count="0" type="stmt"/>
        <line num="266" count="0" type="stmt"/>
        <line num="267" count="0" type="stmt"/>
        <line num="270" count="0" type="stmt"/>
        <line num="279" count="0" type="stmt"/>
        <line num="280" count="0" type="stmt"/>
        <line num="281" count="0" type="cond" truecount="0" falsecount="2"/>
        <line num="282" count="0" type="stmt"/>
        <line num="283" count="0" type="stmt"/>
        <line num="284" count="0" type="stmt"/>
        <line num="285" count="0" type="stmt"/>
        <line num="289" count="0" type="stmt"/>
        <line num="298" count="0" type="stmt"/>
        <line num="299" count="0" type="stmt"/>
        <line num="300" count="0" type="stmt"/>
        <line num="301" count="0" type="stmt"/>
        <line num="305" count="0" type="stmt"/>
        <line num="323" count="0" type="stmt"/>
      </file>
      <file name="example.js" path="/Users/ravi/workspace/xwp/material-theme-builder-wp/assets/src/block-editor/blocks/cards-collection/example.js">
        <metrics statements="4" coveredstatements="4" conditionals="0" coveredconditionals="0" methods="0" coveredmethods="0"/>
        <line num="4" count="158" type="stmt"/>
        <line num="6" count="158" type="stmt"/>
        <line num="7" count="316" type="stmt"/>
        <line num="10" count="158" type="stmt"/>
      </file>
      <file name="index.js" path="/Users/ravi/workspace/xwp/material-theme-builder-wp/assets/src/block-editor/blocks/cards-collection/index.js">
        <metrics statements="2" coveredstatements="2" conditionals="0" coveredconditionals="0" methods="0" coveredmethods="0"/>
        <line num="14" count="158" type="stmt"/>
        <line num="21" count="158" type="stmt"/>
      </file>
      <file name="save.js" path="/Users/ravi/workspace/xwp/material-theme-builder-wp/assets/src/block-editor/blocks/cards-collection/save.js">
        <metrics statements="8" coveredstatements="1" conditionals="8" coveredconditionals="0" methods="3" coveredmethods="0"/>
        <line num="23" count="158" type="stmt"/>
        <line num="32" count="0" type="stmt"/>
        <line num="33" count="0" type="stmt"/>
        <line num="34" count="0" type="stmt"/>
        <line num="36" count="0" type="stmt"/>
        <line num="37" count="0" type="stmt"/>
        <line num="45" count="0" type="stmt"/>
        <line num="60" count="0" type="stmt"/>
      </file>
    </package>
    <package name="block-editor.blocks.cards-collection.components">
      <metrics statements="17" coveredstatements="3" conditionals="30" coveredconditionals="0" methods="5" coveredmethods="0"/>
      <file name="cards-collection-inspector-controls.js" path="/Users/ravi/workspace/xwp/material-theme-builder-wp/assets/src/block-editor/blocks/cards-collection/components/cards-collection-inspector-controls.js">
        <metrics statements="10" coveredstatements="1" conditionals="14" coveredconditionals="0" methods="3" coveredmethods="0"/>
        <line num="27" count="158" type="stmt"/>
        <line num="28" count="0" type="stmt"/>
        <line num="48" count="0" type="stmt"/>
        <line num="50" count="0" type="stmt"/>
        <line num="51" count="0" type="stmt"/>
        <line num="62" count="0" type="stmt"/>
        <line num="74" count="0" type="stmt"/>
        <line num="95" count="0" type="stmt"/>
        <line num="96" count="0" type="stmt"/>
        <line num="102" count="0" type="stmt"/>
      </file>
      <file name="cards.js" path="/Users/ravi/workspace/xwp/material-theme-builder-wp/assets/src/block-editor/blocks/cards-collection/components/cards.js">
        <metrics statements="5" coveredstatements="1" conditionals="12" coveredconditionals="0" methods="1" coveredmethods="0"/>
        <line num="15" count="158" type="cond" truecount="0" falsecount="1"/>
        <line num="16" count="0" type="cond" truecount="0" falsecount="2"/>
        <line num="18" count="0" type="cond" truecount="0" falsecount="2"/>
        <line num="24" count="0" type="cond" truecount="0" falsecount="2"/>
        <line num="32" count="0" type="stmt"/>
      </file>
      <file name="focused-card-controls.js" path="/Users/ravi/workspace/xwp/material-theme-builder-wp/assets/src/block-editor/blocks/cards-collection/components/focused-card-controls.js">
        <metrics statements="2" coveredstatements="1" conditionals="4" coveredconditionals="0" methods="1" coveredmethods="0"/>
        <line num="19" count="158" type="stmt"/>
        <line num="27" count="0" type="stmt"/>
      </file>
    </package>
    <package name="block-editor.blocks.cards-collection.utils">
      <metrics statements="4" coveredstatements="0" conditionals="2" coveredconditionals="0" methods="1" coveredmethods="0"/>
      <file name="get-column-span.js" path="/Users/ravi/workspace/xwp/material-theme-builder-wp/assets/src/block-editor/blocks/cards-collection/utils/get-column-span.js">
        <metrics statements="4" coveredstatements="0" conditionals="2" coveredconditionals="0" methods="1" coveredmethods="0"/>
        <line num="10" count="0" type="stmt"/>
        <line num="12" count="0" type="cond" truecount="0" falsecount="2"/>
        <line num="18" count="0" type="stmt"/>
        <line num="21" count="0" type="stmt"/>
      </file>
    </package>
    <package name="block-editor.blocks.common-posts-list">
      <metrics statements="32" coveredstatements="19" conditionals="22" coveredconditionals="11" methods="4" coveredmethods="4"/>
      <file name="edit-with-select.js" path="/Users/ravi/workspace/xwp/material-theme-builder-wp/assets/src/block-editor/blocks/common-posts-list/edit-with-select.js">
        <metrics statements="32" coveredstatements="19" conditionals="22" coveredconditionals="11" methods="4" coveredmethods="4"/>
        <line num="25" count="158" type="stmt"/>
        <line num="26" count="264" type="stmt"/>
        <line num="27" count="264" type="cond" truecount="2" falsecount="0"/>
        <line num="29" count="264" type="cond" truecount="2" falsecount="0"/>
        <line num="30" count="156" type="stmt"/>
        <line num="33" count="108" type="stmt"/>
        <line num="39" count="158" type="stmt"/>
        <line num="47" count="954" type="stmt"/>
        <line num="48" count="954" type="stmt"/>
        <line num="50" count="954" type="cond" truecount="1" falsecount="1"/>
        <line num="52" count="954" type="stmt"/>
        <line num="54" count="954" type="stmt"/>
        <line num="59" count="954" type="cond" truecount="1" falsecount="1"/>
        <line num="60" count="0" type="stmt"/>
        <line num="67" count="0" type="cond" truecount="0" falsecount="2"/>
        <line num="68" count="0" type="cond" truecount="0" falsecount="2"/>
        <line num="69" count="0" type="stmt"/>
        <line num="70" count="0" type="stmt"/>
        <line num="71" count="0" type="cond" truecount="0" falsecount="2"/>
        <line num="72" count="0" type="stmt"/>
        <line num="73" count="0" type="stmt"/>
        <line num="78" count="954" type="stmt"/>
        <line num="80" count="1908" type="stmt"/>
        <line num="83" count="954" type="stmt"/>
        <line num="89" count="954" type="stmt"/>
        <line num="93" count="648" type="cond" truecount="3" falsecount="1"/>
        <line num="94" count="0" type="stmt"/>
        <line num="95" count="0" type="stmt"/>
        <line num="100" count="0" type="cond" truecount="0" falsecount="2"/>
        <line num="101" count="0" type="stmt"/>
        <line num="103" count="0" type="stmt"/>
        <line num="105" count="648" type="stmt"/>
      </file>
    </package>
    <package name="block-editor.blocks.common-posts-list.components">
      <metrics statements="50" coveredstatements="39" conditionals="70" coveredconditionals="40" methods="15" coveredmethods="8"/>
      <file name="card-actions.js" path="/Users/ravi/workspace/xwp/material-theme-builder-wp/assets/src/block-editor/blocks/common-posts-list/components/card-actions.js">
        <metrics statements="2" coveredstatements="2" conditionals="4" coveredconditionals="3" methods="1" coveredmethods="1"/>
        <line num="11" count="158" type="stmt"/>
        <line num="12" count="216" type="stmt"/>
      </file>
      <file name="card-header.js" path="/Users/ravi/workspace/xwp/material-theme-builder-wp/assets/src/block-editor/blocks/common-posts-list/components/card-header.js">
        <metrics statements="2" coveredstatements="2" conditionals="4" coveredconditionals="3" methods="1" coveredmethods="1"/>
        <line num="19" count="158" type="stmt"/>
        <line num="20" count="216" type="stmt"/>
      </file>
      <file name="card-image.js" path="/Users/ravi/workspace/xwp/material-theme-builder-wp/assets/src/block-editor/blocks/common-posts-list/components/card-image.js">
        <metrics statements="3" coveredstatements="1" conditionals="2" coveredconditionals="0" methods="1" coveredmethods="0"/>
        <line num="21" count="158" type="stmt"/>
        <line num="22" count="0" type="stmt"/>
        <line num="24" count="0" type="stmt"/>
      </file>
      <file name="horizontal-card-layout.js" path="/Users/ravi/workspace/xwp/material-theme-builder-wp/assets/src/block-editor/blocks/common-posts-list/components/horizontal-card-layout.js">
        <metrics statements="3" coveredstatements="1" conditionals="6" coveredconditionals="0" methods="1" coveredmethods="0"/>
        <line num="27" count="158" type="stmt"/>
        <line num="34" count="0" type="stmt"/>
        <line num="36" count="0" type="stmt"/>
      </file>
      <file name="inspector-controls.js" path="/Users/ravi/workspace/xwp/material-theme-builder-wp/assets/src/block-editor/blocks/common-posts-list/components/inspector-controls.js">
        <metrics statements="11" coveredstatements="8" conditionals="13" coveredconditionals="7" methods="5" coveredmethods="1"/>
        <line num="21" count="158" type="stmt"/>
        <line num="22" count="158" type="stmt"/>
        <line num="24" count="158" type="stmt"/>
        <line num="25" count="158" type="stmt"/>
        <line num="37" count="158" type="stmt"/>
        <line num="42" count="186" type="stmt"/>
        <line num="60" count="186" type="stmt"/>
        <line num="62" count="186" type="stmt"/>
        <line num="135" count="0" type="cond" truecount="0" falsecount="2"/>
        <line num="148" count="0" type="cond" truecount="0" falsecount="2"/>
        <line num="160" count="0" type="stmt"/>
      </file>
      <file name="no-posts.js" path="/Users/ravi/workspace/xwp/material-theme-builder-wp/assets/src/block-editor/blocks/common-posts-list/components/no-posts.js">
        <metrics statements="5" coveredstatements="4" conditionals="4" coveredconditionals="2" methods="1" coveredmethods="1"/>
        <line num="16" count="158" type="stmt"/>
        <line num="17" count="156" type="stmt"/>
        <line num="19" count="156" type="cond" truecount="1" falsecount="1"/>
        <line num="20" count="0" type="stmt"/>
        <line num="23" count="156" type="stmt"/>
      </file>
      <file name="posts-list.js" path="/Users/ravi/workspace/xwp/material-theme-builder-wp/assets/src/block-editor/blocks/common-posts-list/components/posts-list.js">
        <metrics statements="10" coveredstatements="7" conditionals="7" coveredconditionals="5" methods="3" coveredmethods="2"/>
        <line num="20" count="158" type="stmt"/>
        <line num="21" count="108" type="stmt"/>
        <line num="23" count="108" type="stmt"/>
        <line num="25" count="108" type="cond" truecount="1" falsecount="1"/>
        <line num="31" count="0" type="stmt"/>
        <line num="34" count="108" type="stmt"/>
        <line num="40" count="0" type="stmt"/>
        <line num="41" count="0" type="stmt"/>
        <line num="61" count="216" type="stmt"/>
        <line num="62" count="216" type="stmt"/>
      </file>
      <file name="single-post.js" path="/Users/ravi/workspace/xwp/material-theme-builder-wp/assets/src/block-editor/blocks/common-posts-list/components/single-post.js">
        <metrics statements="10" coveredstatements="10" conditionals="9" coveredconditionals="7" methods="1" coveredmethods="1"/>
        <line num="22" count="158" type="stmt"/>
        <line num="23" count="216" type="stmt"/>
        <line num="24" count="216" type="stmt"/>
        <line num="26" count="216" type="stmt"/>
        <line num="27" count="216" type="stmt"/>
        <line num="28" count="216" type="cond" truecount="3" falsecount="0"/>
        <line num="30" count="216" type="stmt"/>
        <line num="31" count="216" type="stmt"/>
        <line num="33" count="216" type="stmt"/>
        <line num="42" count="216" type="stmt"/>
      </file>
      <file name="vertical-card-layout.js" path="/Users/ravi/workspace/xwp/material-theme-builder-wp/assets/src/block-editor/blocks/common-posts-list/components/vertical-card-layout.js">
        <metrics statements="4" coveredstatements="4" conditionals="21" coveredconditionals="13" methods="1" coveredmethods="1"/>
        <line num="34" count="158" type="stmt"/>
        <line num="45" count="216" type="stmt"/>
        <line num="47" count="216" type="stmt"/>
        <line num="49" count="216" type="stmt"/>
      </file>
    </package>
    <package name="block-editor.blocks.contact-form">
      <metrics statements="25" coveredstatements="7" conditionals="8" coveredconditionals="0" methods="7" coveredmethods="0"/>
      <file name="contact-form-context.js" path="/Users/ravi/workspace/xwp/material-theme-builder-wp/assets/src/block-editor/blocks/contact-form/contact-form-context.js">
        <metrics statements="1" coveredstatements="1" conditionals="0" coveredconditionals="0" methods="1" coveredmethods="0"/>
        <line num="3" count="158" type="stmt"/>
      </file>
      <file name="edit.js" path="/Users/ravi/workspace/xwp/material-theme-builder-wp/assets/src/block-editor/blocks/contact-form/edit.js">
        <metrics statements="19" coveredstatements="3" conditionals="8" coveredconditionals="0" methods="5" coveredmethods="0"/>
        <line num="20" count="158" type="stmt"/>
        <line num="29" count="158" type="stmt"/>
        <line num="52" count="158" type="stmt"/>
        <line num="60" count="0" type="stmt"/>
        <line num="62" count="0" type="cond" truecount="0" falsecount="2"/>
        <line num="63" count="0" type="stmt"/>
        <line num="74" count="0" type="cond" truecount="0" falsecount="2"/>
        <line num="75" count="0" type="stmt"/>
        <line num="83" count="0" type="stmt"/>
        <line num="84" count="0" type="cond" truecount="0" falsecount="2"/>
        <line num="86" count="0" type="cond" truecount="0" falsecount="2"/>
        <line num="87" count="0" type="stmt"/>
        <line num="95" count="0" type="stmt"/>
        <line num="113" count="0" type="stmt"/>
        <line num="114" count="0" type="stmt"/>
        <line num="115" count="0" type="stmt"/>
        <line num="117" count="0" type="stmt"/>
        <line num="121" count="0" type="stmt"/>
        <line num="129" count="0" type="stmt"/>
      </file>
      <file name="index.js" path="/Users/ravi/workspace/xwp/material-theme-builder-wp/assets/src/block-editor/blocks/contact-form/index.js">
        <metrics statements="2" coveredstatements="2" conditionals="0" coveredconditionals="0" methods="0" coveredmethods="0"/>
        <line num="13" count="158" type="stmt"/>
        <line num="17" count="158" type="stmt"/>
      </file>
      <file name="save.js" path="/Users/ravi/workspace/xwp/material-theme-builder-wp/assets/src/block-editor/blocks/contact-form/save.js">
        <metrics statements="3" coveredstatements="1" conditionals="0" coveredconditionals="0" methods="1" coveredmethods="0"/>
        <line num="14" count="158" type="stmt"/>
        <line num="15" count="0" type="stmt"/>
        <line num="17" count="0" type="stmt"/>
      </file>
    </package>
    <package name="block-editor.blocks.contact-form.components">
      <metrics statements="63" coveredstatements="3" conditionals="27" coveredconditionals="0" methods="16" coveredmethods="0"/>
      <file name="inspector-controls.js" path="/Users/ravi/workspace/xwp/material-theme-builder-wp/assets/src/block-editor/blocks/contact-form/components/inspector-controls.js">
        <metrics statements="3" coveredstatements="1" conditionals="0" coveredconditionals="0" methods="1" coveredmethods="0"/>
        <line num="7" count="158" type="stmt"/>
        <line num="11" count="0" type="stmt"/>
        <line num="13" count="0" type="stmt"/>
      </file>
      <file name="recaptcha-inspector-controls-panel.js" path="/Users/ravi/workspace/xwp/material-theme-builder-wp/assets/src/block-editor/blocks/contact-form/components/recaptcha-inspector-controls-panel.js">
        <metrics statements="60" coveredstatements="2" conditionals="27" coveredconditionals="0" methods="15" coveredmethods="0"/>
        <line num="16" count="158" type="stmt"/>
        <line num="26" count="158" type="stmt"/>
        <line num="27" count="0" type="stmt"/>
        <line num="33" count="0" type="stmt"/>
        <line num="34" count="0" type="stmt"/>
        <line num="35" count="0" type="stmt"/>
        <line num="36" count="0" type="stmt"/>
        <line num="38" count="0" type="stmt"/>
        <line num="39" count="0" type="stmt"/>
        <line num="41" count="0" type="cond" truecount="0" falsecount="2"/>
        <line num="42" count="0" type="stmt"/>
        <line num="44" count="0" type="stmt"/>
        <line num="64" count="0" type="cond" truecount="0" falsecount="2"/>
        <line num="68" count="0" type="stmt"/>
        <line num="69" count="0" type="cond" truecount="0" falsecount="2"/>
        <line num="72" count="0" type="stmt"/>
        <line num="77" count="0" type="stmt"/>
        <line num="78" count="0" type="stmt"/>
        <line num="79" count="0" type="stmt"/>
        <line num="82" count="0" type="stmt"/>
        <line num="85" count="0" type="stmt"/>
        <line num="87" count="0" type="stmt"/>
        <line num="98" count="0" type="stmt"/>
        <line num="99" count="0" type="stmt"/>
        <line num="107" count="0" type="stmt"/>
        <line num="108" count="0" type="stmt"/>
        <line num="116" count="0" type="stmt"/>
        <line num="117" count="0" type="stmt"/>
        <line num="118" count="0" type="stmt"/>
        <line num="119" count="0" type="stmt"/>
        <line num="121" count="0" type="cond" truecount="0" falsecount="5"/>
        <line num="122" count="0" type="stmt"/>
        <line num="123" count="0" type="stmt"/>
        <line num="127" count="0" type="stmt"/>
        <line num="128" count="0" type="stmt"/>
        <line num="129" count="0" type="stmt"/>
        <line num="132" count="0" type="stmt"/>
        <line num="136" count="0" type="cond" truecount="0" falsecount="2"/>
        <line num="137" count="0" type="stmt"/>
        <line num="138" count="0" type="stmt"/>
        <line num="141" count="0" type="stmt"/>
        <line num="143" count="0" type="stmt"/>
        <line num="144" count="0" type="cond" truecount="0" falsecount="4"/>
        <line num="145" count="0" type="stmt"/>
        <line num="146" count="0" type="stmt"/>
        <line num="153" count="0" type="stmt"/>
        <line num="154" count="0" type="stmt"/>
        <line num="160" count="0" type="stmt"/>
        <line num="161" count="0" type="stmt"/>
        <line num="164" count="0" type="stmt"/>
        <line num="165" count="0" type="cond" truecount="0" falsecount="2"/>
        <line num="166" count="0" type="stmt"/>
        <line num="167" count="0" type="stmt"/>
        <line num="169" count="0" type="stmt"/>
        <line num="180" count="0" type="stmt"/>
        <line num="181" count="0" type="stmt"/>
        <line num="196" count="0" type="stmt"/>
        <line num="201" count="0" type="stmt"/>
        <line num="246" count="0" type="stmt"/>
        <line num="254" count="0" type="stmt"/>
      </file>
    </package>
    <package name="block-editor.blocks.contact-form.inner-blocks.common.components">
      <metrics statements="47" coveredstatements="7" conditionals="54" coveredconditionals="0" methods="19" coveredmethods="0"/>
      <file name="inspector-controls.js" path="/Users/ravi/workspace/xwp/material-theme-builder-wp/assets/src/block-editor/blocks/contact-form/inner-blocks/common/components/inspector-controls.js">
        <metrics statements="3" coveredstatements="1" conditionals="0" coveredconditionals="0" methods="1" coveredmethods="0"/>
        <line num="22" count="158" type="stmt"/>
        <line num="26" count="0" type="stmt"/>
        <line num="28" count="0" type="stmt"/>
      </file>
      <file name="text-input-edit.js" path="/Users/ravi/workspace/xwp/material-theme-builder-wp/assets/src/block-editor/blocks/contact-form/inner-blocks/common/components/text-input-edit.js">
        <metrics statements="16" coveredstatements="1" conditionals="14" coveredconditionals="0" methods="6" coveredmethods="0"/>
        <line num="38" count="158" type="stmt"/>
        <line num="56" count="0" type="stmt"/>
        <line num="58" count="0" type="stmt"/>
        <line num="62" count="0" type="stmt"/>
        <line num="64" count="0" type="cond" truecount="0" falsecount="4"/>
        <line num="65" count="0" type="stmt"/>
        <line num="68" count="0" type="stmt"/>
        <line num="70" count="0" type="stmt"/>
        <line num="78" count="0" type="stmt"/>
        <line num="79" count="0" type="stmt"/>
        <line num="80" count="0" type="stmt"/>
        <line num="83" count="0" type="stmt"/>
        <line num="90" count="0" type="stmt"/>
        <line num="94" count="0" type="stmt"/>
        <line num="175" count="0" type="stmt"/>
        <line num="179" count="0" type="stmt"/>
      </file>
      <file name="text-input-element.js" path="/Users/ravi/workspace/xwp/material-theme-builder-wp/assets/src/block-editor/blocks/contact-form/inner-blocks/common/components/text-input-element.js">
        <metrics statements="2" coveredstatements="1" conditionals="7" coveredconditionals="0" methods="1" coveredmethods="0"/>
        <line num="15" count="158" type="stmt"/>
        <line num="26" count="0" type="stmt"/>
      </file>
      <file name="text-input-save.js" path="/Users/ravi/workspace/xwp/material-theme-builder-wp/assets/src/block-editor/blocks/contact-form/inner-blocks/common/components/text-input-save.js">
        <metrics statements="4" coveredstatements="1" conditionals="6" coveredconditionals="0" methods="2" coveredmethods="0"/>
        <line num="21" count="158" type="stmt"/>
        <line num="35" count="0" type="stmt"/>
        <line num="37" count="0" type="stmt"/>
        <line num="49" count="0" type="stmt"/>
      </file>
      <file name="textarea-input-edit.js" path="/Users/ravi/workspace/xwp/material-theme-builder-wp/assets/src/block-editor/blocks/contact-form/inner-blocks/common/components/textarea-input-edit.js">
        <metrics statements="16" coveredstatements="1" conditionals="14" coveredconditionals="0" methods="6" coveredmethods="0"/>
        <line num="39" count="158" type="stmt"/>
        <line num="56" count="0" type="stmt"/>
        <line num="58" count="0" type="stmt"/>
        <line num="60" count="0" type="cond" truecount="0" falsecount="4"/>
        <line num="61" count="0" type="stmt"/>
        <line num="64" count="0" type="stmt"/>
        <line num="70" count="0" type="stmt"/>
        <line num="74" count="0" type="stmt"/>
        <line num="78" count="0" type="stmt"/>
        <line num="80" count="0" type="stmt"/>
        <line num="88" count="0" type="stmt"/>
        <line num="89" count="0" type="stmt"/>
        <line num="90" count="0" type="stmt"/>
        <line num="93" count="0" type="stmt"/>
        <line num="174" count="0" type="stmt"/>
        <line num="178" count="0" type="stmt"/>
      </file>
      <file name="textarea-input-element.js" path="/Users/ravi/workspace/xwp/material-theme-builder-wp/assets/src/block-editor/blocks/contact-form/inner-blocks/common/components/textarea-input-element.js">
        <metrics statements="2" coveredstatements="1" conditionals="7" coveredconditionals="0" methods="1" coveredmethods="0"/>
        <line num="14" count="158" type="stmt"/>
        <line num="24" count="0" type="stmt"/>
      </file>
      <file name="textarea-input-save.js" path="/Users/ravi/workspace/xwp/material-theme-builder-wp/assets/src/block-editor/blocks/contact-form/inner-blocks/common/components/textarea-input-save.js">
        <metrics statements="4" coveredstatements="1" conditionals="6" coveredconditionals="0" methods="2" coveredmethods="0"/>
        <line num="21" count="158" type="stmt"/>
        <line num="34" count="0" type="stmt"/>
        <line num="36" count="0" type="stmt"/>
        <line num="47" count="0" type="stmt"/>
      </file>
    </package>
    <package name="block-editor.blocks.contact-form.inner-blocks.email-input-field">
      <metrics statements="4" coveredstatements="3" conditionals="0" coveredconditionals="0" methods="1" coveredmethods="0"/>
      <file name="block-icon.js" path="/Users/ravi/workspace/xwp/material-theme-builder-wp/assets/src/block-editor/blocks/contact-form/inner-blocks/email-input-field/block-icon.js">
        <metrics statements="2" coveredstatements="1" conditionals="0" coveredconditionals="0" methods="1" coveredmethods="0"/>
        <line num="6" count="158" type="stmt"/>
        <line num="7" count="0" type="stmt"/>
      </file>
      <file name="index.js" path="/Users/ravi/workspace/xwp/material-theme-builder-wp/assets/src/block-editor/blocks/contact-form/inner-blocks/email-input-field/index.js">
        <metrics statements="2" coveredstatements="2" conditionals="0" coveredconditionals="0" methods="0" coveredmethods="0"/>
        <line num="13" count="158" type="stmt"/>
        <line num="15" count="158" type="stmt"/>
      </file>
    </package>
    <package name="block-editor.blocks.contact-form.inner-blocks.message-input-field">
      <metrics statements="4" coveredstatements="3" conditionals="0" coveredconditionals="0" methods="1" coveredmethods="0"/>
      <file name="block-icon.js" path="/Users/ravi/workspace/xwp/material-theme-builder-wp/assets/src/block-editor/blocks/contact-form/inner-blocks/message-input-field/block-icon.js">
        <metrics statements="2" coveredstatements="1" conditionals="0" coveredconditionals="0" methods="1" coveredmethods="0"/>
        <line num="6" count="158" type="stmt"/>
        <line num="7" count="0" type="stmt"/>
      </file>
      <file name="index.js" path="/Users/ravi/workspace/xwp/material-theme-builder-wp/assets/src/block-editor/blocks/contact-form/inner-blocks/message-input-field/index.js">
        <metrics statements="2" coveredstatements="2" conditionals="0" coveredconditionals="0" methods="0" coveredmethods="0"/>
        <line num="13" count="158" type="stmt"/>
        <line num="15" count="158" type="stmt"/>
      </file>
    </package>
    <package name="block-editor.blocks.contact-form.inner-blocks.name-input-field">
      <metrics statements="4" coveredstatements="3" conditionals="0" coveredconditionals="0" methods="1" coveredmethods="0"/>
      <file name="block-icon.js" path="/Users/ravi/workspace/xwp/material-theme-builder-wp/assets/src/block-editor/blocks/contact-form/inner-blocks/name-input-field/block-icon.js">
        <metrics statements="2" coveredstatements="1" conditionals="0" coveredconditionals="0" methods="1" coveredmethods="0"/>
        <line num="6" count="158" type="stmt"/>
        <line num="7" count="0" type="stmt"/>
      </file>
      <file name="index.js" path="/Users/ravi/workspace/xwp/material-theme-builder-wp/assets/src/block-editor/blocks/contact-form/inner-blocks/name-input-field/index.js">
        <metrics statements="2" coveredstatements="2" conditionals="0" coveredconditionals="0" methods="0" coveredmethods="0"/>
        <line num="13" count="158" type="stmt"/>
        <line num="15" count="158" type="stmt"/>
      </file>
    </package>
    <package name="block-editor.blocks.contact-form.inner-blocks.short-text-input-field">
      <metrics statements="4" coveredstatements="3" conditionals="0" coveredconditionals="0" methods="1" coveredmethods="0"/>
      <file name="block-icon.js" path="/Users/ravi/workspace/xwp/material-theme-builder-wp/assets/src/block-editor/blocks/contact-form/inner-blocks/short-text-input-field/block-icon.js">
        <metrics statements="2" coveredstatements="1" conditionals="0" coveredconditionals="0" methods="1" coveredmethods="0"/>
        <line num="6" count="158" type="stmt"/>
        <line num="7" count="0" type="stmt"/>
      </file>
      <file name="index.js" path="/Users/ravi/workspace/xwp/material-theme-builder-wp/assets/src/block-editor/blocks/contact-form/inner-blocks/short-text-input-field/index.js">
        <metrics statements="2" coveredstatements="2" conditionals="0" coveredconditionals="0" methods="0" coveredmethods="0"/>
        <line num="13" count="158" type="stmt"/>
        <line num="15" count="158" type="stmt"/>
      </file>
    </package>
    <package name="block-editor.blocks.contact-form.inner-blocks.website-input-field">
      <metrics statements="4" coveredstatements="3" conditionals="0" coveredconditionals="0" methods="1" coveredmethods="0"/>
      <file name="block-icon.js" path="/Users/ravi/workspace/xwp/material-theme-builder-wp/assets/src/block-editor/blocks/contact-form/inner-blocks/website-input-field/block-icon.js">
        <metrics statements="2" coveredstatements="1" conditionals="0" coveredconditionals="0" methods="1" coveredmethods="0"/>
        <line num="6" count="158" type="stmt"/>
        <line num="7" count="0" type="stmt"/>
      </file>
      <file name="index.js" path="/Users/ravi/workspace/xwp/material-theme-builder-wp/assets/src/block-editor/blocks/contact-form/inner-blocks/website-input-field/index.js">
        <metrics statements="2" coveredstatements="2" conditionals="0" coveredconditionals="0" methods="0" coveredmethods="0"/>
        <line num="13" count="158" type="stmt"/>
        <line num="15" count="158" type="stmt"/>
      </file>
    </package>
    <package name="block-editor.blocks.data-table">
      <metrics statements="196" coveredstatements="101" conditionals="129" coveredconditionals="64" methods="60" coveredmethods="28"/>
      <file name="edit.js" path="/Users/ravi/workspace/xwp/material-theme-builder-wp/assets/src/block-editor/blocks/data-table/edit.js">
        <metrics statements="89" coveredstatements="55" conditionals="43" coveredconditionals="31" methods="25" coveredmethods="12"/>
        <line num="57" count="158" type="stmt"/>
        <line num="75" count="158" type="stmt"/>
        <line num="76" count="252" type="cond" truecount="2" falsecount="0"/>
        <line num="77" count="156" type="stmt"/>
        <line num="80" count="96" type="stmt"/>
        <line num="81" count="96" type="cond" truecount="2" falsecount="0"/>
        <line num="82" count="96" type="stmt"/>
        <line num="87" count="96" type="stmt"/>
        <line num="90" count="192" type="stmt"/>
        <line num="93" count="432" type="stmt"/>
        <line num="99" count="432" type="stmt"/>
        <line num="106" count="432" type="stmt"/>
        <line num="116" count="432" type="stmt"/>
        <line num="117" count="432" type="cond" truecount="2" falsecount="0"/>
        <line num="118" count="36" type="stmt"/>
        <line num="119" count="396" type="cond" truecount="1" falsecount="1"/>
        <line num="120" count="0" type="stmt"/>
        <line num="123" count="432" type="stmt"/>
        <line num="147" count="158" type="stmt"/>
        <line num="148" count="204" type="stmt"/>
        <line num="149" count="204" type="stmt"/>
        <line num="150" count="204" type="stmt"/>
        <line num="151" count="204" type="stmt"/>
        <line num="158" count="204" type="stmt"/>
        <line num="164" count="48" type="stmt"/>
        <line num="165" count="48" type="stmt"/>
        <line num="172" count="204" type="stmt"/>
        <line num="173" count="864" type="stmt"/>
        <line num="174" count="6" type="stmt"/>
        <line num="182" count="204" type="cond" truecount="3" falsecount="0"/>
        <line num="191" count="204" type="stmt"/>
        <line num="192" count="12" type="stmt"/>
        <line num="194" count="12" type="stmt"/>
        <line num="207" count="204" type="stmt"/>
        <line num="208" count="168" type="cond" truecount="2" falsecount="0"/>
        <line num="209" count="60" type="stmt"/>
        <line num="212" count="108" type="stmt"/>
        <line num="218" count="204" type="stmt"/>
        <line num="219" count="0" type="stmt"/>
        <line num="225" count="204" type="stmt"/>
        <line num="226" count="0" type="stmt"/>
        <line num="234" count="204" type="stmt"/>
        <line num="235" count="0" type="cond" truecount="0" falsecount="2"/>
        <line num="236" count="0" type="stmt"/>
        <line num="241" count="0" type="stmt"/>
        <line num="246" count="0" type="stmt"/>
        <line num="249" count="0" type="stmt"/>
        <line num="254" count="0" type="stmt"/>
        <line num="262" count="204" type="stmt"/>
        <line num="263" count="0" type="cond" truecount="0" falsecount="2"/>
        <line num="264" count="0" type="stmt"/>
        <line num="267" count="0" type="stmt"/>
        <line num="269" count="0" type="stmt"/>
        <line num="270" count="0" type="stmt"/>
        <line num="281" count="204" type="stmt"/>
        <line num="282" count="0" type="stmt"/>
        <line num="288" count="204" type="stmt"/>
        <line num="289" count="0" type="stmt"/>
        <line num="295" count="204" type="stmt"/>
        <line num="296" count="0" type="cond" truecount="0" falsecount="2"/>
        <line num="297" count="0" type="stmt"/>
        <line num="300" count="0" type="stmt"/>
        <line num="302" count="0" type="stmt"/>
        <line num="303" count="0" type="stmt"/>
        <line num="311" count="204" type="cond" truecount="0" falsecount="1"/>
        <line num="312" count="0" type="cond" truecount="0" falsecount="2"/>
        <line num="313" count="0" type="stmt"/>
        <line num="316" count="0" type="stmt"/>
        <line num="318" count="0" type="stmt"/>
        <line num="319" count="0" type="stmt"/>
        <line num="329" count="204" type="stmt"/>
        <line num="330" count="0" type="stmt"/>
        <line num="336" count="204" type="stmt"/>
        <line num="337" count="0" type="stmt"/>
        <line num="343" count="204" type="stmt"/>
        <line num="344" count="0" type="cond" truecount="0" falsecount="2"/>
        <line num="345" count="0" type="stmt"/>
        <line num="348" count="0" type="stmt"/>
        <line num="350" count="0" type="stmt"/>
        <line num="351" count="0" type="stmt"/>
        <line num="354" count="204" type="stmt"/>
        <line num="363" count="204" type="stmt"/>
        <line num="364" count="168" type="stmt"/>
        <line num="404" count="204" type="cond" truecount="2" falsecount="0"/>
        <line num="405" count="36" type="stmt"/>
        <line num="446" count="168" type="stmt"/>
        <line num="461" count="0" type="stmt"/>
        <line num="541" count="552" type="stmt"/>
        <line num="543" count="552" type="stmt"/>
      </file>
      <file name="example.js" path="/Users/ravi/workspace/xwp/material-theme-builder-wp/assets/src/block-editor/blocks/data-table/example.js">
        <metrics statements="1" coveredstatements="1" conditionals="0" coveredconditionals="0" methods="0" coveredmethods="0"/>
        <line num="3" count="158" type="stmt"/>
      </file>
      <file name="hooks.js" path="/Users/ravi/workspace/xwp/material-theme-builder-wp/assets/src/block-editor/blocks/data-table/hooks.js">
        <metrics statements="22" coveredstatements="18" conditionals="14" coveredconditionals="11" methods="6" coveredmethods="5"/>
        <line num="16" count="158" type="stmt"/>
        <line num="17" count="656" type="stmt"/>
        <line num="32" count="158" type="stmt"/>
        <line num="33" count="158" type="stmt"/>
        <line num="34" count="656" type="cond" truecount="2" falsecount="0"/>
        <line num="35" count="57" type="stmt"/>
        <line num="42" count="599" type="stmt"/>
        <line num="53" count="158" type="stmt"/>
        <line num="54" count="0" type="cond" truecount="0" falsecount="2"/>
        <line num="55" count="0" type="stmt"/>
        <line num="58" count="0" type="stmt"/>
        <line num="67" count="158" type="stmt"/>
        <line num="68" count="27334" type="cond" truecount="2" falsecount="0"/>
        <line num="69" count="316" type="stmt"/>
        <line num="83" count="27334" type="stmt"/>
        <line num="86" count="158" type="stmt"/>
        <line num="92" count="158" type="stmt"/>
        <line num="99" count="158" type="stmt"/>
        <line num="101" count="158" type="stmt"/>
        <line num="102" count="158" type="stmt"/>
        <line num="106" count="158" type="cond" truecount="1" falsecount="1"/>
        <line num="110" count="0" type="stmt"/>
      </file>
      <file name="index.js" path="/Users/ravi/workspace/xwp/material-theme-builder-wp/assets/src/block-editor/blocks/data-table/index.js">
        <metrics statements="2" coveredstatements="2" conditionals="0" coveredconditionals="0" methods="0" coveredmethods="0"/>
        <line num="14" count="158" type="stmt"/>
        <line num="21" count="158" type="stmt"/>
      </file>
      <file name="save.js" path="/Users/ravi/workspace/xwp/material-theme-builder-wp/assets/src/block-editor/blocks/data-table/save.js">
        <metrics statements="18" coveredstatements="1" conditionals="17" coveredconditionals="0" methods="4" coveredmethods="0"/>
        <line num="11" count="158" type="stmt"/>
        <line num="12" count="0" type="stmt"/>
        <line num="14" count="0" type="cond" truecount="0" falsecount="3"/>
        <line num="16" count="0" type="cond" truecount="0" falsecount="2"/>
        <line num="17" count="0" type="stmt"/>
        <line num="20" count="0" type="stmt"/>
        <line num="24" count="0" type="cond" truecount="0" falsecount="2"/>
        <line num="26" count="0" type="stmt"/>
        <line num="27" count="0" type="cond" truecount="0" falsecount="2"/>
        <line num="28" count="0" type="stmt"/>
        <line num="31" count="0" type="stmt"/>
        <line num="32" count="0" type="cond" truecount="0" falsecount="2"/>
        <line num="33" count="0" type="stmt"/>
        <line num="38" count="0" type="stmt"/>
        <line num="41" count="0" type="stmt"/>
        <line num="43" count="0" type="stmt"/>
        <line num="49" count="0" type="stmt"/>
        <line num="66" count="0" type="stmt"/>
      </file>
      <file name="state.js" path="/Users/ravi/workspace/xwp/material-theme-builder-wp/assets/src/block-editor/blocks/data-table/state.js">
        <metrics statements="64" coveredstatements="24" conditionals="55" coveredconditionals="22" methods="25" coveredmethods="11"/>
        <line num="6" count="158" type="stmt"/>
        <line num="18" count="12" type="stmt"/>
        <line num="19" count="24" type="stmt"/>
        <line num="20" count="48" type="stmt"/>
        <line num="36" count="0" type="cond" truecount="0" falsecount="2"/>
        <line num="37" count="0" type="stmt"/>
        <line num="39" count="0" type="cond" truecount="0" falsecount="2"/>
        <line num="40" count="0" type="stmt"/>
        <line num="42" count="0" type="cond" truecount="0" falsecount="2"/>
        <line num="43" count="0" type="stmt"/>
        <line num="57" count="108" type="stmt"/>
        <line num="58" count="108" type="stmt"/>
        <line num="77" count="48" type="cond" truecount="1" falsecount="1"/>
        <line num="78" count="0" type="stmt"/>
        <line num="81" count="48" type="stmt"/>
        <line num="85" count="48" type="stmt"/>
        <line num="87" count="48" type="stmt"/>
        <line num="88" count="144" type="cond" truecount="4" falsecount="0"/>
        <line num="89" count="96" type="stmt"/>
        <line num="92" count="48" type="stmt"/>
        <line num="93" count="96" type="cond" truecount="2" falsecount="2"/>
        <line num="94" count="0" type="stmt"/>
        <line num="97" count="96" type="stmt"/>
        <line num="99" count="192" type="stmt"/>
        <line num="105" count="192" type="cond" truecount="2" falsecount="0"/>
        <line num="106" count="144" type="stmt"/>
        <line num="109" count="48" type="stmt"/>
        <line num="125" count="192" type="cond" truecount="3" falsecount="1"/>
        <line num="126" count="0" type="stmt"/>
        <line num="129" count="192" type="cond" truecount="1" falsecount="1"/>
        <line num="131" count="0" type="stmt"/>
        <line num="136" count="192" type="stmt"/>
        <line num="156" count="0" type="stmt"/>
        <line num="158" count="0" type="cond" truecount="0" falsecount="2"/>
        <line num="163" count="0" type="cond" truecount="0" falsecount="2"/>
        <line num="164" count="0" type="stmt"/>
        <line num="167" count="0" type="stmt"/>
        <line num="172" count="0" type="stmt"/>
        <line num="173" count="0" type="stmt"/>
        <line num="178" count="0" type="stmt"/>
        <line num="201" count="0" type="stmt"/>
        <line num="203" count="0" type="stmt"/>
        <line num="218" count="0" type="stmt"/>
        <line num="220" count="0" type="stmt"/>
        <line num="222" count="0" type="cond" truecount="0" falsecount="2"/>
        <line num="223" count="0" type="stmt"/>
        <line num="226" count="0" type="stmt"/>
        <line num="229" count="0" type="cond" truecount="0" falsecount="4"/>
        <line num="230" count="0" type="stmt"/>
        <line num="233" count="0" type="stmt"/>
        <line num="257" count="0" type="stmt"/>
        <line num="259" count="0" type="stmt"/>
        <line num="261" count="0" type="cond" truecount="0" falsecount="2"/>
        <line num="262" count="0" type="stmt"/>
        <line num="265" count="0" type="stmt"/>
        <line num="266" count="0" type="stmt"/>
        <line num="269" count="0" type="stmt"/>
        <line num="272" count="0" type="stmt"/>
        <line num="286" count="0" type="cond" truecount="0" falsecount="2"/>
        <line num="287" count="0" type="stmt"/>
        <line num="291" count="0" type="stmt"/>
        <line num="294" count="0" type="stmt"/>
        <line num="305" count="672" type="cond" truecount="3" falsecount="0"/>
        <line num="316" count="264" type="cond" truecount="2" falsecount="0"/>
      </file>
    </package>
    <package name="block-editor.blocks.hand-picked-posts">
      <metrics statements="7" coveredstatements="3" conditionals="4" coveredconditionals="0" methods="1" coveredmethods="0"/>
      <file name="edit.js" path="/Users/ravi/workspace/xwp/material-theme-builder-wp/assets/src/block-editor/blocks/hand-picked-posts/edit.js">
        <metrics statements="5" coveredstatements="1" conditionals="4" coveredconditionals="0" methods="1" coveredmethods="0"/>
        <line num="26" count="158" type="stmt"/>
        <line num="29" count="0" type="stmt"/>
        <line num="31" count="0" type="cond" truecount="0" falsecount="2"/>
        <line num="32" count="0" type="stmt"/>
        <line num="40" count="0" type="stmt"/>
      </file>
      <file name="index.js" path="/Users/ravi/workspace/xwp/material-theme-builder-wp/assets/src/block-editor/blocks/hand-picked-posts/index.js">
        <metrics statements="2" coveredstatements="2" conditionals="0" coveredconditionals="0" methods="0" coveredmethods="0"/>
        <line num="12" count="158" type="stmt"/>
        <line num="19" count="158" type="stmt"/>
      </file>
    </package>
    <package name="block-editor.blocks.hand-picked-posts.components">
      <metrics statements="10" coveredstatements="2" conditionals="1" coveredconditionals="0" methods="5" coveredmethods="0"/>
      <file name="block-controls.js" path="/Users/ravi/workspace/xwp/material-theme-builder-wp/assets/src/block-editor/blocks/hand-picked-posts/components/block-controls.js">
        <metrics statements="4" coveredstatements="1" conditionals="0" coveredconditionals="0" methods="2" coveredmethods="0"/>
        <line num="17" count="158" type="stmt"/>
        <line num="18" count="0" type="stmt"/>
        <line num="20" count="0" type="stmt"/>
        <line num="27" count="0" type="stmt"/>
      </file>
      <file name="posts-picker.js" path="/Users/ravi/workspace/xwp/material-theme-builder-wp/assets/src/block-editor/blocks/hand-picked-posts/components/posts-picker.js">
        <metrics statements="6" coveredstatements="1" conditionals="1" coveredconditionals="0" methods="3" coveredmethods="0"/>
        <line num="24" count="158" type="stmt"/>
        <line num="25" count="0" type="stmt"/>
        <line num="27" count="0" type="stmt"/>
        <line num="28" count="0" type="stmt"/>
        <line num="29" count="0" type="stmt"/>
        <line num="34" count="0" type="stmt"/>
      </file>
    </package>
    <package name="block-editor.blocks.image-list">
      <metrics statements="63" coveredstatements="9" conditionals="41" coveredconditionals="0" methods="24" coveredmethods="0"/>
      <file name="edit.js" path="/Users/ravi/workspace/xwp/material-theme-builder-wp/assets/src/block-editor/blocks/image-list/edit.js">
        <metrics statements="56" coveredstatements="4" conditionals="41" coveredconditionals="0" methods="22" coveredmethods="0"/>
        <line num="38" count="158" type="stmt"/>
        <line num="51" count="158" type="stmt"/>
        <line num="69" count="158" type="cond" truecount="0" falsecount="1"/>
        <line num="70" count="0" type="stmt"/>
        <line num="71" count="0" type="stmt"/>
        <line num="76" count="0" type="cond" truecount="0" falsecount="2"/>
        <line num="78" count="0" type="cond" truecount="0" falsecount="2"/>
        <line num="79" count="0" type="stmt"/>
        <line num="81" count="0" type="stmt"/>
        <line num="105" count="158" type="stmt"/>
        <line num="126" count="0" type="stmt"/>
        <line num="128" count="0" type="stmt"/>
        <line num="129" count="0" type="stmt"/>
        <line num="135" count="0" type="stmt"/>
        <line num="136" count="0" type="stmt"/>
        <line num="139" count="0" type="stmt"/>
        <line num="140" count="0" type="stmt"/>
        <line num="143" count="0" type="stmt"/>
        <line num="144" count="0" type="cond" truecount="0" falsecount="2"/>
        <line num="146" count="0" type="stmt"/>
        <line num="149" count="0" type="stmt"/>
        <line num="151" count="0" type="stmt"/>
        <line num="159" count="0" type="stmt"/>
        <line num="160" count="0" type="stmt"/>
        <line num="162" count="0" type="cond" truecount="0" falsecount="4"/>
        <line num="163" count="0" type="stmt"/>
        <line num="166" count="0" type="stmt"/>
        <line num="170" count="0" type="stmt"/>
        <line num="171" count="0" type="stmt"/>
        <line num="172" count="0" type="stmt"/>
        <line num="181" count="0" type="stmt"/>
        <line num="183" count="0" type="stmt"/>
        <line num="189" count="0" type="stmt"/>
        <line num="191" count="0" type="stmt"/>
        <line num="192" count="0" type="stmt"/>
        <line num="193" count="0" type="cond" truecount="0" falsecount="2"/>
        <line num="195" count="0" type="cond" truecount="0" falsecount="4"/>
        <line num="196" count="0" type="stmt"/>
        <line num="197" count="0" type="stmt"/>
        <line num="199" count="0" type="stmt"/>
        <line num="211" count="0" type="stmt"/>
        <line num="212" count="0" type="stmt"/>
        <line num="213" count="0" type="stmt"/>
        <line num="215" count="0" type="cond" truecount="0" falsecount="2"/>
        <line num="216" count="0" type="stmt"/>
        <line num="217" count="0" type="stmt"/>
        <line num="226" count="0" type="stmt"/>
        <line num="227" count="0" type="stmt"/>
        <line num="228" count="0" type="stmt"/>
        <line num="231" count="0" type="stmt"/>
        <line num="233" count="0" type="cond" truecount="0" falsecount="2"/>
        <line num="234" count="0" type="stmt"/>
        <line num="250" count="0" type="stmt"/>
        <line num="310" count="0" type="stmt"/>
        <line num="315" count="0" type="stmt"/>
        <line num="325" count="0" type="stmt"/>
      </file>
      <file name="example.js" path="/Users/ravi/workspace/xwp/material-theme-builder-wp/assets/src/block-editor/blocks/image-list/example.js">
        <metrics statements="1" coveredstatements="1" conditionals="0" coveredconditionals="0" methods="0" coveredmethods="0"/>
        <line num="3" count="158" type="stmt"/>
      </file>
      <file name="index.js" path="/Users/ravi/workspace/xwp/material-theme-builder-wp/assets/src/block-editor/blocks/image-list/index.js">
        <metrics statements="2" coveredstatements="2" conditionals="0" coveredconditionals="0" methods="0" coveredmethods="0"/>
        <line num="15" count="158" type="stmt"/>
        <line num="22" count="158" type="stmt"/>
      </file>
      <file name="save.js" path="/Users/ravi/workspace/xwp/material-theme-builder-wp/assets/src/block-editor/blocks/image-list/save.js">
        <metrics statements="2" coveredstatements="1" conditionals="0" coveredconditionals="0" methods="1" coveredmethods="0"/>
        <line num="24" count="158" type="stmt"/>
        <line num="38" count="0" type="stmt"/>
      </file>
      <file name="transforms.js" path="/Users/ravi/workspace/xwp/material-theme-builder-wp/assets/src/block-editor/blocks/image-list/transforms.js">
        <metrics statements="2" coveredstatements="1" conditionals="0" coveredconditionals="0" methods="1" coveredmethods="0"/>
        <line num="3" count="158" type="stmt"/>
        <line num="9" count="0" type="stmt"/>
      </file>
    </package>
    <package name="block-editor.blocks.image-list.components">
      <metrics statements="44" coveredstatements="2" conditionals="34" coveredconditionals="0" methods="10" coveredmethods="0"/>
      <file name="gallery.js" path="/Users/ravi/workspace/xwp/material-theme-builder-wp/assets/src/block-editor/blocks/image-list/components/gallery.js">
        <metrics statements="41" coveredstatements="1" conditionals="32" coveredconditionals="0" methods="9" coveredmethods="0"/>
        <line num="39" count="158" type="stmt"/>
        <line num="55" count="0" type="cond" truecount="0" falsecount="2"/>
        <line num="56" count="0" type="stmt"/>
        <line num="57" count="0" type="stmt"/>
        <line num="58" count="0" type="stmt"/>
        <line num="59" count="0" type="stmt"/>
        <line num="60" count="0" type="stmt"/>
        <line num="61" count="0" type="stmt"/>
        <line num="64" count="0" type="cond" truecount="0" falsecount="2"/>
        <line num="65" count="0" type="cond" truecount="0" falsecount="2"/>
        <line num="66" count="0" type="stmt"/>
        <line num="71" count="0" type="stmt"/>
        <line num="75" count="0" type="stmt"/>
        <line num="81" count="0" type="stmt"/>
        <line num="93" count="0" type="stmt"/>
        <line num="94" count="0" type="stmt"/>
        <line num="96" count="0" type="cond" truecount="0" falsecount="4"/>
        <line num="98" count="0" type="stmt"/>
        <line num="99" count="0" type="stmt"/>
        <line num="100" count="0" type="stmt"/>
        <line num="102" count="0" type="stmt"/>
        <line num="103" count="0" type="stmt"/>
        <line num="104" count="0" type="stmt"/>
        <line num="107" count="0" type="stmt"/>
        <line num="108" count="0" type="stmt"/>
        <line num="109" count="0" type="stmt"/>
        <line num="113" count="0" type="cond" truecount="0" falsecount="4"/>
        <line num="114" count="0" type="stmt"/>
        <line num="117" count="0" type="stmt"/>
        <line num="126" count="0" type="stmt"/>
        <line num="128" count="0" type="cond" truecount="0" falsecount="2"/>
        <line num="129" count="0" type="stmt"/>
        <line num="132" count="0" type="cond" truecount="0" falsecount="4"/>
        <line num="133" count="0" type="stmt"/>
        <line num="136" count="0" type="stmt"/>
        <line num="142" count="0" type="stmt"/>
        <line num="143" count="0" type="stmt"/>
        <line num="184" count="0" type="stmt"/>
        <line num="190" count="0" type="stmt"/>
        <line num="199" count="0" type="stmt"/>
        <line num="210" count="0" type="stmt"/>
      </file>
      <file name="image.js" path="/Users/ravi/workspace/xwp/material-theme-builder-wp/assets/src/block-editor/blocks/image-list/components/image.js">
        <metrics statements="3" coveredstatements="1" conditionals="2" coveredconditionals="0" methods="1" coveredmethods="0"/>
        <line num="14" count="158" type="stmt"/>
        <line num="15" count="0" type="cond" truecount="0" falsecount="2"/>
        <line num="16" count="0" type="stmt"/>
      </file>
    </package>
    <package name="block-editor.blocks.list">
      <metrics statements="80" coveredstatements="57" conditionals="46" coveredconditionals="21" methods="18" coveredmethods="11"/>
      <file name="edit.js" path="/Users/ravi/workspace/xwp/material-theme-builder-wp/assets/src/block-editor/blocks/list/edit.js">
        <metrics statements="64" coveredstatements="49" conditionals="32" coveredconditionals="21" methods="14" coveredmethods="11"/>
        <line num="29" count="158" type="stmt"/>
        <line num="35" count="550" type="stmt"/>
        <line num="36" count="165" type="cond" truecount="2" falsecount="0"/>
        <line num="37" count="30" type="stmt"/>
        <line num="49" count="550" type="stmt"/>
        <line num="55" count="550" type="stmt"/>
        <line num="56" count="550" type="stmt"/>
        <line num="64" count="550" type="cond" truecount="0" falsecount="1"/>
        <line num="65" count="15" type="stmt"/>
        <line num="66" count="15" type="stmt"/>
        <line num="72" count="15" type="cond" truecount="1" falsecount="1"/>
        <line num="73" count="15" type="stmt"/>
        <line num="75" count="0" type="stmt"/>
        <line num="78" count="15" type="stmt"/>
        <line num="79" count="15" type="stmt"/>
        <line num="89" count="550" type="cond" truecount="0" falsecount="1"/>
        <line num="90" count="5" type="cond" truecount="1" falsecount="1"/>
        <line num="91" count="0" type="stmt"/>
        <line num="94" count="5" type="stmt"/>
        <line num="95" count="5" type="stmt"/>
        <line num="96" count="5" type="stmt"/>
        <line num="97" count="5" type="stmt"/>
        <line num="99" count="5" type="cond" truecount="1" falsecount="1"/>
        <line num="100" count="5" type="stmt"/>
        <line num="101" count="5" type="stmt"/>
        <line num="103" count="0" type="stmt"/>
        <line num="104" count="0" type="stmt"/>
        <line num="107" count="5" type="stmt"/>
        <line num="108" count="5" type="stmt"/>
        <line num="117" count="550" type="stmt"/>
        <line num="118" count="40" type="stmt"/>
        <line num="119" count="40" type="cond" truecount="1" falsecount="1"/>
        <line num="120" count="40" type="stmt"/>
        <line num="122" count="40" type="stmt"/>
        <line num="123" count="40" type="stmt"/>
        <line num="132" count="550" type="stmt"/>
        <line num="133" count="165" type="cond" truecount="1" falsecount="1"/>
        <line num="134" count="0" type="stmt"/>
        <line num="137" count="165" type="stmt"/>
        <line num="138" count="165" type="stmt"/>
        <line num="147" count="550" type="stmt"/>
        <line num="148" count="240" type="cond" truecount="1" falsecount="1"/>
        <line num="149" count="0" type="stmt"/>
        <line num="152" count="240" type="stmt"/>
        <line num="153" count="240" type="stmt"/>
        <line num="162" count="550" type="stmt"/>
        <line num="170" count="550" type="cond" truecount="1" falsecount="0"/>
        <line num="171" count="230" type="stmt"/>
        <line num="178" count="550" type="stmt"/>
        <line num="179" count="0" type="stmt"/>
        <line num="180" count="0" type="stmt"/>
        <line num="181" count="0" type="stmt"/>
        <line num="189" count="550" type="stmt"/>
        <line num="190" count="0" type="stmt"/>
        <line num="191" count="0" type="stmt"/>
        <line num="192" count="0" type="stmt"/>
        <line num="200" count="550" type="stmt"/>
        <line num="201" count="0" type="stmt"/>
        <line num="202" count="0" type="cond" truecount="0" falsecount="2"/>
        <line num="203" count="0" type="stmt"/>
        <line num="209" count="550" type="stmt"/>
        <line num="210" count="1650" type="cond" truecount="2" falsecount="0"/>
        <line num="213" count="550" type="stmt"/>
        <line num="226" count="1060" type="stmt"/>
      </file>
      <file name="example.js" path="/Users/ravi/workspace/xwp/material-theme-builder-wp/assets/src/block-editor/blocks/list/example.js">
        <metrics statements="1" coveredstatements="1" conditionals="0" coveredconditionals="0" methods="0" coveredmethods="0"/>
        <line num="3" count="158" type="stmt"/>
      </file>
      <file name="index.js" path="/Users/ravi/workspace/xwp/material-theme-builder-wp/assets/src/block-editor/blocks/list/index.js">
        <metrics statements="2" coveredstatements="2" conditionals="0" coveredconditionals="0" methods="0" coveredmethods="0"/>
        <line num="16" count="158" type="stmt"/>
        <line num="20" count="158" type="stmt"/>
      </file>
      <file name="options.js" path="/Users/ravi/workspace/xwp/material-theme-builder-wp/assets/src/block-editor/blocks/list/options.js">
        <metrics statements="3" coveredstatements="3" conditionals="0" coveredconditionals="0" methods="0" coveredmethods="0"/>
        <line num="4" count="158" type="stmt"/>
        <line num="17" count="158" type="stmt"/>
        <line num="32" count="158" type="stmt"/>
      </file>
      <file name="save.js" path="/Users/ravi/workspace/xwp/material-theme-builder-wp/assets/src/block-editor/blocks/list/save.js">
[...]
        <metrics statements="21" coveredstatements="0" conditionals="20" coveredconditionals="0" methods="6" coveredmethods="0"/>
        <line num="12" count="0" type="stmt"/>
        <line num="13" count="0" type="stmt"/>
        <line num="14" count="0" type="stmt"/>
        <line num="16" count="0" type="stmt"/>
        <line num="17" count="0" type="stmt"/>
        <line num="25" count="0" type="stmt"/>
        <line num="26" count="0" type="stmt"/>
        <line num="32" count="0" type="stmt"/>
        <line num="33" count="0" type="stmt"/>
        <line num="34" count="0" type="stmt"/>
        <line num="40" count="0" type="stmt"/>
        <line num="41" count="0" type="stmt"/>
        <line num="42" count="0" type="stmt"/>
        <line num="45" count="0" type="stmt"/>
        <line num="46" count="0" type="cond" truecount="0" falsecount="2"/>
        <line num="47" count="0" type="stmt"/>
        <line num="50" count="0" type="cond" truecount="0" falsecount="2"/>
        <line num="54" count="0" type="stmt"/>
        <line num="59" count="0" type="cond" truecount="0" falsecount="2"/>
        <line num="60" count="0" type="stmt"/>
        <line num="66" count="0" type="stmt"/>
      </file>
      <file name="theme.js" path="/Users/ravi/workspace/xwp/material-theme-builder-wp/assets/src/getting-started/components/content/theme.js">
        <metrics statements="13" coveredstatements="0" conditionals="8" coveredconditionals="0" methods="2" coveredmethods="0"/>
        <line num="8" count="0" type="stmt"/>
        <line num="9" count="0" type="stmt"/>
        <line num="10" count="0" type="stmt"/>
        <line num="11" count="0" type="cond" truecount="0" falsecount="2"/>
        <line num="12" count="0" type="stmt"/>
        <line num="13" count="0" type="stmt"/>
        <line num="15" count="0" type="cond" truecount="0" falsecount="2"/>
        <line num="19" count="0" type="stmt"/>
        <line num="20" count="0" type="cond" truecount="0" falsecount="2"/>
        <line num="21" count="0" type="stmt"/>
        <line num="24" count="0" type="cond" truecount="0" falsecount="2"/>
        <line num="25" count="0" type="stmt"/>
        <line num="29" count="0" type="stmt"/>
      </file>
      <file name="wizard.js" path="/Users/ravi/workspace/xwp/material-theme-builder-wp/assets/src/getting-started/components/content/wizard.js">
        <metrics statements="2" coveredstatements="0" conditionals="0" coveredconditionals="0" methods="1" coveredmethods="0"/>
        <line num="6" count="0" type="stmt"/>
        <line num="7" count="0" type="stmt"/>
      </file>
    </package>
    <package name="getting-started.components.navigation">
      <metrics statements="23" coveredstatements="0" conditionals="6" coveredconditionals="0" methods="5" coveredmethods="0"/>
      <file name="index.js" path="/Users/ravi/workspace/xwp/material-theme-builder-wp/assets/src/getting-started/components/navigation/index.js">
        <metrics statements="14" coveredstatements="0" conditionals="4" coveredconditionals="0" methods="3" coveredmethods="0"/>
        <line num="8" count="0" type="stmt"/>
        <line num="9" count="0" type="stmt"/>
        <line num="11" count="0" type="stmt"/>
        <line num="13" count="0" type="cond" truecount="0" falsecount="2"/>
        <line num="14" count="0" type="stmt"/>
        <line num="15" count="0" type="stmt"/>
        <line num="16" count="0" type="stmt"/>
        <line num="20" count="0" type="stmt"/>
        <line num="23" count="0" type="cond" truecount="0" falsecount="2"/>
        <line num="24" count="0" type="stmt"/>
        <line num="25" count="0" type="stmt"/>
        <line num="26" count="0" type="stmt"/>
        <line num="35" count="0" type="stmt"/>
        <line num="44" count="0" type="stmt"/>
      </file>
      <file name="tab.js" path="/Users/ravi/workspace/xwp/material-theme-builder-wp/assets/src/getting-started/components/navigation/tab.js">
        <metrics statements="9" coveredstatements="0" conditionals="2" coveredconditionals="0" methods="2" coveredmethods="0"/>
        <line num="6" count="0" type="stmt"/>
        <line num="7" count="0" type="stmt"/>
        <line num="8" count="0" type="stmt"/>
        <line num="9" count="0" type="stmt"/>
        <line num="10" count="0" type="stmt"/>
        <line num="11" count="0" type="cond" truecount="0" falsecount="2"/>
        <line num="13" count="0" type="stmt"/>
        <line num="14" count="0" type="stmt"/>
        <line num="17" count="0" type="stmt"/>
      </file>
    </package>
    <package name="wizard">
      <metrics statements="63" coveredstatements="0" conditionals="22" coveredconditionals="0" methods="17" coveredmethods="0"/>
      <file name="constants.js" path="/Users/ravi/workspace/xwp/material-theme-builder-wp/assets/src/wizard/constants.js">
        <metrics statements="4" coveredstatements="0" conditionals="0" coveredconditionals="0" methods="0" coveredmethods="0"/>
        <line num="4" count="0" type="stmt"/>
        <line num="14" count="0" type="stmt"/>
        <line num="23" count="0" type="stmt"/>
        <line num="34" count="0" type="stmt"/>
      </file>
      <file name="context.js" path="/Users/ravi/workspace/xwp/material-theme-builder-wp/assets/src/wizard/context.js">
        <metrics statements="6" coveredstatements="0" conditionals="0" coveredconditionals="0" methods="1" coveredmethods="0"/>
        <line num="9" count="0" type="stmt"/>
        <line num="11" count="0" type="stmt"/>
        <line num="17" count="0" type="stmt"/>
        <line num="30" count="0" type="stmt"/>
        <line num="31" count="0" type="stmt"/>
        <line num="33" count="0" type="stmt"/>
      </file>
      <file name="index.js" path="/Users/ravi/workspace/xwp/material-theme-builder-wp/assets/src/wizard/index.js">
        <metrics statements="1" coveredstatements="0" conditionals="0" coveredconditionals="0" methods="0" coveredmethods="0"/>
        <line num="5" count="0" type="stmt"/>
      </file>
      <file name="reducer.js" path="/Users/ravi/workspace/xwp/material-theme-builder-wp/assets/src/wizard/reducer.js">
        <metrics statements="26" coveredstatements="0" conditionals="14" coveredconditionals="0" methods="3" coveredmethods="0"/>
        <line num="10" count="0" type="stmt"/>
        <line num="11" count="0" type="stmt"/>
        <line num="12" count="0" type="stmt"/>
        <line num="13" count="0" type="stmt"/>
        <line num="15" count="0" type="cond" truecount="0" falsecount="2"/>
        <line num="16" count="0" type="stmt"/>
        <line num="18" count="0" type="cond" truecount="0" falsecount="2"/>
        <line num="19" count="0" type="stmt"/>
        <line num="22" count="0" type="stmt"/>
        <line num="30" count="0" type="cond" truecount="0" falsecount="2"/>
        <line num="31" count="0" type="stmt"/>
        <line num="32" count="0" type="stmt"/>
        <line num="33" count="0" type="stmt"/>
        <line num="35" count="0" type="stmt"/>
        <line num="37" count="0" type="stmt"/>
        <line num="41" count="0" type="stmt"/>
        <line num="43" count="0" type="stmt"/>
        <line num="46" count="0" type="cond" truecount="0" falsecount="2"/>
        <line num="47" count="0" type="cond" truecount="0" falsecount="2"/>
        <line num="48" count="0" type="stmt"/>
        <line num="51" count="0" type="stmt"/>
        <line num="54" count="0" type="cond" truecount="0" falsecount="2"/>
        <line num="55" count="0" type="stmt"/>
        <line num="58" count="0" type="cond" truecount="0" falsecount="2"/>
        <line num="59" count="0" type="stmt"/>
        <line num="62" count="0" type="stmt"/>
      </file>
      <file name="utils.js" path="/Users/ravi/workspace/xwp/material-theme-builder-wp/assets/src/wizard/utils.js">
        <metrics statements="26" coveredstatements="0" conditionals="8" coveredconditionals="0" methods="13" coveredmethods="0"/>
        <line num="11" count="0" type="stmt"/>
        <line num="12" count="0" type="stmt"/>
        <line num="13" count="0" type="cond" truecount="0" falsecount="2"/>
        <line num="14" count="0" type="stmt"/>
        <line num="15" count="0" type="stmt"/>
        <line num="19" count="0" type="stmt"/>
        <line num="24" count="0" type="stmt"/>
        <line num="25" count="0" type="stmt"/>
        <line num="26" count="0" type="stmt"/>
        <line num="28" count="0" type="cond" truecount="0" falsecount="2"/>
        <line num="29" count="0" type="stmt"/>
        <line num="32" count="0" type="cond" truecount="0" falsecount="2"/>
        <line num="33" count="0" type="stmt"/>
        <line num="34" count="0" type="stmt"/>
        <line num="36" count="0" type="stmt"/>
        <line num="38" count="0" type="stmt"/>
        <line num="41" count="0" type="stmt"/>
        <line num="49" count="0" type="stmt"/>
        <line num="50" count="0" type="stmt"/>
        <line num="55" count="0" type="stmt"/>
        <line num="56" count="0" type="stmt"/>
        <line num="57" count="0" type="stmt"/>
        <line num="59" count="0" type="cond" truecount="0" falsecount="2"/>
        <line num="60" count="0" type="stmt"/>
        <line num="62" count="0" type="stmt"/>
        <line num="65" count="0" type="stmt"/>
      </file>
    </package>
    <package name="wizard.components">
      <metrics statements="2" coveredstatements="0" conditionals="0" coveredconditionals="0" methods="1" coveredmethods="0"/>
      <file name="index.js" path="/Users/ravi/workspace/xwp/material-theme-builder-wp/assets/src/wizard/components/index.js">
        <metrics statements="2" coveredstatements="0" conditionals="0" coveredconditionals="0" methods="1" coveredmethods="0"/>
        <line num="10" count="0" type="stmt"/>
        <line num="11" count="0" type="stmt"/>
      </file>
    </package>
    <package name="wizard.components.content">
      <metrics statements="41" coveredstatements="0" conditionals="36" coveredconditionals="0" methods="12" coveredmethods="0"/>
      <file name="addons.js" path="/Users/ravi/workspace/xwp/material-theme-builder-wp/assets/src/wizard/components/content/addons.js">
        <metrics statements="2" coveredstatements="0" conditionals="0" coveredconditionals="0" methods="1" coveredmethods="0"/>
        <line num="10" count="0" type="stmt"/>
        <line num="11" count="0" type="stmt"/>
      </file>
      <file name="card.js" path="/Users/ravi/workspace/xwp/material-theme-builder-wp/assets/src/wizard/components/content/card.js">
        <metrics statements="8" coveredstatements="0" conditionals="10" coveredconditionals="0" methods="1" coveredmethods="0"/>
        <line num="11" count="0" type="stmt"/>
        <line num="12" count="0" type="cond" truecount="0" falsecount="2"/>
        <line num="13" count="0" type="stmt"/>
        <line num="14" count="0" type="cond" truecount="0" falsecount="2"/>
        <line num="16" count="0" type="cond" truecount="0" falsecount="2"/>
        <line num="18" count="0" type="cond" truecount="0" falsecount="2"/>
        <line num="19" count="0" type="stmt"/>
        <line num="22" count="0" type="stmt"/>
      </file>
      <file name="index.js" path="/Users/ravi/workspace/xwp/material-theme-builder-wp/assets/src/wizard/components/content/index.js">
        <metrics statements="23" coveredstatements="0" conditionals="24" coveredconditionals="0" methods="6" coveredmethods="0"/>
        <line num="13" count="0" type="stmt"/>
        <line num="14" count="0" type="stmt"/>
        <line num="15" count="0" type="stmt"/>
        <line num="22" count="0" type="stmt"/>
        <line num="23" count="0" type="stmt"/>
        <line num="24" count="0" type="stmt"/>
        <line num="30" count="0" type="stmt"/>
        <line num="31" count="0" type="stmt"/>
        <line num="32" count="0" type="stmt"/>
        <line num="40" count="0" type="stmt"/>
        <line num="41" count="0" type="cond" truecount="0" falsecount="2"/>
        <line num="42" count="0" type="stmt"/>
        <line num="45" count="0" type="cond" truecount="0" falsecount="2"/>
        <line num="49" count="0" type="stmt"/>
        <line num="54" count="0" type="cond" truecount="0" falsecount="2"/>
        <line num="58" count="0" type="stmt"/>
        <line num="63" count="0" type="cond" truecount="0" falsecount="2"/>
        <line num="67" count="0" type="stmt"/>
        <line num="69" count="0" type="stmt"/>
        <line num="77" count="0" type="stmt"/>
        <line num="78" count="0" type="cond" truecount="0" falsecount="2"/>
        <line num="79" count="0" type="stmt"/>
        <line num="83" count="0" type="stmt"/>
      </file>
      <file name="switch.js" path="/Users/ravi/workspace/xwp/material-theme-builder-wp/assets/src/wizard/components/content/switch.js">
        <metrics statements="4" coveredstatements="0" conditionals="2" coveredconditionals="0" methods="2" coveredmethods="0"/>
        <line num="14" count="0" type="stmt"/>
        <line num="15" count="0" type="stmt"/>
        <line num="17" count="0" type="stmt"/>
        <line num="39" count="0" type="stmt"/>
      </file>
      <file name="welcome.js" path="/Users/ravi/workspace/xwp/material-theme-builder-wp/assets/src/wizard/components/content/welcome.js">
        <metrics statements="2" coveredstatements="0" conditionals="0" coveredconditionals="0" methods="1" coveredmethods="0"/>
        <line num="9" count="0" type="stmt"/>
        <line num="10" count="0" type="stmt"/>
      </file>
      <file name="work.js" path="/Users/ravi/workspace/xwp/material-theme-builder-wp/assets/src/wizard/components/content/work.js">
        <metrics statements="2" coveredstatements="0" conditionals="0" coveredconditionals="0" methods="1" coveredmethods="0"/>
        <line num="9" count="0" type="stmt"/>
        <line num="10" count="0" type="stmt"/>
      </file>
    </package>
    <package name="wizard.components.header">
      <metrics statements="2" coveredstatements="0" conditionals="0" coveredconditionals="0" methods="1" coveredmethods="0"/>
      <file name="index.js" path="/Users/ravi/workspace/xwp/material-theme-builder-wp/assets/src/wizard/components/header/index.js">
        <metrics statements="2" coveredstatements="0" conditionals="0" coveredconditionals="0" methods="1" coveredmethods="0"/>
        <line num="8" count="0" type="stmt"/>
        <line num="9" count="0" type="stmt"/>
      </file>
    </package>
    <package name="wizard.components.navigation">
      <metrics statements="35" coveredstatements="0" conditionals="34" coveredconditionals="0" methods="8" coveredmethods="0"/>
      <file name="button.js" path="/Users/ravi/workspace/xwp/material-theme-builder-wp/assets/src/wizard/components/navigation/button.js">
        <metrics statements="11" coveredstatements="0" conditionals="20" coveredconditionals="0" methods="2" coveredmethods="0"/>
        <line num="9" count="0" type="stmt"/>
        <line num="10" count="0" type="cond" truecount="0" falsecount="2"/>
        <line num="11" count="0" type="stmt"/>
        <line num="22" count="0" type="stmt"/>
        <line num="23" count="0" type="cond" truecount="0" falsecount="2"/>
        <line num="24" count="0" type="cond" truecount="0" falsecount="2"/>
        <line num="25" count="0" type="cond" truecount="0" falsecount="2"/>
        <line num="27" count="0" type="stmt"/>
        <line num="63" count="0" type="stmt"/>
        <line num="64" count="0" type="stmt"/>
        <line num="66" count="0" type="stmt"/>
      </file>
      <file name="index.js" path="/Users/ravi/workspace/xwp/material-theme-builder-wp/assets/src/wizard/components/navigation/index.js">
        <metrics statements="18" coveredstatements="0" conditionals="14" coveredconditionals="0" methods="4" coveredmethods="0"/>
        <line num="11" count="0" type="stmt"/>
        <line num="12" count="0" type="stmt"/>
        <line num="13" count="0" type="stmt"/>
        <line num="14" count="0" type="stmt"/>
        <line num="15" count="0" type="stmt"/>
        <line num="17" count="0" type="stmt"/>
        <line num="18" count="0" type="cond" truecount="0" falsecount="2"/>
        <line num="21" count="0" type="cond" truecount="0" falsecount="2"/>
        <line num="22" count="0" type="cond" truecount="0" falsecount="2"/>
        <line num="23" count="0" type="stmt"/>
        <line num="25" count="0" type="stmt"/>
        <line num="26" count="0" type="stmt"/>
        <line num="30" count="0" type="cond" truecount="0" falsecount="2"/>
        <line num="31" count="0" type="stmt"/>
        <line num="32" count="0" type="stmt"/>
        <line num="36" count="0" type="stmt"/>
        <line num="53" count="0" type="stmt"/>
        <line num="64" count="0" type="stmt"/>
      </file>
      <file name="loader.js" path="/Users/ravi/workspace/xwp/material-theme-builder-wp/assets/src/wizard/components/navigation/loader.js">
        <metrics statements="6" coveredstatements="0" conditionals="0" coveredconditionals="0" methods="2" coveredmethods="0"/>
        <line num="4" count="0" type="stmt"/>
        <line num="5" count="0" type="stmt"/>
        <line num="6" count="0" type="stmt"/>
        <line num="8" count="0" type="stmt"/>
        <line num="9" count="0" type="stmt"/>
        <line num="13" count="0" type="stmt"/>
      </file>
    </package>
    <package name="wizard.components.notice">
      <metrics statements="2" coveredstatements="0" conditionals="0" coveredconditionals="0" methods="1" coveredmethods="0"/>
      <file name="index.js" path="/Users/ravi/workspace/xwp/material-theme-builder-wp/assets/src/wizard/components/notice/index.js">
        <metrics statements="2" coveredstatements="0" conditionals="0" coveredconditionals="0" methods="1" coveredmethods="0"/>
        <line num="8" count="0" type="stmt"/>
        <line num="9" count="0" type="stmt"/>
      </file>
    </package>
    <package name="wizard.components.progress-bar">
      <metrics statements="14" coveredstatements="0" conditionals="4" coveredconditionals="0" methods="3" coveredmethods="0"/>
      <file name="index.js" path="/Users/ravi/workspace/xwp/material-theme-builder-wp/assets/src/wizard/components/progress-bar/index.js">
        <metrics statements="4" coveredstatements="0" conditionals="0" coveredconditionals="0" methods="2" coveredmethods="0"/>
        <line num="8" count="0" type="stmt"/>
        <line num="9" count="0" type="stmt"/>
        <line num="11" count="0" type="stmt"/>
        <line num="14" count="0" type="stmt"/>
      </file>
      <file name="step.js" path="/Users/ravi/workspace/xwp/material-theme-builder-wp/assets/src/wizard/components/progress-bar/step.js">
        <metrics statements="10" coveredstatements="0" conditionals="4" coveredconditionals="0" methods="1" coveredmethods="0"/>
        <line num="10" count="0" type="stmt"/>
        <line num="11" count="0" type="stmt"/>
        <line num="12" count="0" type="stmt"/>
        <line num="13" count="0" type="stmt"/>
        <line num="14" count="0" type="stmt"/>
        <line num="16" count="0" type="cond" truecount="0" falsecount="2"/>
        <line num="17" count="0" type="stmt"/>
        <line num="18" count="0" type="cond" truecount="0" falsecount="2"/>
        <line num="19" count="0" type="stmt"/>
        <line num="22" count="0" type="stmt"/>
      </file>
    </package>
    <package name="wizard.components.svg">
      <metrics statements="2" coveredstatements="0" conditionals="0" coveredconditionals="0" methods="1" coveredmethods="0"/>
      <file name="logo.js" path="/Users/ravi/workspace/xwp/material-theme-builder-wp/assets/src/wizard/components/svg/logo.js">
        <metrics statements="2" coveredstatements="0" conditionals="0" coveredconditionals="0" methods="1" coveredmethods="0"/>
        <line num="4" count="0" type="stmt"/>
        <line num="5" count="0" type="stmt"/>
      </file>
    </package>
  </project>
</coverage>
