{"/Users/ravi/workspace/xwp/material-theme-builder-wp/assets/src/block-editor/constants.js": {"data":{"path":"/Users/ravi/workspace/xwp/material-theme-builder-wp/assets/src/block-editor/constants.js","statementMap":{"0":{"start":{"line":1,"column":18},"end":{"line":1,"column":26}},"1":{"start":{"line":2,"column":25},"end":{"line":5,"column":1}}},"fnMap":{},"branchMap":{},"s":{"0":158,"1":158},"f":{},"b":{},"_coverageSchema":"1a1c01bbd47fc00a2c39e90264f33305004495a9","hash":"c7af6b10fdb8622680b70553d600e51b0576d447"}}
,"/Users/ravi/workspace/xwp/material-theme-builder-wp/assets/src/block-editor/blocks/button/edit.js": {"data":{"path":"/Users/ravi/workspace/xwp/material-theme-builder-wp/assets/src/block-editor/blocks/button/edit.js","statementMap":{"0":{"start":{"line":39,"column":18},"end":{"line":95,"column":1}},"1":{"start":{"line":50,"column":1},"end":{"line":59,"column":2}},"2":{"start":{"line":51,"column":2},"end":{"line":58,"column":4}},"3":{"start":{"line":61,"column":1},"end":{"line":94,"column":3}},"4":{"start":{"line":100,"column":19},"end":{"line":312,"column":1}},"5":{"start":{"line":120,"column":16},"end":{"line":120,"column":56}},"6":{"start":{"line":122,"column":1},"end":{"line":126,"column":44}},"7":{"start":{"line":123,"column":2},"end":{"line":125,"column":3}},"8":{"start":{"line":124,"column":3},"end":{"line":124,"column":53}},"9":{"start":{"line":128,"column":1},"end":{"line":132,"column":40}},"10":{"start":{"line":129,"column":2},"end":{"line":131,"column":3}},"11":{"start":{"line":130,"column":3},"end":{"line":130,"column":39}},"12":{"start":{"line":139,"column":30},"end":{"line":153,"column":2}},"13":{"start":{"line":140,"column":24},"end":{"line":140,"column":45}},"14":{"start":{"line":142,"column":19},"end":{"line":142,"column":22}},"15":{"start":{"line":143,"column":2},"end":{"line":147,"column":3}},"16":{"start":{"line":144,"column":3},"end":{"line":144,"column":38}},"17":{"start":{"line":145,"column":9},"end":{"line":147,"column":3}},"18":{"start":{"line":146,"column":3},"end":{"line":146,"column":19}},"19":{"start":{"line":149,"column":2},"end":{"line":152,"column":6}},"20":{"start":{"line":160,"column":20},"end":{"line":166,"column":2}},"21":{"start":{"line":161,"column":2},"end":{"line":163,"column":3}},"22":{"start":{"line":162,"column":3},"end":{"line":162,"column":63}},"23":{"start":{"line":165,"column":2},"end":{"line":165,"column":37}},"24":{"start":{"line":168,"column":1},"end":{"line":311,"column":3}},"25":{"start":{"line":315,"column":40},"end":{"line":315,"column":69}},"26":{"start":{"line":317,"column":1},"end":{"line":320,"column":3}}},"fnMap":{"0":{"name":"(anonymous_0)","decl":{"start":{"line":39,"column":18},"end":{"line":39,"column":19}},"loc":{"start":{"line":49,"column":7},"end":{"line":95,"column":1}},"line":49},"1":{"name":"(anonymous_1)","decl":{"start":{"line":100,"column":19},"end":{"line":100,"column":20}},"loc":{"start":{"line":119,"column":7},"end":{"line":312,"column":1}},"line":119},"2":{"name":"(anonymous_2)","decl":{"start":{"line":122,"column":12},"end":{"line":122,"column":13}},"loc":{"start":{"line":122,"column":18},"end":{"line":126,"column":2}},"line":122},"3":{"name":"(anonymous_3)","decl":{"start":{"line":128,"column":12},"end":{"line":128,"column":13}},"loc":{"start":{"line":128,"column":18},"end":{"line":132,"column":2}},"line":128},"4":{"name":"(anonymous_4)","decl":{"start":{"line":139,"column":30},"end":{"line":139,"column":31}},"loc":{"start":{"line":139,"column":39},"end":{"line":153,"column":2}},"line":139},"5":{"name":"(anonymous_5)","decl":{"start":{"line":160,"column":20},"end":{"line":160,"column":21}},"loc":{"start":{"line":160,"column":31},"end":{"line":166,"column":2}},"line":160},"6":{"name":"(anonymous_6)","decl":{"start":{"line":314,"column":27},"end":{"line":314,"column":28}},"loc":{"start":{"line":314,"column":55},"end":{"line":321,"column":1}},"line":314}},"branchMap":{"0":{"loc":{"start":{"line":50,"column":1},"end":{"line":59,"column":2}},"type":"if","locations":[{"start":{"line":50,"column":1},"end":{"line":59,"column":2}},{"start":{"line":50,"column":1},"end":{"line":59,"column":2}}],"line":50},"1":{"loc":{"start":{"line":54,"column":19},"end":{"line":54,"column":56}},"type":"cond-expr","locations":[{"start":{"line":54,"column":31},"end":{"line":54,"column":51}},{"start":{"line":54,"column":54},"end":{"line":54,"column":56}}],"line":54},"2":{"loc":{"start":{"line":64,"column":9},"end":{"line":64,"column":69}},"type":"cond-expr","locations":[{"start":{"line":64,"column":45},"end":{"line":64,"column":64}},{"start":{"line":64,"column":67},"end":{"line":64,"column":69}}],"line":64},"3":{"loc":{"start":{"line":64,"column":9},"end":{"line":64,"column":42}},"type":"binary-expr","locations":[{"start":{"line":64,"column":9},"end":{"line":64,"column":24}},{"start":{"line":64,"column":28},"end":{"line":64,"column":42}}],"line":64},"4":{"loc":{"start":{"line":65,"column":9},"end":{"line":65,"column":46}},"type":"cond-expr","locations":[{"start":{"line":65,"column":21},"end":{"line":65,"column":41}},{"start":{"line":65,"column":44},"end":{"line":65,"column":46}}],"line":65},"5":{"loc":{"start":{"line":66,"column":9},"end":{"line":68,"column":9}},"type":"cond-expr","locations":[{"start":{"line":67,"column":7},"end":{"line":67,"column":46}},{"start":{"line":68,"column":7},"end":{"line":68,"column":9}}],"line":66},"6":{"loc":{"start":{"line":74,"column":5},"end":{"line":78,"column":4}},"type":"binary-expr","locations":[{"start":{"line":74,"column":5},"end":{"line":74,"column":9}},{"start":{"line":74,"column":15},"end":{"line":74,"column":41}},{"start":{"line":74,"column":45},"end":{"line":74,"column":60}},{"start":{"line":75,"column":4},"end":{"line":77,"column":8}}],"line":74},"7":{"loc":{"start":{"line":88,"column":5},"end":{"line":92,"column":4}},"type":"binary-expr","locations":[{"start":{"line":88,"column":5},"end":{"line":88,"column":9}},{"start":{"line":88,"column":13},"end":{"line":88,"column":40}},{"start":{"line":89,"column":4},"end":{"line":91,"column":8}}],"line":88},"8":{"loc":{"start":{"line":123,"column":2},"end":{"line":125,"column":3}},"type":"if","locations":[{"start":{"line":123,"column":2},"end":{"line":125,"column":3}},{"start":{"line":123,"column":2},"end":{"line":125,"column":3}}],"line":123},"9":{"loc":{"start":{"line":123,"column":7},"end":{"line":123,"column":40}},"type":"binary-expr","locations":[{"start":{"line":123,"column":7},"end":{"line":123,"column":30}},{"start":{"line":123,"column":34},"end":{"line":123,"column":40}}],"line":123},"10":{"loc":{"start":{"line":129,"column":2},"end":{"line":131,"column":3}},"type":"if","locations":[{"start":{"line":129,"column":2},"end":{"line":131,"column":3}},{"start":{"line":129,"column":2},"end":{"line":131,"column":3}}],"line":129},"11":{"loc":{"start":{"line":140,"column":24},"end":{"line":140,"column":45}},"type":"cond-expr","locations":[{"start":{"line":140,"column":32},"end":{"line":140,"column":40}},{"start":{"line":140,"column":43},"end":{"line":140,"column":45}}],"line":140},"12":{"loc":{"start":{"line":143,"column":2},"end":{"line":147,"column":3}},"type":"if","locations":[{"start":{"line":143,"column":2},"end":{"line":147,"column":3}},{"start":{"line":143,"column":2},"end":{"line":147,"column":3}}],"line":143},"13":{"loc":{"start":{"line":143,"column":7},"end":{"line":143,"column":29}},"type":"binary-expr","locations":[{"start":{"line":143,"column":7},"end":{"line":143,"column":20}},{"start":{"line":143,"column":24},"end":{"line":143,"column":29}}],"line":143},"14":{"loc":{"start":{"line":145,"column":9},"end":{"line":147,"column":3}},"type":"if","locations":[{"start":{"line":145,"column":9},"end":{"line":147,"column":3}},{"start":{"line":145,"column":9},"end":{"line":147,"column":3}}],"line":145},"15":{"loc":{"start":{"line":145,"column":14},"end":{"line":145,"column":62}},"type":"binary-expr","locations":[{"start":{"line":145,"column":14},"end":{"line":145,"column":29}},{"start":{"line":145,"column":33},"end":{"line":145,"column":62}}],"line":145},"16":{"loc":{"start":{"line":161,"column":2},"end":{"line":163,"column":3}},"type":"if","locations":[{"start":{"line":161,"column":2},"end":{"line":163,"column":3}},{"start":{"line":161,"column":2},"end":{"line":163,"column":3}}],"line":161},"17":{"loc":{"start":{"line":161,"column":7},"end":{"line":161,"column":35}},"type":"binary-expr","locations":[{"start":{"line":161,"column":7},"end":{"line":161,"column":25}},{"start":{"line":161,"column":29},"end":{"line":161,"column":35}}],"line":161},"18":{"loc":{"start":{"line":185,"column":6},"end":{"line":193,"column":5}},"type":"binary-expr","locations":[{"start":{"line":185,"column":6},"end":{"line":185,"column":16}},{"start":{"line":186,"column":5},"end":{"line":192,"column":7}}],"line":185},"19":{"loc":{"start":{"line":207,"column":7},"end":{"line":216,"column":6}},"type":"binary-expr","locations":[{"start":{"line":207,"column":7},"end":{"line":207,"column":22}},{"start":{"line":208,"column":6},"end":{"line":215,"column":9}}],"line":207},"20":{"loc":{"start":{"line":222,"column":7},"end":{"line":228,"column":6}},"type":"binary-expr","locations":[{"start":{"line":222,"column":7},"end":{"line":222,"column":22}},{"start":{"line":223,"column":6},"end":{"line":227,"column":8}}],"line":222},"21":{"loc":{"start":{"line":230,"column":7},"end":{"line":232,"column":6}},"type":"binary-expr","locations":[{"start":{"line":230,"column":9},"end":{"line":230,"column":32}},{"start":{"line":230,"column":36},"end":{"line":230,"column":51}},{"start":{"line":231,"column":6},"end":{"line":231,"column":71}}],"line":230},"22":{"loc":{"start":{"line":238,"column":7},"end":{"line":247,"column":6}},"type":"binary-expr","locations":[{"start":{"line":238,"column":7},"end":{"line":238,"column":21}},{"start":{"line":238,"column":25},"end":{"line":238,"column":40}},{"start":{"line":239,"column":6},"end":{"line":246,"column":8}}],"line":238},"23":{"loc":{"start":{"line":244,"column":8},"end":{"line":244,"column":63}},"type":"cond-expr","locations":[{"start":{"line":244,"column":25},"end":{"line":244,"column":40}},{"start":{"line":244,"column":43},"end":{"line":244,"column":63}}],"line":244},"24":{"loc":{"start":{"line":256,"column":7},"end":{"line":256,"column":62}},"type":"cond-expr","locations":[{"start":{"line":256,"column":24},"end":{"line":256,"column":44}},{"start":{"line":256,"column":47},"end":{"line":256,"column":62}}],"line":256},"25":{"loc":{"start":{"line":260,"column":7},"end":{"line":267,"column":6}},"type":"binary-expr","locations":[{"start":{"line":260,"column":7},"end":{"line":260,"column":21}},{"start":{"line":260,"column":25},"end":{"line":260,"column":40}},{"start":{"line":261,"column":6},"end":{"line":266,"column":8}}],"line":260},"26":{"loc":{"start":{"line":269,"column":6},"end":{"line":291,"column":5}},"type":"binary-expr","locations":[{"start":{"line":269,"column":6},"end":{"line":269,"column":21}},{"start":{"line":270,"column":5},"end":{"line":290,"column":17}}],"line":269},"27":{"loc":{"start":{"line":274,"column":8},"end":{"line":289,"column":7}},"type":"cond-expr","locations":[{"start":{"line":275,"column":7},"end":{"line":281,"column":9}},{"start":{"line":283,"column":7},"end":{"line":288,"column":11}}],"line":274},"28":{"loc":{"start":{"line":292,"column":6},"end":{"line":308,"column":5}},"type":"binary-expr","locations":[{"start":{"line":292,"column":6},"end":{"line":292,"column":16}},{"start":{"line":293,"column":5},"end":{"line":307,"column":17}}],"line":292}},"s":{"0":158,"1":0,"2":0,"3":0,"4":158,"5":0,"6":0,"7":0,"8":0,"9":0,"10":0,"11":0,"12":0,"13":0,"14":0,"15":0,"16":0,"17":0,"18":0,"19":0,"20":0,"21":0,"22":0,"23":0,"24":0,"25":0,"26":0},"f":{"0":0,"1":0,"2":0,"3":0,"4":0,"5":0,"6":0},"b":{"0":[0,0],"1":[0,0],"2":[0,0],"3":[0,0],"4":[0,0],"5":[0,0],"6":[0,0,0,0],"7":[0,0,0],"8":[0,0],"9":[0,0],"10":[0,0],"11":[0,0],"12":[0,0],"13":[0,0],"14":[0,0],"15":[0,0],"16":[0,0],"17":[0,0],"18":[0,0],"19":[0,0],"20":[0,0],"21":[0,0,0],"22":[0,0,0],"23":[0,0],"24":[0,0],"25":[0,0,0],"26":[0,0],"27":[0,0],"28":[0,0]},"_coverageSchema":"1a1c01bbd47fc00a2c39e90264f33305004495a9","hash":"8f02e6ccfc4514e6a51dca1f1912f67b66743888"}}
,"/Users/ravi/workspace/xwp/material-theme-builder-wp/assets/src/block-editor/blocks/button/example.js": {"data":{"path":"/Users/ravi/workspace/xwp/material-theme-builder-wp/assets/src/block-editor/blocks/button/example.js","statementMap":{"0":{"start":{"line":3,"column":23},"end":{"line":10,"column":1}}},"fnMap":{},"branchMap":{},"s":{"0":158},"f":{},"b":{},"_coverageSchema":"1a1c01bbd47fc00a2c39e90264f33305004495a9","hash":"bab4cd920c0f16b470ca82194a859f00ee411878"}}
,"/Users/ravi/workspace/xwp/material-theme-builder-wp/assets/src/block-editor/blocks/button/index.js": {"data":{"path":"/Users/ravi/workspace/xwp/material-theme-builder-wp/assets/src/block-editor/blocks/button/index.js","statementMap":{"0":{"start":{"line":16,"column":17},"end":{"line":16,"column":25}},"1":{"start":{"line":20,"column":24},"end":{"line":31,"column":1}}},"fnMap":{},"branchMap":{},"s":{"0":158,"1":158},"f":{},"b":{},"_coverageSchema":"1a1c01bbd47fc00a2c39e90264f33305004495a9","hash":"f81d848fd6ed5309505db5c5905a919c74cd1227"}}
,"/Users/ravi/workspace/xwp/material-theme-builder-wp/assets/src/block-editor/blocks/button/options.js": {"data":{"path":"/Users/ravi/workspace/xwp/material-theme-builder-wp/assets/src/block-editor/blocks/button/options.js","statementMap":{"0":{"start":{"line":4,"column":28},"end":{"line":15,"column":1}},"1":{"start":{"line":17,"column":29},"end":{"line":34,"column":1}},"2":{"start":{"line":36,"column":30},"end":{"line":49,"column":1}}},"fnMap":{},"branchMap":{},"s":{"0":158,"1":158,"2":158},"f":{},"b":{},"_coverageSchema":"1a1c01bbd47fc00a2c39e90264f33305004495a9","hash":"d2f8311b4a341168518f6d841c67f7702ef9b0af"}}
,"/Users/ravi/workspace/xwp/material-theme-builder-wp/assets/src/block-editor/blocks/button/save.js": {"data":{"path":"/Users/ravi/workspace/xwp/material-theme-builder-wp/assets/src/block-editor/blocks/button/save.js","statementMap":{"0":{"start":{"line":21,"column":23},"end":{"line":36,"column":1}},"1":{"start":{"line":22,"column":1},"end":{"line":35,"column":4}},"2":{"start":{"line":38,"column":19},"end":{"line":129,"column":1}},"3":{"start":{"line":55,"column":1},"end":{"line":80,"column":2}},"4":{"start":{"line":56,"column":2},"end":{"line":79,"column":4}},"5":{"start":{"line":82,"column":1},"end":{"line":128,"column":3}}},"fnMap":{"0":{"name":"(anonymous_0)","decl":{"start":{"line":21,"column":23},"end":{"line":21,"column":24}},"loc":{"start":{"line":22,"column":1},"end":{"line":35,"column":4}},"line":22},"1":{"name":"(anonymous_1)","decl":{"start":{"line":38,"column":19},"end":{"line":38,"column":20}},"loc":{"start":{"line":54,"column":7},"end":{"line":129,"column":1}},"line":54}},"branchMap":{"0":{"loc":{"start":{"line":23,"column":4},"end":{"line":27,"column":3}},"type":"binary-expr","locations":[{"start":{"line":23,"column":4},"end":{"line":23,"column":8}},{"start":{"line":23,"column":12},"end":{"line":23,"column":38}},{"start":{"line":24,"column":3},"end":{"line":26,"column":7}}],"line":23},"1":{"loc":{"start":{"line":30,"column":4},"end":{"line":34,"column":3}},"type":"binary-expr","locations":[{"start":{"line":30,"column":4},"end":{"line":30,"column":8}},{"start":{"line":30,"column":12},"end":{"line":30,"column":39}},{"start":{"line":31,"column":3},"end":{"line":33,"column":7}}],"line":30},"2":{"loc":{"start":{"line":55,"column":1},"end":{"line":80,"column":2}},"type":"if","locations":[{"start":{"line":55,"column":1},"end":{"line":80,"column":2}},{"start":{"line":55,"column":1},"end":{"line":80,"column":2}}],"line":55},"3":{"loc":{"start":{"line":58,"column":6},"end":{"line":77,"column":5}},"type":"cond-expr","locations":[{"start":{"line":59,"column":5},"end":{"line":67,"column":9}},{"start":{"line":69,"column":5},"end":{"line":76,"column":14}}],"line":58},"4":{"loc":{"start":{"line":58,"column":6},"end":{"line":58,"column":23}},"type":"binary-expr","locations":[{"start":{"line":58,"column":6},"end":{"line":58,"column":9}},{"start":{"line":58,"column":13},"end":{"line":58,"column":23}}],"line":58},"5":{"loc":{"start":{"line":61,"column":12},"end":{"line":61,"column":47}},"type":"cond-expr","locations":[{"start":{"line":61,"column":32},"end":{"line":61,"column":35}},{"start":{"line":61,"column":38},"end":{"line":61,"column":47}}],"line":61},"6":{"loc":{"start":{"line":61,"column":12},"end":{"line":61,"column":29}},"type":"binary-expr","locations":[{"start":{"line":61,"column":12},"end":{"line":61,"column":15}},{"start":{"line":61,"column":19},"end":{"line":61,"column":29}}],"line":61},"7":{"loc":{"start":{"line":62,"column":15},"end":{"line":62,"column":64}},"type":"cond-expr","locations":[{"start":{"line":62,"column":42},"end":{"line":62,"column":52}},{"start":{"line":62,"column":55},"end":{"line":62,"column":64}}],"line":62},"8":{"loc":{"start":{"line":62,"column":15},"end":{"line":62,"column":39}},"type":"binary-expr","locations":[{"start":{"line":62,"column":15},"end":{"line":62,"column":25}},{"start":{"line":62,"column":29},"end":{"line":62,"column":39}}],"line":62},"9":{"loc":{"start":{"line":64,"column":21},"end":{"line":64,"column":58}},"type":"cond-expr","locations":[{"start":{"line":64,"column":33},"end":{"line":64,"column":53}},{"start":{"line":64,"column":56},"end":{"line":64,"column":58}}],"line":64},"10":{"loc":{"start":{"line":71,"column":21},"end":{"line":71,"column":58}},"type":"cond-expr","locations":[{"start":{"line":71,"column":33},"end":{"line":71,"column":53}},{"start":{"line":71,"column":56},"end":{"line":71,"column":58}}],"line":71},"11":{"loc":{"start":{"line":72,"column":13},"end":{"line":72,"column":44}},"type":"cond-expr","locations":[{"start":{"line":72,"column":24},"end":{"line":72,"column":32}},{"start":{"line":72,"column":35},"end":{"line":72,"column":44}}],"line":72},"12":{"loc":{"start":{"line":84,"column":5},"end":{"line":126,"column":4}},"type":"cond-expr","locations":[{"start":{"line":85,"column":4},"end":{"line":105,"column":8}},{"start":{"line":107,"column":4},"end":{"line":125,"column":13}}],"line":84},"13":{"loc":{"start":{"line":84,"column":5},"end":{"line":84,"column":22}},"type":"binary-expr","locations":[{"start":{"line":84,"column":5},"end":{"line":84,"column":8}},{"start":{"line":84,"column":12},"end":{"line":84,"column":22}}],"line":84},"14":{"loc":{"start":{"line":87,"column":11},"end":{"line":87,"column":46}},"type":"cond-expr","locations":[{"start":{"line":87,"column":31},"end":{"line":87,"column":34}},{"start":{"line":87,"column":37},"end":{"line":87,"column":46}}],"line":87},"15":{"loc":{"start":{"line":87,"column":11},"end":{"line":87,"column":28}},"type":"binary-expr","locations":[{"start":{"line":87,"column":11},"end":{"line":87,"column":14}},{"start":{"line":87,"column":18},"end":{"line":87,"column":28}}],"line":87},"16":{"loc":{"start":{"line":88,"column":14},"end":{"line":88,"column":63}},"type":"cond-expr","locations":[{"start":{"line":88,"column":41},"end":{"line":88,"column":51}},{"start":{"line":88,"column":54},"end":{"line":88,"column":63}}],"line":88},"17":{"loc":{"start":{"line":88,"column":14},"end":{"line":88,"column":38}},"type":"binary-expr","locations":[{"start":{"line":88,"column":14},"end":{"line":88,"column":24}},{"start":{"line":88,"column":28},"end":{"line":88,"column":38}}],"line":88},"18":{"loc":{"start":{"line":90,"column":11},"end":{"line":90,"column":71}},"type":"cond-expr","locations":[{"start":{"line":90,"column":47},"end":{"line":90,"column":66}},{"start":{"line":90,"column":69},"end":{"line":90,"column":71}}],"line":90},"19":{"loc":{"start":{"line":90,"column":11},"end":{"line":90,"column":44}},"type":"binary-expr","locations":[{"start":{"line":90,"column":11},"end":{"line":90,"column":26}},{"start":{"line":90,"column":30},"end":{"line":90,"column":44}}],"line":90},"20":{"loc":{"start":{"line":91,"column":11},"end":{"line":91,"column":48}},"type":"cond-expr","locations":[{"start":{"line":91,"column":23},"end":{"line":91,"column":43}},{"start":{"line":91,"column":46},"end":{"line":91,"column":48}}],"line":91},"21":{"loc":{"start":{"line":92,"column":11},"end":{"line":94,"column":11}},"type":"cond-expr","locations":[{"start":{"line":93,"column":9},"end":{"line":93,"column":48}},{"start":{"line":94,"column":9},"end":{"line":94,"column":11}}],"line":92},"22":{"loc":{"start":{"line":112,"column":11},"end":{"line":112,"column":71}},"type":"cond-expr","locations":[{"start":{"line":112,"column":47},"end":{"line":112,"column":66}},{"start":{"line":112,"column":69},"end":{"line":112,"column":71}}],"line":112},"23":{"loc":{"start":{"line":112,"column":11},"end":{"line":112,"column":44}},"type":"binary-expr","locations":[{"start":{"line":112,"column":11},"end":{"line":112,"column":26}},{"start":{"line":112,"column":30},"end":{"line":112,"column":44}}],"line":112},"24":{"loc":{"start":{"line":113,"column":11},"end":{"line":113,"column":48}},"type":"cond-expr","locations":[{"start":{"line":113,"column":23},"end":{"line":113,"column":43}},{"start":{"line":113,"column":46},"end":{"line":113,"column":48}}],"line":113},"25":{"loc":{"start":{"line":114,"column":11},"end":{"line":116,"column":11}},"type":"cond-expr","locations":[{"start":{"line":115,"column":9},"end":{"line":115,"column":48}},{"start":{"line":116,"column":9},"end":{"line":116,"column":11}}],"line":114},"26":{"loc":{"start":{"line":118,"column":12},"end":{"line":118,"column":43}},"type":"cond-expr","locations":[{"start":{"line":118,"column":23},"end":{"line":118,"column":31}},{"start":{"line":118,"column":34},"end":{"line":118,"column":43}}],"line":118}},"s":{"0":158,"1":0,"2":158,"3":0,"4":0,"5":0},"f":{"0":0,"1":0},"b":{"0":[0,0,0],"1":[0,0,0],"2":[0,0],"3":[0,0],"4":[0,0],"5":[0,0],"6":[0,0],"7":[0,0],"8":[0,0],"9":[0,0],"10":[0,0],"11":[0,0],"12":[0,0],"13":[0,0],"14":[0,0],"15":[0,0],"16":[0,0],"17":[0,0],"18":[0,0],"19":[0,0],"20":[0,0],"21":[0,0],"22":[0,0],"23":[0,0],"24":[0,0],"25":[0,0],"26":[0,0]},"_coverageSchema":"1a1c01bbd47fc00a2c39e90264f33305004495a9","hash":"af2707edc8220b0af6d90a3c1bc980885d7b95db"}}
,"/Users/ravi/workspace/xwp/material-theme-builder-wp/assets/src/block-editor/blocks/button/transforms.js": {"data":{"path":"/Users/ravi/workspace/xwp/material-theme-builder-wp/assets/src/block-editor/blocks/button/transforms.js","statementMap":{"0":{"start":{"line":3,"column":19},"end":{"line":20,"column":1}},"1":{"start":{"line":9,"column":4},"end":{"line":16,"column":8}},"2":{"start":{"line":10,"column":5},"end":{"line":15,"column":9}}},"fnMap":{"0":{"name":"(anonymous_0)","decl":{"start":{"line":8,"column":14},"end":{"line":8,"column":15}},"loc":{"start":{"line":8,"column":48},"end":{"line":17,"column":4}},"line":8},"1":{"name":"(anonymous_1)","decl":{"start":{"line":9,"column":24},"end":{"line":9,"column":25}},"loc":{"start":{"line":9,"column":46},"end":{"line":16,"column":5}},"line":9}},"branchMap":{},"s":{"0":158,"1":0,"2":0},"f":{"0":0,"1":0},"b":{},"_coverageSchema":"1a1c01bbd47fc00a2c39e90264f33305004495a9","hash":"368eda2e97724d50956a916491a1994eeb376f67"}}
,"/Users/ravi/workspace/xwp/material-theme-builder-wp/assets/src/block-editor/blocks/button/components/block-icon.js": {"data":{"path":"/Users/ravi/workspace/xwp/material-theme-builder-wp/assets/src/block-editor/blocks/button/components/block-icon.js","statementMap":{"0":{"start":{"line":6,"column":18},"end":{"line":23,"column":1}},"1":{"start":{"line":7,"column":1},"end":{"line":22,"column":8}}},"fnMap":{"0":{"name":"(anonymous_0)","decl":{"start":{"line":6,"column":18},"end":{"line":6,"column":19}},"loc":{"start":{"line":7,"column":1},"end":{"line":22,"column":8}},"line":7}},"branchMap":{},"s":{"0":158,"1":542},"f":{"0":542},"b":{},"_coverageSchema":"1a1c01bbd47fc00a2c39e90264f33305004495a9","hash":"f9ebce183fc7655507fe3cc76d26bd0c5d6cd48a"}}
,"/Users/ravi/workspace/xwp/material-theme-builder-wp/assets/src/block-editor/blocks/button/components/icon-types.js": {"data":{"path":"/Users/ravi/workspace/xwp/material-theme-builder-wp/assets/src/block-editor/blocks/button/components/icon-types.js","statementMap":{"0":{"start":{"line":1,"column":26},"end":{"line":14,"column":1}},"1":{"start":{"line":2,"column":1},"end":{"line":13,"column":7}},"2":{"start":{"line":16,"column":26},"end":{"line":29,"column":1}},"3":{"start":{"line":17,"column":1},"end":{"line":28,"column":7}}},"fnMap":{"0":{"name":"(anonymous_0)","decl":{"start":{"line":1,"column":26},"end":{"line":1,"column":27}},"loc":{"start":{"line":2,"column":1},"end":{"line":13,"column":7}},"line":2},"1":{"name":"(anonymous_1)","decl":{"start":{"line":16,"column":26},"end":{"line":16,"column":27}},"loc":{"start":{"line":17,"column":1},"end":{"line":28,"column":7}},"line":17}},"branchMap":{},"s":{"0":158,"1":0,"2":158,"3":0},"f":{"0":0,"1":0},"b":{},"_coverageSchema":"1a1c01bbd47fc00a2c39e90264f33305004495a9","hash":"e97b5f222c7e984c0dc6e4f7a437345f0678a8b4"}}
,"/Users/ravi/workspace/xwp/material-theme-builder-wp/assets/src/block-editor/blocks/button/utils/has-bg.js": {"data":{"path":"/Users/ravi/workspace/xwp/material-theme-builder-wp/assets/src/block-editor/blocks/button/utils/has-bg.js","statementMap":{"0":{"start":{"line":1,"column":24},"end":{"line":1,"column":68}}},"fnMap":{"0":{"name":"(anonymous_0)","decl":{"start":{"line":1,"column":15},"end":{"line":1,"column":16}},"loc":{"start":{"line":1,"column":24},"end":{"line":1,"column":68}},"line":1}},"branchMap":{"0":{"loc":{"start":{"line":1,"column":24},"end":{"line":1,"column":68}},"type":"binary-expr","locations":[{"start":{"line":1,"column":24},"end":{"line":1,"column":46}},{"start":{"line":1,"column":50},"end":{"line":1,"column":68}}],"line":1}},"s":{"0":0},"f":{"0":0},"b":{"0":[0,0]},"_coverageSchema":"1a1c01bbd47fc00a2c39e90264f33305004495a9","hash":"c81c45258e2f1b80e1076514fbd8d95d7c1c3834"}}
,"/Users/ravi/workspace/xwp/material-theme-builder-wp/assets/src/block-editor/blocks/card/edit.js": {"data":{"path":"/Users/ravi/workspace/xwp/material-theme-builder-wp/assets/src/block-editor/blocks/card/edit.js","statementMap":{"0":{"start":{"line":26,"column":13},"end":{"line":126,"column":1}},"1":{"start":{"line":51,"column":5},"end":{"line":51,"column":15}},"2":{"start":{"line":52,"column":19},"end":{"line":52,"column":20}},"3":{"start":{"line":61,"column":19},"end":{"line":87,"column":2}},"4":{"start":{"line":89,"column":42},"end":{"line":96,"column":2}},"5":{"start":{"line":98,"column":44},"end":{"line":108,"column":2}},"6":{"start":{"line":110,"column":1},"end":{"line":125,"column":3}}},"fnMap":{"0":{"name":"(anonymous_0)","decl":{"start":{"line":26,"column":13},"end":{"line":26,"column":14}},"loc":{"start":{"line":26,"column":61},"end":{"line":126,"column":1}},"line":26}},"branchMap":{"0":{"loc":{"start":{"line":28,"column":2},"end":{"line":28,"column":25}},"type":"default-arg","locations":[{"start":{"line":28,"column":15},"end":{"line":28,"column":25}}],"line":28},"1":{"loc":{"start":{"line":119,"column":6},"end":{"line":119,"column":74}},"type":"binary-expr","locations":[{"start":{"line":119,"column":6},"end":{"line":119,"column":31}},{"start":{"line":119,"column":35},"end":{"line":119,"column":74}}],"line":119},"2":{"loc":{"start":{"line":120,"column":6},"end":{"line":122,"column":5}},"type":"binary-expr","locations":[{"start":{"line":120,"column":6},"end":{"line":120,"column":33}},{"start":{"line":121,"column":5},"end":{"line":121,"column":46}}],"line":120}},"s":{"0":158,"1":0,"2":0,"3":0,"4":0,"5":0,"6":0},"f":{"0":0},"b":{"0":[0],"1":[0,0],"2":[0,0]},"_coverageSchema":"1a1c01bbd47fc00a2c39e90264f33305004495a9","hash":"92316234628d29d1d8950e8d9ed6572bd756f130"}}
,"/Users/ravi/workspace/xwp/material-theme-builder-wp/assets/src/block-editor/blocks/card/example.js": {"data":{"path":"/Users/ravi/workspace/xwp/material-theme-builder-wp/assets/src/block-editor/blocks/card/example.js","statementMap":{"0":{"start":{"line":3,"column":23},"end":{"line":10,"column":1}}},"fnMap":{},"branchMap":{},"s":{"0":158},"f":{},"b":{},"_coverageSchema":"1a1c01bbd47fc00a2c39e90264f33305004495a9","hash":"f95b13c363b6c602f785a79f292c9466d584e553"}}
,"/Users/ravi/workspace/xwp/material-theme-builder-wp/assets/src/block-editor/blocks/card/index.js": {"data":{"path":"/Users/ravi/workspace/xwp/material-theme-builder-wp/assets/src/block-editor/blocks/card/index.js","statementMap":{"0":{"start":{"line":14,"column":17},"end":{"line":14,"column":25}},"1":{"start":{"line":21,"column":24},"end":{"line":32,"column":1}}},"fnMap":{},"branchMap":{},"s":{"0":158,"1":158},"f":{},"b":{},"_coverageSchema":"1a1c01bbd47fc00a2c39e90264f33305004495a9","hash":"ce8ee7998b5e92f9bb574fd5cf5be3c2ec7bdc32"}}
,"/Users/ravi/workspace/xwp/material-theme-builder-wp/assets/src/block-editor/blocks/card/save.js": {"data":{"path":"/Users/ravi/workspace/xwp/material-theme-builder-wp/assets/src/block-editor/blocks/card/save.js","statementMap":{"0":{"start":{"line":17,"column":13},"end":{"line":80,"column":1}},"1":{"start":{"line":42,"column":5},"end":{"line":42,"column":15}},"2":{"start":{"line":44,"column":19},"end":{"line":70,"column":2}},"3":{"start":{"line":72,"column":1},"end":{"line":79,"column":3}}},"fnMap":{"0":{"name":"(anonymous_0)","decl":{"start":{"line":17,"column":13},"end":{"line":17,"column":14}},"loc":{"start":{"line":17,"column":46},"end":{"line":80,"column":1}},"line":17},"1":{"name":"(anonymous_1)","decl":{"start":{"line":68,"column":10},"end":{"line":68,"column":11}},"loc":{"start":{"line":68,"column":16},"end":{"line":68,"column":18}},"line":68}},"branchMap":{"0":{"loc":{"start":{"line":19,"column":2},"end":{"line":19,"column":25}},"type":"default-arg","locations":[{"start":{"line":19,"column":15},"end":{"line":19,"column":25}}],"line":19},"1":{"loc":{"start":{"line":74,"column":5},"end":{"line":74,"column":73}},"type":"binary-expr","locations":[{"start":{"line":74,"column":5},"end":{"line":74,"column":30}},{"start":{"line":74,"column":34},"end":{"line":74,"column":73}}],"line":74},"2":{"loc":{"start":{"line":75,"column":5},"end":{"line":77,"column":4}},"type":"binary-expr","locations":[{"start":{"line":75,"column":5},"end":{"line":75,"column":32}},{"start":{"line":76,"column":4},"end":{"line":76,"column":45}}],"line":75}},"s":{"0":158,"1":0,"2":0,"3":0},"f":{"0":0,"1":0},"b":{"0":[0],"1":[0,0],"2":[0,0]},"_coverageSchema":"1a1c01bbd47fc00a2c39e90264f33305004495a9","hash":"e97a67dcb9d6fd8e212dc7990110dd8b187628ab"}}
,"/Users/ravi/workspace/xwp/material-theme-builder-wp/assets/src/block-editor/blocks/card/components/card-action-button.js": {"data":{"path":"/Users/ravi/workspace/xwp/material-theme-builder-wp/assets/src/block-editor/blocks/card/components/card-action-button.js","statementMap":{"0":{"start":{"line":28,"column":25},"end":{"line":84,"column":1}},"1":{"start":{"line":41,"column":1},"end":{"line":46,"column":2}},"2":{"start":{"line":42,"column":2},"end":{"line":42,"column":30}},"3":{"start":{"line":43,"column":2},"end":{"line":45,"column":3}},"4":{"start":{"line":44,"column":3},"end":{"line":44,"column":22}},"5":{"start":{"line":48,"column":1},"end":{"line":83,"column":3}}},"fnMap":{"0":{"name":"(anonymous_0)","decl":{"start":{"line":28,"column":25},"end":{"line":28,"column":26}},"loc":{"start":{"line":39,"column":7},"end":{"line":84,"column":1}},"line":39},"1":{"name":"(anonymous_1)","decl":{"start":{"line":30,"column":17},"end":{"line":30,"column":18}},"loc":{"start":{"line":30,"column":23},"end":{"line":30,"column":25}},"line":30},"2":{"name":"(anonymous_2)","decl":{"start":{"line":31,"column":23},"end":{"line":31,"column":24}},"loc":{"start":{"line":31,"column":29},"end":{"line":31,"column":31}},"line":31},"3":{"name":"(anonymous_3)","decl":{"start":{"line":32,"column":15},"end":{"line":32,"column":16}},"loc":{"start":{"line":32,"column":21},"end":{"line":32,"column":23}},"line":32},"4":{"name":"(anonymous_4)","decl":{"start":{"line":33,"column":18},"end":{"line":33,"column":19}},"loc":{"start":{"line":33,"column":24},"end":{"line":33,"column":26}},"line":33}},"branchMap":{"0":{"loc":{"start":{"line":30,"column":1},"end":{"line":30,"column":25}},"type":"default-arg","locations":[{"start":{"line":30,"column":17},"end":{"line":30,"column":25}}],"line":30},"1":{"loc":{"start":{"line":31,"column":1},"end":{"line":31,"column":31}},"type":"default-arg","locations":[{"start":{"line":31,"column":23},"end":{"line":31,"column":31}}],"line":31},"2":{"loc":{"start":{"line":32,"column":1},"end":{"line":32,"column":23}},"type":"default-arg","locations":[{"start":{"line":32,"column":15},"end":{"line":32,"column":23}}],"line":32},"3":{"loc":{"start":{"line":33,"column":1},"end":{"line":33,"column":26}},"type":"default-arg","locations":[{"start":{"line":33,"column":18},"end":{"line":33,"column":26}}],"line":33},"4":{"loc":{"start":{"line":37,"column":1},"end":{"line":37,"column":18}},"type":"default-arg","locations":[{"start":{"line":37,"column":13},"end":{"line":37,"column":18}}],"line":37},"5":{"loc":{"start":{"line":41,"column":1},"end":{"line":46,"column":2}},"type":"if","locations":[{"start":{"line":41,"column":1},"end":{"line":46,"column":2}},{"start":{"line":41,"column":1},"end":{"line":46,"column":2}}],"line":41},"6":{"loc":{"start":{"line":41,"column":6},"end":{"line":41,"column":19}},"type":"binary-expr","locations":[{"start":{"line":41,"column":6},"end":{"line":41,"column":9}},{"start":{"line":41,"column":13},"end":{"line":41,"column":19}}],"line":41},"7":{"loc":{"start":{"line":43,"column":2},"end":{"line":45,"column":3}},"type":"if","locations":[{"start":{"line":43,"column":2},"end":{"line":45,"column":3}},{"start":{"line":43,"column":2},"end":{"line":45,"column":3}}],"line":43},"8":{"loc":{"start":{"line":50,"column":5},"end":{"line":69,"column":4}},"type":"cond-expr","locations":[{"start":{"line":51,"column":4},"end":{"line":58,"column":13}},{"start":{"line":60,"column":4},"end":{"line":68,"column":8}}],"line":50},"9":{"loc":{"start":{"line":61,"column":12},"end":{"line":61,"column":22}},"type":"binary-expr","locations":[{"start":{"line":61,"column":12},"end":{"line":61,"column":15}},{"start":{"line":61,"column":19},"end":{"line":61,"column":22}}],"line":61},"10":{"loc":{"start":{"line":63,"column":14},"end":{"line":63,"column":50}},"type":"cond-expr","locations":[{"start":{"line":63,"column":30},"end":{"line":63,"column":38}},{"start":{"line":63,"column":41},"end":{"line":63,"column":50}}],"line":63},"11":{"loc":{"start":{"line":63,"column":14},"end":{"line":63,"column":27}},"type":"binary-expr","locations":[{"start":{"line":63,"column":14},"end":{"line":63,"column":17}},{"start":{"line":63,"column":21},"end":{"line":63,"column":27}}],"line":63},"12":{"loc":{"start":{"line":70,"column":5},"end":{"line":81,"column":4}},"type":"binary-expr","locations":[{"start":{"line":70,"column":5},"end":{"line":70,"column":14}},{"start":{"line":70,"column":18},"end":{"line":70,"column":28}},{"start":{"line":71,"column":4},"end":{"line":80,"column":7}}],"line":70}},"s":{"0":158,"1":0,"2":0,"3":0,"4":0,"5":0},"f":{"0":0,"1":0,"2":0,"3":0,"4":0},"b":{"0":[0],"1":[0],"2":[0],"3":[0],"4":[0],"5":[0,0],"6":[0,0],"7":[0,0],"8":[0,0],"9":[0,0],"10":[0,0],"11":[0,0],"12":[0,0,0]},"_coverageSchema":"1a1c01bbd47fc00a2c39e90264f33305004495a9","hash":"9701ce8ce010207362e36e5441ac3e3c68daa122"}}
,"/Users/ravi/workspace/xwp/material-theme-builder-wp/assets/src/block-editor/blocks/card/components/card-actions-edit.js": {"data":{"path":"/Users/ravi/workspace/xwp/material-theme-builder-wp/assets/src/block-editor/blocks/card/components/card-actions-edit.js","statementMap":{"0":{"start":{"line":29,"column":24},"end":{"line":141,"column":1}},"1":{"start":{"line":46,"column":5},"end":{"line":46,"column":53}},"2":{"start":{"line":54,"column":32},"end":{"line":61,"column":2}},"3":{"start":{"line":55,"column":2},"end":{"line":57,"column":3}},"4":{"start":{"line":56,"column":3},"end":{"line":56,"column":72}},"5":{"start":{"line":58,"column":2},"end":{"line":60,"column":3}},"6":{"start":{"line":59,"column":3},"end":{"line":59,"column":72}},"7":{"start":{"line":63,"column":1},"end":{"line":68,"column":20}},"8":{"start":{"line":64,"column":2},"end":{"line":67,"column":3}},"9":{"start":{"line":65,"column":3},"end":{"line":65,"column":46}},"10":{"start":{"line":66,"column":3},"end":{"line":66,"column":48}},"11":{"start":{"line":70,"column":1},"end":{"line":140,"column":3}},"12":{"start":{"line":75,"column":21},"end":{"line":75,"column":56}},"13":{"start":{"line":80,"column":7},"end":{"line":80,"column":61}},"14":{"start":{"line":84,"column":7},"end":{"line":84,"column":59}},"15":{"start":{"line":88,"column":7},"end":{"line":88,"column":62}},"16":{"start":{"line":92,"column":7},"end":{"line":92,"column":64}},"17":{"start":{"line":95,"column":27},"end":{"line":95,"column":69}},"18":{"start":{"line":97,"column":7},"end":{"line":97,"column":49}},"19":{"start":{"line":107,"column":22},"end":{"line":107,"column":59}},"20":{"start":{"line":112,"column":8},"end":{"line":112,"column":64}},"21":{"start":{"line":116,"column":8},"end":{"line":116,"column":62}},"22":{"start":{"line":120,"column":8},"end":{"line":120,"column":65}},"23":{"start":{"line":124,"column":8},"end":{"line":124,"column":67}},"24":{"start":{"line":128,"column":8},"end":{"line":128,"column":52}},"25":{"start":{"line":131,"column":8},"end":{"line":131,"column":52}}},"fnMap":{"0":{"name":"(anonymous_0)","decl":{"start":{"line":29,"column":24},"end":{"line":29,"column":25}},"loc":{"start":{"line":42,"column":7},"end":{"line":141,"column":1}},"line":42},"1":{"name":"(anonymous_1)","decl":{"start":{"line":54,"column":32},"end":{"line":54,"column":33}},"loc":{"start":{"line":54,"column":64},"end":{"line":61,"column":2}},"line":54},"2":{"name":"(anonymous_2)","decl":{"start":{"line":63,"column":12},"end":{"line":63,"column":13}},"loc":{"start":{"line":63,"column":18},"end":{"line":68,"column":2}},"line":63},"3":{"name":"(anonymous_3)","decl":{"start":{"line":75,"column":15},"end":{"line":75,"column":16}},"loc":{"start":{"line":75,"column":21},"end":{"line":75,"column":56}},"line":75},"4":{"name":"(anonymous_4)","decl":{"start":{"line":79,"column":22},"end":{"line":79,"column":23}},"loc":{"start":{"line":80,"column":7},"end":{"line":80,"column":61}},"line":80},"5":{"name":"(anonymous_5)","decl":{"start":{"line":83,"column":20},"end":{"line":83,"column":21}},"loc":{"start":{"line":84,"column":7},"end":{"line":84,"column":59}},"line":84},"6":{"name":"(anonymous_6)","decl":{"start":{"line":87,"column":23},"end":{"line":87,"column":24}},"loc":{"start":{"line":88,"column":7},"end":{"line":88,"column":62}},"line":88},"7":{"name":"(anonymous_7)","decl":{"start":{"line":91,"column":25},"end":{"line":91,"column":26}},"loc":{"start":{"line":92,"column":7},"end":{"line":92,"column":64}},"line":92},"8":{"name":"(anonymous_8)","decl":{"start":{"line":95,"column":21},"end":{"line":95,"column":22}},"loc":{"start":{"line":95,"column":27},"end":{"line":95,"column":69}},"line":95},"9":{"name":"(anonymous_9)","decl":{"start":{"line":96,"column":28},"end":{"line":96,"column":29}},"loc":{"start":{"line":97,"column":7},"end":{"line":97,"column":49}},"line":97},"10":{"name":"(anonymous_10)","decl":{"start":{"line":107,"column":16},"end":{"line":107,"column":17}},"loc":{"start":{"line":107,"column":22},"end":{"line":107,"column":59}},"line":107},"11":{"name":"(anonymous_11)","decl":{"start":{"line":111,"column":23},"end":{"line":111,"column":24}},"loc":{"start":{"line":112,"column":8},"end":{"line":112,"column":64}},"line":112},"12":{"name":"(anonymous_12)","decl":{"start":{"line":115,"column":21},"end":{"line":115,"column":22}},"loc":{"start":{"line":116,"column":8},"end":{"line":116,"column":62}},"line":116},"13":{"name":"(anonymous_13)","decl":{"start":{"line":119,"column":24},"end":{"line":119,"column":25}},"loc":{"start":{"line":120,"column":8},"end":{"line":120,"column":65}},"line":120},"14":{"name":"(anonymous_14)","decl":{"start":{"line":123,"column":26},"end":{"line":123,"column":27}},"loc":{"start":{"line":124,"column":8},"end":{"line":124,"column":67}},"line":124},"15":{"name":"(anonymous_15)","decl":{"start":{"line":127,"column":22},"end":{"line":127,"column":23}},"loc":{"start":{"line":128,"column":8},"end":{"line":128,"column":52}},"line":128},"16":{"name":"(anonymous_16)","decl":{"start":{"line":130,"column":29},"end":{"line":130,"column":30}},"loc":{"start":{"line":131,"column":8},"end":{"line":131,"column":52}},"line":131}},"branchMap":{"0":{"loc":{"start":{"line":41,"column":1},"end":{"line":41,"column":18}},"type":"default-arg","locations":[{"start":{"line":41,"column":13},"end":{"line":41,"column":18}}],"line":41},"1":{"loc":{"start":{"line":54,"column":46},"end":{"line":54,"column":58}},"type":"default-arg","locations":[{"start":{"line":54,"column":54},"end":{"line":54,"column":58}}],"line":54},"2":{"loc":{"start":{"line":55,"column":2},"end":{"line":57,"column":3}},"type":"if","locations":[{"start":{"line":55,"column":2},"end":{"line":57,"column":3}},{"start":{"line":55,"column":2},"end":{"line":57,"column":3}}],"line":55},"3":{"loc":{"start":{"line":58,"column":2},"end":{"line":60,"column":3}},"type":"if","locations":[{"start":{"line":58,"column":2},"end":{"line":60,"column":3}},{"start":{"line":58,"column":2},"end":{"line":60,"column":3}}],"line":58},"4":{"loc":{"start":{"line":64,"column":2},"end":{"line":67,"column":3}},"type":"if","locations":[{"start":{"line":64,"column":2},"end":{"line":67,"column":3}},{"start":{"line":64,"column":2},"end":{"line":67,"column":3}}],"line":64},"5":{"loc":{"start":{"line":104,"column":6},"end":{"line":137,"column":5}},"type":"binary-expr","locations":[{"start":{"line":104,"column":6},"end":{"line":104,"column":34}},{"start":{"line":105,"column":5},"end":{"line":136,"column":11}}],"line":104}},"s":{"0":158,"1":0,"2":0,"3":0,"4":0,"5":0,"6":0,"7":0,"8":0,"9":0,"10":0,"11":0,"12":0,"13":0,"14":0,"15":0,"16":0,"17":0,"18":0,"19":0,"20":0,"21":0,"22":0,"23":0,"24":0,"25":0},"f":{"0":0,"1":0,"2":0,"3":0,"4":0,"5":0,"6":0,"7":0,"8":0,"9":0,"10":0,"11":0,"12":0,"13":0,"14":0,"15":0,"16":0},"b":{"0":[0],"1":[0],"2":[0,0],"3":[0,0],"4":[0,0],"5":[0,0]},"_coverageSchema":"1a1c01bbd47fc00a2c39e90264f33305004495a9","hash":"9a4a6ca9061b11226ffcb237a75d985679852248"}}
,"/Users/ravi/workspace/xwp/material-theme-builder-wp/assets/src/block-editor/blocks/card/components/card-actions.js": {"data":{"path":"/Users/ravi/workspace/xwp/material-theme-builder-wp/assets/src/block-editor/blocks/card/components/card-actions.js","statementMap":{"0":{"start":{"line":26,"column":20},"end":{"line":85,"column":1}},"1":{"start":{"line":41,"column":30},"end":{"line":54,"column":2}},"2":{"start":{"line":56,"column":1},"end":{"line":84,"column":3}}},"fnMap":{"0":{"name":"(anonymous_0)","decl":{"start":{"line":26,"column":20},"end":{"line":26,"column":21}},"loc":{"start":{"line":40,"column":7},"end":{"line":85,"column":1}},"line":40}},"branchMap":{"0":{"loc":{"start":{"line":58,"column":5},"end":{"line":82,"column":4}},"type":"cond-expr","locations":[{"start":{"line":59,"column":4},"end":{"line":59,"column":51}},{"start":{"line":61,"column":4},"end":{"line":81,"column":10}}],"line":58},"1":{"loc":{"start":{"line":71,"column":8},"end":{"line":79,"column":7}},"type":"binary-expr","locations":[{"start":{"line":71,"column":8},"end":{"line":71,"column":36}},{"start":{"line":72,"column":7},"end":{"line":78,"column":9}}],"line":71}},"s":{"0":158,"1":0,"2":0},"f":{"0":0},"b":{"0":[0,0],"1":[0,0]},"_coverageSchema":"1a1c01bbd47fc00a2c39e90264f33305004495a9","hash":"1a22daa9cc17435504cf60921b7684f6f23babcf"}}
,"/Users/ravi/workspace/xwp/material-theme-builder-wp/assets/src/block-editor/blocks/card/components/card-image-edit.js": {"data":{"path":"/Users/ravi/workspace/xwp/material-theme-builder-wp/assets/src/block-editor/blocks/card/components/card-image-edit.js","statementMap":{"0":{"start":{"line":34,"column":22},"end":{"line":148,"column":1}},"1":{"start":{"line":44,"column":35},"end":{"line":46,"column":2}},"2":{"start":{"line":47,"column":37},"end":{"line":47,"column":54}},"3":{"start":{"line":49,"column":1},"end":{"line":55,"column":25}},"4":{"start":{"line":50,"column":2},"end":{"line":54,"column":3}},"5":{"start":{"line":51,"column":3},"end":{"line":51,"column":23}},"6":{"start":{"line":53,"column":3},"end":{"line":53,"column":24}},"7":{"start":{"line":62,"column":23},"end":{"line":66,"column":2}},"8":{"start":{"line":63,"column":2},"end":{"line":63,"column":48}},"9":{"start":{"line":64,"column":2},"end":{"line":64,"column":48}},"10":{"start":{"line":65,"column":2},"end":{"line":65,"column":55}},"11":{"start":{"line":71,"column":23},"end":{"line":75,"column":2}},"12":{"start":{"line":72,"column":2},"end":{"line":72,"column":44}},"13":{"start":{"line":73,"column":2},"end":{"line":73,"column":48}},"14":{"start":{"line":74,"column":2},"end":{"line":74,"column":23}},"15":{"start":{"line":82,"column":30},"end":{"line":90,"column":2}},"16":{"start":{"line":83,"column":24},"end":{"line":83,"column":43}},"17":{"start":{"line":92,"column":1},"end":{"line":147,"column":3}},"18":{"start":{"line":111,"column":22},"end":{"line":111,"column":42}}},"fnMap":{"0":{"name":"(anonymous_0)","decl":{"start":{"line":34,"column":22},"end":{"line":34,"column":23}},"loc":{"start":{"line":43,"column":7},"end":{"line":148,"column":1}},"line":43},"1":{"name":"(anonymous_1)","decl":{"start":{"line":49,"column":12},"end":{"line":49,"column":13}},"loc":{"start":{"line":49,"column":18},"end":{"line":55,"column":2}},"line":49},"2":{"name":"(anonymous_2)","decl":{"start":{"line":62,"column":23},"end":{"line":62,"column":24}},"loc":{"start":{"line":62,"column":29},"end":{"line":66,"column":2}},"line":62},"3":{"name":"(anonymous_3)","decl":{"start":{"line":71,"column":23},"end":{"line":71,"column":24}},"loc":{"start":{"line":71,"column":29},"end":{"line":75,"column":2}},"line":71},"4":{"name":"(anonymous_4)","decl":{"start":{"line":82,"column":30},"end":{"line":82,"column":31}},"loc":{"start":{"line":82,"column":39},"end":{"line":90,"column":2}},"line":82},"5":{"name":"(anonymous_5)","decl":{"start":{"line":111,"column":16},"end":{"line":111,"column":17}},"loc":{"start":{"line":111,"column":22},"end":{"line":111,"column":42}},"line":111}},"branchMap":{"0":{"loc":{"start":{"line":45,"column":2},"end":{"line":45,"column":55}},"type":"binary-expr","locations":[{"start":{"line":45,"column":2},"end":{"line":45,"column":30}},{"start":{"line":45,"column":34},"end":{"line":45,"column":55}}],"line":45},"1":{"loc":{"start":{"line":50,"column":2},"end":{"line":54,"column":3}},"type":"if","locations":[{"start":{"line":50,"column":2},"end":{"line":54,"column":3}},{"start":{"line":50,"column":2},"end":{"line":54,"column":3}}],"line":50},"2":{"loc":{"start":{"line":50,"column":7},"end":{"line":50,"column":60}},"type":"binary-expr","locations":[{"start":{"line":50,"column":7},"end":{"line":50,"column":35}},{"start":{"line":50,"column":39},"end":{"line":50,"column":60}}],"line":50},"3":{"loc":{"start":{"line":65,"column":15},"end":{"line":65,"column":52}},"type":"binary-expr","locations":[{"start":{"line":65,"column":15},"end":{"line":65,"column":35}},{"start":{"line":65,"column":39},"end":{"line":65,"column":52}}],"line":65},"4":{"loc":{"start":{"line":94,"column":5},"end":{"line":104,"column":4}},"type":"binary-expr","locations":[{"start":{"line":94,"column":7},"end":{"line":94,"column":17}},{"start":{"line":94,"column":21},"end":{"line":94,"column":36}},{"start":{"line":94,"column":42},"end":{"line":94,"column":54}},{"start":{"line":95,"column":4},"end":{"line":103,"column":24}}],"line":94},"5":{"loc":{"start":{"line":105,"column":5},"end":{"line":145,"column":4}},"type":"binary-expr","locations":[{"start":{"line":105,"column":5},"end":{"line":105,"column":13}},{"start":{"line":105,"column":17},"end":{"line":105,"column":34}},{"start":{"line":105,"column":38},"end":{"line":105,"column":52}},{"start":{"line":106,"column":4},"end":{"line":144,"column":7}}],"line":105},"6":{"loc":{"start":{"line":124,"column":9},"end":{"line":128,"column":8}},"type":"binary-expr","locations":[{"start":{"line":124,"column":9},"end":{"line":124,"column":44}},{"start":{"line":125,"column":8},"end":{"line":127,"column":14}}],"line":124}},"s":{"0":158,"1":0,"2":0,"3":0,"4":0,"5":0,"6":0,"7":0,"8":0,"9":0,"10":0,"11":0,"12":0,"13":0,"14":0,"15":0,"16":0,"17":0,"18":0},"f":{"0":0,"1":0,"2":0,"3":0,"4":0,"5":0},"b":{"0":[0,0],"1":[0,0],"2":[0,0],"3":[0,0],"4":[0,0,0,0],"5":[0,0,0,0],"6":[0,0]},"_coverageSchema":"1a1c01bbd47fc00a2c39e90264f33305004495a9","hash":"b51c09fc252959734ee36baab3c470b3ee9bbf54"}}
,"/Users/ravi/workspace/xwp/material-theme-builder-wp/assets/src/block-editor/blocks/card/components/card-image.js": {"data":{"path":"/Users/ravi/workspace/xwp/material-theme-builder-wp/assets/src/block-editor/blocks/card/components/card-image.js","statementMap":{"0":{"start":{"line":28,"column":18},"end":{"line":77,"column":1}},"1":{"start":{"line":39,"column":28},"end":{"line":49,"column":2}},"2":{"start":{"line":51,"column":1},"end":{"line":76,"column":3}}},"fnMap":{"0":{"name":"(anonymous_0)","decl":{"start":{"line":28,"column":18},"end":{"line":28,"column":19}},"loc":{"start":{"line":38,"column":7},"end":{"line":77,"column":1}},"line":38}},"branchMap":{"0":{"loc":{"start":{"line":53,"column":5},"end":{"line":74,"column":4}},"type":"cond-expr","locations":[{"start":{"line":54,"column":4},"end":{"line":54,"column":47}},{"start":{"line":56,"column":4},"end":{"line":73,"column":5}}],"line":53},"1":{"loc":{"start":{"line":56,"column":4},"end":{"line":73,"column":5}},"type":"binary-expr","locations":[{"start":{"line":56,"column":6},"end":{"line":56,"column":20}},{"start":{"line":56,"column":24},"end":{"line":56,"column":59}},{"start":{"line":57,"column":5},"end":{"line":72,"column":11}}],"line":56},"2":{"loc":{"start":{"line":67,"column":8},"end":{"line":71,"column":7}},"type":"binary-expr","locations":[{"start":{"line":67,"column":8},"end":{"line":67,"column":43}},{"start":{"line":68,"column":7},"end":{"line":70,"column":13}}],"line":67}},"s":{"0":158,"1":0,"2":0},"f":{"0":0},"b":{"0":[0,0],"1":[0,0,0],"2":[0,0]},"_coverageSchema":"1a1c01bbd47fc00a2c39e90264f33305004495a9","hash":"e2429250fb72baf8b32ae00ea5e13266075263ce"}}
,"/Users/ravi/workspace/xwp/material-theme-builder-wp/assets/src/block-editor/blocks/card/components/card-primary.js": {"data":{"path":"/Users/ravi/workspace/xwp/material-theme-builder-wp/assets/src/block-editor/blocks/card/components/card-primary.js","statementMap":{"0":{"start":{"line":21,"column":20},"end":{"line":68,"column":1}},"1":{"start":{"line":30,"column":1},"end":{"line":67,"column":7}},"2":{"start":{"line":38,"column":26},"end":{"line":38,"column":61}},"3":{"start":{"line":48,"column":26},"end":{"line":48,"column":69}}},"fnMap":{"0":{"name":"(anonymous_0)","decl":{"start":{"line":21,"column":20},"end":{"line":21,"column":21}},"loc":{"start":{"line":30,"column":1},"end":{"line":67,"column":7}},"line":30},"1":{"name":"(anonymous_1)","decl":{"start":{"line":38,"column":17},"end":{"line":38,"column":18}},"loc":{"start":{"line":38,"column":26},"end":{"line":38,"column":61}},"line":38},"2":{"name":"(anonymous_2)","decl":{"start":{"line":48,"column":17},"end":{"line":48,"column":18}},"loc":{"start":{"line":48,"column":26},"end":{"line":48,"column":69}},"line":48}},"branchMap":{"0":{"loc":{"start":{"line":31,"column":4},"end":{"line":66,"column":3}},"type":"cond-expr","locations":[{"start":{"line":32,"column":3},"end":{"line":52,"column":6}},{"start":{"line":54,"column":3},"end":{"line":65,"column":6}}],"line":31},"1":{"loc":{"start":{"line":33,"column":6},"end":{"line":42,"column":5}},"type":"binary-expr","locations":[{"start":{"line":33,"column":6},"end":{"line":33,"column":18}},{"start":{"line":34,"column":5},"end":{"line":41,"column":7}}],"line":33},"2":{"loc":{"start":{"line":43,"column":6},"end":{"line":51,"column":5}},"type":"binary-expr","locations":[{"start":{"line":43,"column":6},"end":{"line":43,"column":26}},{"start":{"line":44,"column":5},"end":{"line":50,"column":7}}],"line":43},"3":{"loc":{"start":{"line":55,"column":6},"end":{"line":59,"column":5}},"type":"binary-expr","locations":[{"start":{"line":55,"column":6},"end":{"line":55,"column":18}},{"start":{"line":56,"column":5},"end":{"line":58,"column":10}}],"line":55},"4":{"loc":{"start":{"line":60,"column":6},"end":{"line":64,"column":5}},"type":"binary-expr","locations":[{"start":{"line":60,"column":6},"end":{"line":60,"column":26}},{"start":{"line":61,"column":5},"end":{"line":63,"column":10}}],"line":60}},"s":{"0":158,"1":0,"2":0,"3":0},"f":{"0":0,"1":0,"2":0},"b":{"0":[0,0],"1":[0,0],"2":[0,0],"3":[0,0],"4":[0,0]},"_coverageSchema":"1a1c01bbd47fc00a2c39e90264f33305004495a9","hash":"63e09109ed51a9385563b0c14b8e3dcfbcf038d5"}}
,"/Users/ravi/workspace/xwp/material-theme-builder-wp/assets/src/block-editor/blocks/card/components/card-supporting-text.js": {"data":{"path":"/Users/ravi/workspace/xwp/material-theme-builder-wp/assets/src/block-editor/blocks/card/components/card-supporting-text.js","statementMap":{"0":{"start":{"line":24,"column":27},"end":{"line":58,"column":1}},"1":{"start":{"line":31,"column":1},"end":{"line":57,"column":4}},"2":{"start":{"line":42,"column":24},"end":{"line":42,"column":68}}},"fnMap":{"0":{"name":"(anonymous_0)","decl":{"start":{"line":24,"column":27},"end":{"line":24,"column":28}},"loc":{"start":{"line":31,"column":1},"end":{"line":57,"column":4}},"line":31},"1":{"name":"(anonymous_1)","decl":{"start":{"line":42,"column":15},"end":{"line":42,"column":16}},"loc":{"start":{"line":42,"column":24},"end":{"line":42,"column":68}},"line":42}},"branchMap":{"0":{"loc":{"start":{"line":32,"column":4},"end":{"line":56,"column":3}},"type":"cond-expr","locations":[{"start":{"line":33,"column":3},"end":{"line":44,"column":5}},{"start":{"line":46,"column":3},"end":{"line":55,"column":9}}],"line":32}},"s":{"0":158,"1":0,"2":0},"f":{"0":0,"1":0},"b":{"0":[0,0]},"_coverageSchema":"1a1c01bbd47fc00a2c39e90264f33305004495a9","hash":"889dcf2ec938f8e2dbdfd6de58f63f1a8058c226"}}
,"/Users/ravi/workspace/xwp/material-theme-builder-wp/assets/src/block-editor/blocks/card/components/horizontal-card-layout.js": {"data":{"path":"/Users/ravi/workspace/xwp/material-theme-builder-wp/assets/src/block-editor/blocks/card/components/horizontal-card-layout.js","statementMap":{"0":{"start":{"line":43,"column":29},"end":{"line":136,"column":1}},"1":{"start":{"line":69,"column":1},"end":{"line":69,"column":36}},"2":{"start":{"line":71,"column":26},"end":{"line":79,"column":2}},"3":{"start":{"line":81,"column":24},"end":{"line":91,"column":2}},"4":{"start":{"line":93,"column":16},"end":{"line":93,"column":18}},"5":{"start":{"line":95,"column":1},"end":{"line":97,"column":2}},"6":{"start":{"line":96,"column":2},"end":{"line":96,"column":46}},"7":{"start":{"line":99,"column":1},"end":{"line":135,"column":3}}},"fnMap":{"0":{"name":"(anonymous_0)","decl":{"start":{"line":43,"column":29},"end":{"line":43,"column":30}},"loc":{"start":{"line":68,"column":7},"end":{"line":136,"column":1}},"line":68}},"branchMap":{"0":{"loc":{"start":{"line":95,"column":1},"end":{"line":97,"column":2}},"type":"if","locations":[{"start":{"line":95,"column":1},"end":{"line":97,"column":2}},{"start":{"line":95,"column":1},"end":{"line":97,"column":2}}],"line":95},"1":{"loc":{"start":{"line":114,"column":6},"end":{"line":114,"column":57}},"type":"binary-expr","locations":[{"start":{"line":114,"column":6},"end":{"line":114,"column":18}},{"start":{"line":114,"column":22},"end":{"line":114,"column":57}}],"line":114},"2":{"loc":{"start":{"line":117,"column":5},"end":{"line":133,"column":4}},"type":"binary-expr","locations":[{"start":{"line":117,"column":5},"end":{"line":117,"column":19}},{"start":{"line":118,"column":4},"end":{"line":132,"column":6}}],"line":117}},"s":{"0":158,"1":0,"2":0,"3":0,"4":0,"5":0,"6":0,"7":0},"f":{"0":0},"b":{"0":[0,0],"1":[0,0],"2":[0,0]},"_coverageSchema":"1a1c01bbd47fc00a2c39e90264f33305004495a9","hash":"7f4190a64d1eb342fbbaa0b11ccdc1438a0ce89a"}}
,"/Users/ravi/workspace/xwp/material-theme-builder-wp/assets/src/block-editor/blocks/card/components/inspector-controls-content-panel.js": {"data":{"path":"/Users/ravi/workspace/xwp/material-theme-builder-wp/assets/src/block-editor/blocks/card/components/inspector-controls-content-panel.js","statementMap":{"0":{"start":{"line":25,"column":36},"end":{"line":90,"column":1}},"1":{"start":{"line":38,"column":1},"end":{"line":89,"column":13}},"2":{"start":{"line":50,"column":4},"end":{"line":50,"column":47}},"3":{"start":{"line":51,"column":4},"end":{"line":51,"column":55}},"4":{"start":{"line":58,"column":24},"end":{"line":58,"column":74}},"5":{"start":{"line":64,"column":23},"end":{"line":64,"column":65}},"6":{"start":{"line":71,"column":5},"end":{"line":71,"column":56}},"7":{"start":{"line":78,"column":23},"end":{"line":78,"column":67}},"8":{"start":{"line":85,"column":5},"end":{"line":85,"column":63}}},"fnMap":{"0":{"name":"(anonymous_0)","decl":{"start":{"line":25,"column":36},"end":{"line":25,"column":37}},"loc":{"start":{"line":38,"column":1},"end":{"line":89,"column":13}},"line":38},"1":{"name":"(anonymous_1)","decl":{"start":{"line":49,"column":14},"end":{"line":49,"column":15}},"loc":{"start":{"line":49,"column":23},"end":{"line":52,"column":4}},"line":49},"2":{"name":"(anonymous_2)","decl":{"start":{"line":58,"column":15},"end":{"line":58,"column":16}},"loc":{"start":{"line":58,"column":24},"end":{"line":58,"column":74}},"line":58},"3":{"name":"(anonymous_3)","decl":{"start":{"line":64,"column":14},"end":{"line":64,"column":15}},"loc":{"start":{"line":64,"column":23},"end":{"line":64,"column":65}},"line":64},"4":{"name":"(anonymous_4)","decl":{"start":{"line":70,"column":15},"end":{"line":70,"column":16}},"loc":{"start":{"line":71,"column":5},"end":{"line":71,"column":56}},"line":71},"5":{"name":"(anonymous_5)","decl":{"start":{"line":78,"column":14},"end":{"line":78,"column":15}},"loc":{"start":{"line":78,"column":23},"end":{"line":78,"column":67}},"line":78},"6":{"name":"(anonymous_6)","decl":{"start":{"line":84,"column":15},"end":{"line":84,"column":16}},"loc":{"start":{"line":85,"column":5},"end":{"line":85,"column":63}},"line":85}},"branchMap":{"0":{"loc":{"start":{"line":26,"column":1},"end":{"line":26,"column":29}},"type":"default-arg","locations":[{"start":{"line":26,"column":19},"end":{"line":26,"column":29}}],"line":26},"1":{"loc":{"start":{"line":36,"column":1},"end":{"line":36,"column":28}},"type":"default-arg","locations":[{"start":{"line":36,"column":24},"end":{"line":36,"column":28}}],"line":36},"2":{"loc":{"start":{"line":40,"column":3},"end":{"line":42,"column":65}},"type":"cond-expr","locations":[{"start":{"line":41,"column":6},"end":{"line":41,"column":56}},{"start":{"line":42,"column":6},"end":{"line":42,"column":65}}],"line":40},"3":{"loc":{"start":{"line":54,"column":4},"end":{"line":60,"column":3}},"type":"binary-expr","locations":[{"start":{"line":54,"column":4},"end":{"line":54,"column":16}},{"start":{"line":55,"column":3},"end":{"line":59,"column":5}}],"line":54},"4":{"loc":{"start":{"line":66,"column":4},"end":{"line":74,"column":3}},"type":"binary-expr","locations":[{"start":{"line":66,"column":4},"end":{"line":66,"column":34}},{"start":{"line":67,"column":3},"end":{"line":73,"column":5}}],"line":66},"5":{"loc":{"start":{"line":80,"column":4},"end":{"line":88,"column":3}},"type":"binary-expr","locations":[{"start":{"line":80,"column":4},"end":{"line":80,"column":18}},{"start":{"line":81,"column":3},"end":{"line":87,"column":5}}],"line":80}},"s":{"0":158,"1":0,"2":0,"3":0,"4":0,"5":0,"6":0,"7":0,"8":0},"f":{"0":0,"1":0,"2":0,"3":0,"4":0,"5":0,"6":0},"b":{"0":[0],"1":[0],"2":[0,0],"3":[0,0],"4":[0,0],"5":[0,0]},"_coverageSchema":"1a1c01bbd47fc00a2c39e90264f33305004495a9","hash":"76df64dad6a57e980249ca9c8c42dcd141639506"}}
,"/Users/ravi/workspace/xwp/material-theme-builder-wp/assets/src/block-editor/blocks/card/components/inspector-controls-style-panel.js": {"data":{"path":"/Users/ravi/workspace/xwp/material-theme-builder-wp/assets/src/block-editor/blocks/card/components/inspector-controls-style-panel.js","statementMap":{"0":{"start":{"line":13,"column":24},"end":{"line":26,"column":1}},"1":{"start":{"line":28,"column":31},"end":{"line":28,"column":32}},"2":{"start":{"line":29,"column":31},"end":{"line":29,"column":33}},"3":{"start":{"line":45,"column":36},"end":{"line":85,"column":1}},"4":{"start":{"line":55,"column":1},"end":{"line":84,"column":13}},"5":{"start":{"line":68,"column":24},"end":{"line":68,"column":67}},"6":{"start":{"line":74,"column":23},"end":{"line":74,"column":65}},"7":{"start":{"line":82,"column":23},"end":{"line":82,"column":61}}},"fnMap":{"0":{"name":"(anonymous_0)","decl":{"start":{"line":45,"column":36},"end":{"line":45,"column":37}},"loc":{"start":{"line":55,"column":1},"end":{"line":84,"column":13}},"line":55},"1":{"name":"(anonymous_1)","decl":{"start":{"line":68,"column":15},"end":{"line":68,"column":16}},"loc":{"start":{"line":68,"column":24},"end":{"line":68,"column":67}},"line":68},"2":{"name":"(anonymous_2)","decl":{"start":{"line":74,"column":14},"end":{"line":74,"column":15}},"loc":{"start":{"line":74,"column":23},"end":{"line":74,"column":65}},"line":74},"3":{"name":"(anonymous_3)","decl":{"start":{"line":82,"column":14},"end":{"line":82,"column":15}},"loc":{"start":{"line":82,"column":23},"end":{"line":82,"column":61}},"line":82}},"branchMap":{"0":{"loc":{"start":{"line":46,"column":1},"end":{"line":46,"column":29}},"type":"default-arg","locations":[{"start":{"line":46,"column":19},"end":{"line":46,"column":29}}],"line":46},"1":{"loc":{"start":{"line":53,"column":1},"end":{"line":53,"column":28}},"type":"default-arg","locations":[{"start":{"line":53,"column":24},"end":{"line":53,"column":28}}],"line":53},"2":{"loc":{"start":{"line":57,"column":3},"end":{"line":59,"column":63}},"type":"cond-expr","locations":[{"start":{"line":58,"column":6},"end":{"line":58,"column":54}},{"start":{"line":59,"column":6},"end":{"line":59,"column":63}}],"line":57},"3":{"loc":{"start":{"line":63,"column":4},"end":{"line":70,"column":3}},"type":"binary-expr","locations":[{"start":{"line":63,"column":4},"end":{"line":63,"column":34}},{"start":{"line":64,"column":3},"end":{"line":69,"column":5}}],"line":63}},"s":{"0":158,"1":158,"2":158,"3":158,"4":0,"5":0,"6":0,"7":0},"f":{"0":0,"1":0,"2":0,"3":0},"b":{"0":[0],"1":[0],"2":[0,0],"3":[0,0]},"_coverageSchema":"1a1c01bbd47fc00a2c39e90264f33305004495a9","hash":"339dc86e86ba12a1b80de2251dc4318ec20ef7c2"}}
,"/Users/ravi/workspace/xwp/material-theme-builder-wp/assets/src/block-editor/blocks/card/components/vertical-card-layout.js": {"data":{"path":"/Users/ravi/workspace/xwp/material-theme-builder-wp/assets/src/block-editor/blocks/card/components/vertical-card-layout.js","statementMap":{"0":{"start":{"line":46,"column":27},"end":{"line":160,"column":1}},"1":{"start":{"line":74,"column":26},"end":{"line":82,"column":2}},"2":{"start":{"line":84,"column":24},"end":{"line":94,"column":2}},"3":{"start":{"line":96,"column":16},"end":{"line":96,"column":18}},"4":{"start":{"line":98,"column":1},"end":{"line":100,"column":2}},"5":{"start":{"line":99,"column":2},"end":{"line":99,"column":46}},"6":{"start":{"line":102,"column":1},"end":{"line":159,"column":3}}},"fnMap":{"0":{"name":"(anonymous_0)","decl":{"start":{"line":46,"column":27},"end":{"line":46,"column":28}},"loc":{"start":{"line":73,"column":7},"end":{"line":160,"column":1}},"line":73}},"branchMap":{"0":{"loc":{"start":{"line":98,"column":1},"end":{"line":100,"column":2}},"type":"if","locations":[{"start":{"line":98,"column":1},"end":{"line":100,"column":2}},{"start":{"line":98,"column":1},"end":{"line":100,"column":2}}],"line":98},"1":{"loc":{"start":{"line":113,"column":6},"end":{"line":115,"column":5}},"type":"binary-expr","locations":[{"start":{"line":113,"column":6},"end":{"line":113,"column":42}},{"start":{"line":114,"column":5},"end":{"line":114,"column":44}}],"line":113},"2":{"loc":{"start":{"line":117,"column":6},"end":{"line":119,"column":64}},"type":"binary-expr","locations":[{"start":{"line":117,"column":6},"end":{"line":117,"column":41}},{"start":{"line":118,"column":5},"end":{"line":118,"column":17}},{"start":{"line":119,"column":5},"end":{"line":119,"column":21}},{"start":{"line":119,"column":25},"end":{"line":119,"column":64}}],"line":117},"3":{"loc":{"start":{"line":121,"column":6},"end":{"line":123,"column":5}},"type":"binary-expr","locations":[{"start":{"line":121,"column":6},"end":{"line":121,"column":41}},{"start":{"line":121,"column":45},"end":{"line":121,"column":59}},{"start":{"line":122,"column":5},"end":{"line":122,"column":44}}],"line":121},"4":{"loc":{"start":{"line":125,"column":6},"end":{"line":125,"column":57}},"type":"binary-expr","locations":[{"start":{"line":125,"column":6},"end":{"line":125,"column":18}},{"start":{"line":125,"column":22},"end":{"line":125,"column":57}}],"line":125},"5":{"loc":{"start":{"line":127,"column":6},"end":{"line":129,"column":5}},"type":"binary-expr","locations":[{"start":{"line":127,"column":6},"end":{"line":127,"column":42}},{"start":{"line":128,"column":5},"end":{"line":128,"column":44}}],"line":127},"6":{"loc":{"start":{"line":131,"column":6},"end":{"line":139,"column":5}},"type":"binary-expr","locations":[{"start":{"line":131,"column":6},"end":{"line":131,"column":27}},{"start":{"line":132,"column":5},"end":{"line":138,"column":7}}],"line":131},"7":{"loc":{"start":{"line":141,"column":5},"end":{"line":157,"column":4}},"type":"binary-expr","locations":[{"start":{"line":141,"column":5},"end":{"line":141,"column":19}},{"start":{"line":142,"column":4},"end":{"line":156,"column":6}}],"line":141}},"s":{"0":158,"1":0,"2":0,"3":0,"4":0,"5":0,"6":0},"f":{"0":0},"b":{"0":[0,0],"1":[0,0],"2":[0,0,0,0],"3":[0,0,0],"4":[0,0],"5":[0,0],"6":[0,0],"7":[0,0]},"_coverageSchema":"1a1c01bbd47fc00a2c39e90264f33305004495a9","hash":"720b0ed5be4e28c8ae3cd0548332c726c3be2fe4"}}
,"/Users/ravi/workspace/xwp/material-theme-builder-wp/assets/src/block-editor/blocks/cards-collection/constants.js": {"data":{"path":"/Users/ravi/workspace/xwp/material-theme-builder-wp/assets/src/block-editor/blocks/cards-collection/constants.js","statementMap":{"0":{"start":{"line":6,"column":37},"end":{"line":29,"column":1}},"1":{"start":{"line":31,"column":39},"end":{"line":31,"column":40}},"2":{"start":{"line":32,"column":35},"end":{"line":32,"column":36}},"3":{"start":{"line":33,"column":35},"end":{"line":33,"column":37}}},"fnMap":{},"branchMap":{},"s":{"0":158,"1":158,"2":158,"3":158},"f":{},"b":{},"_coverageSchema":"1a1c01bbd47fc00a2c39e90264f33305004495a9","hash":"1618089b85be4dec6ab60ec9ddb419b00b946dfc"}}
,"/Users/ravi/workspace/xwp/material-theme-builder-wp/assets/src/block-editor/blocks/cards-collection/edit.js": {"data":{"path":"/Users/ravi/workspace/xwp/material-theme-builder-wp/assets/src/block-editor/blocks/cards-collection/edit.js","statementMap":{"0":{"start":{"line":36,"column":13},"end":{"line":336,"column":1}},"1":{"start":{"line":37,"column":50},"end":{"line":37,"column":55}},"2":{"start":{"line":55,"column":5},"end":{"line":55,"column":15}},"3":{"start":{"line":56,"column":29},"end":{"line":56,"column":43}},"4":{"start":{"line":57,"column":32},"end":{"line":59,"column":2}},"5":{"start":{"line":60,"column":35},"end":{"line":60,"column":45}},"6":{"start":{"line":61,"column":20},"end":{"line":61,"column":51}},"7":{"start":{"line":84,"column":1},"end":{"line":84,"column":51}},"8":{"start":{"line":86,"column":24},"end":{"line":86,"column":38}},"9":{"start":{"line":88,"column":1},"end":{"line":133,"column":3}},"10":{"start":{"line":90,"column":3},"end":{"line":117,"column":4}},"11":{"start":{"line":91,"column":4},"end":{"line":91,"column":35}},"12":{"start":{"line":93,"column":26},"end":{"line":93,"column":43}},"13":{"start":{"line":94,"column":4},"end":{"line":113,"column":5}},"14":{"start":{"line":94,"column":22},"end":{"line":94,"column":23}},"15":{"start":{"line":95,"column":5},"end":{"line":106,"column":6}},"16":{"start":{"line":96,"column":6},"end":{"line":96,"column":57}},"17":{"start":{"line":97,"column":6},"end":{"line":97,"column":73}},"18":{"start":{"line":98,"column":6},"end":{"line":98,"column":57}},"19":{"start":{"line":99,"column":6},"end":{"line":101,"column":54}},"20":{"start":{"line":102,"column":6},"end":{"line":102,"column":61}},"21":{"start":{"line":103,"column":6},"end":{"line":105,"column":68}},"22":{"start":{"line":108,"column":5},"end":{"line":112,"column":6}},"23":{"start":{"line":109,"column":6},"end":{"line":109,"column":59}},"24":{"start":{"line":110,"column":6},"end":{"line":110,"column":57}},"25":{"start":{"line":111,"column":6},"end":{"line":111,"column":49}},"26":{"start":{"line":114,"column":4},"end":{"line":116,"column":8}},"27":{"start":{"line":157,"column":1},"end":{"line":245,"column":3}},"28":{"start":{"line":159,"column":17},"end":{"line":159,"column":19}},"29":{"start":{"line":160,"column":3},"end":{"line":240,"column":4}},"30":{"start":{"line":160,"column":25},"end":{"line":160,"column":26}},"31":{"start":{"line":161,"column":20},"end":{"line":161,"column":48}},"32":{"start":{"line":162,"column":33},"end":{"line":162,"column":38}},"33":{"start":{"line":163,"column":4},"end":{"line":183,"column":5}},"34":{"start":{"line":164,"column":5},"end":{"line":164,"column":48}},"35":{"start":{"line":166,"column":28},"end":{"line":166,"column":56}},"36":{"start":{"line":167,"column":5},"end":{"line":174,"column":6}},"37":{"start":{"line":168,"column":6},"end":{"line":168,"column":49}},"38":{"start":{"line":169,"column":6},"end":{"line":169,"column":65}},"39":{"start":{"line":170,"column":6},"end":{"line":170,"column":49}},"40":{"start":{"line":171,"column":6},"end":{"line":171,"column":67}},"41":{"start":{"line":172,"column":6},"end":{"line":172,"column":53}},"42":{"start":{"line":173,"column":6},"end":{"line":173,"column":81}},"43":{"start":{"line":176,"column":5},"end":{"line":180,"column":6}},"44":{"start":{"line":177,"column":6},"end":{"line":177,"column":51}},"45":{"start":{"line":178,"column":6},"end":{"line":178,"column":49}},"46":{"start":{"line":179,"column":6},"end":{"line":179,"column":41}},"47":{"start":{"line":181,"column":5},"end":{"line":181,"column":39}},"48":{"start":{"line":182,"column":5},"end":{"line":182,"column":35}},"49":{"start":{"line":185,"column":4},"end":{"line":191,"column":5}},"50":{"start":{"line":186,"column":27},"end":{"line":186,"column":44}},"51":{"start":{"line":188,"column":5},"end":{"line":190,"column":9}},"52":{"start":{"line":193,"column":22},"end":{"line":200,"column":5}},"53":{"start":{"line":202,"column":26},"end":{"line":202,"column":46}},"54":{"start":{"line":204,"column":26},"end":{"line":206,"column":5}},"55":{"start":{"line":208,"column":4},"end":{"line":239,"column":6}},"56":{"start":{"line":223,"column":22},"end":{"line":223,"column":46}},"57":{"start":{"line":233,"column":31},"end":{"line":233,"column":62}},"58":{"start":{"line":234,"column":34},"end":{"line":234,"column":68}},"59":{"start":{"line":235,"column":25},"end":{"line":235,"column":50}},"60":{"start":{"line":241,"column":3},"end":{"line":241,"column":21}},"61":{"start":{"line":252,"column":21},"end":{"line":254,"column":2}},"62":{"start":{"line":253,"column":2},"end":{"line":253,"column":27}},"63":{"start":{"line":261,"column":28},"end":{"line":272,"column":2}},"64":{"start":{"line":262,"column":24},"end":{"line":262,"column":41}},"65":{"start":{"line":263,"column":2},"end":{"line":271,"column":3}},"66":{"start":{"line":264,"column":16},"end":{"line":264,"column":42}},"67":{"start":{"line":265,"column":3},"end":{"line":265,"column":63}},"68":{"start":{"line":266,"column":3},"end":{"line":266,"column":41}},"69":{"start":{"line":267,"column":3},"end":{"line":269,"column":7}},"70":{"start":{"line":270,"column":3},"end":{"line":270,"column":32}},"71":{"start":{"line":279,"column":31},"end":{"line":291,"column":2}},"72":{"start":{"line":280,"column":24},"end":{"line":280,"column":41}},"73":{"start":{"line":281,"column":2},"end":{"line":290,"column":3}},"74":{"start":{"line":282,"column":16},"end":{"line":282,"column":42}},"75":{"start":{"line":283,"column":3},"end":{"line":283,"column":63}},"76":{"start":{"line":284,"column":3},"end":{"line":284,"column":41}},"77":{"start":{"line":285,"column":3},"end":{"line":287,"column":7}},"78":{"start":{"line":289,"column":3},"end":{"line":289,"column":32}},"79":{"start":{"line":298,"column":22},"end":{"line":306,"column":2}},"80":{"start":{"line":299,"column":24},"end":{"line":299,"column":41}},"81":{"start":{"line":300,"column":2},"end":{"line":300,"column":39}},"82":{"start":{"line":301,"column":2},"end":{"line":304,"column":6}},"83":{"start":{"line":305,"column":2},"end":{"line":305,"column":23}},"84":{"start":{"line":323,"column":1},"end":{"line":335,"column":3}}},"fnMap":{"0":{"name":"(anonymous_0)","decl":{"start":{"line":36,"column":13},"end":{"line":36,"column":14}},"loc":{"start":{"line":36,"column":22},"end":{"line":336,"column":1}},"line":36},"1":{"name":"(anonymous_1)","decl":{"start":{"line":89,"column":2},"end":{"line":89,"column":3}},"loc":{"start":{"line":89,"column":8},"end":{"line":118,"column":3}},"line":89},"2":{"name":"(anonymous_2)","decl":{"start":{"line":158,"column":2},"end":{"line":158,"column":3}},"loc":{"start":{"line":158,"column":8},"end":{"line":242,"column":3}},"line":158},"3":{"name":"(anonymous_3)","decl":{"start":{"line":223,"column":16},"end":{"line":223,"column":17}},"loc":{"start":{"line":223,"column":22},"end":{"line":223,"column":46}},"line":223},"4":{"name":"(anonymous_4)","decl":{"start":{"line":233,"column":25},"end":{"line":233,"column":26}},"loc":{"start":{"line":233,"column":31},"end":{"line":233,"column":62}},"line":233},"5":{"name":"(anonymous_5)","decl":{"start":{"line":234,"column":28},"end":{"line":234,"column":29}},"loc":{"start":{"line":234,"column":34},"end":{"line":234,"column":68}},"line":234},"6":{"name":"(anonymous_6)","decl":{"start":{"line":235,"column":19},"end":{"line":235,"column":20}},"loc":{"start":{"line":235,"column":25},"end":{"line":235,"column":50}},"line":235},"7":{"name":"(anonymous_7)","decl":{"start":{"line":252,"column":21},"end":{"line":252,"column":22}},"loc":{"start":{"line":252,"column":34},"end":{"line":254,"column":2}},"line":252},"8":{"name":"(anonymous_8)","decl":{"start":{"line":261,"column":28},"end":{"line":261,"column":29}},"loc":{"start":{"line":261,"column":41},"end":{"line":272,"column":2}},"line":261},"9":{"name":"(anonymous_9)","decl":{"start":{"line":279,"column":31},"end":{"line":279,"column":32}},"loc":{"start":{"line":279,"column":44},"end":{"line":291,"column":2}},"line":279},"10":{"name":"(anonymous_10)","decl":{"start":{"line":298,"column":22},"end":{"line":298,"column":23}},"loc":{"start":{"line":298,"column":35},"end":{"line":306,"column":2}},"line":298}},"branchMap":{"0":{"loc":{"start":{"line":90,"column":3},"end":{"line":117,"column":4}},"type":"if","locations":[{"start":{"line":90,"column":3},"end":{"line":117,"column":4}},{"start":{"line":90,"column":3},"end":{"line":117,"column":4}}],"line":90},"1":{"loc":{"start":{"line":95,"column":5},"end":{"line":106,"column":6}},"type":"if","locations":[{"start":{"line":95,"column":5},"end":{"line":106,"column":6}},{"start":{"line":95,"column":5},"end":{"line":106,"column":6}}],"line":95},"2":{"loc":{"start":{"line":108,"column":5},"end":{"line":112,"column":6}},"type":"if","locations":[{"start":{"line":108,"column":5},"end":{"line":112,"column":6}},{"start":{"line":108,"column":5},"end":{"line":112,"column":6}}],"line":108},"3":{"loc":{"start":{"line":163,"column":4},"end":{"line":183,"column":5}},"type":"if","locations":[{"start":{"line":163,"column":4},"end":{"line":183,"column":5}},{"start":{"line":163,"column":4},"end":{"line":183,"column":5}}],"line":163},"4":{"loc":{"start":{"line":167,"column":5},"end":{"line":174,"column":6}},"type":"if","locations":[{"start":{"line":167,"column":5},"end":{"line":174,"column":6}},{"start":{"line":167,"column":5},"end":{"line":174,"column":6}}],"line":167},"5":{"loc":{"start":{"line":176,"column":5},"end":{"line":180,"column":6}},"type":"if","locations":[{"start":{"line":176,"column":5},"end":{"line":180,"column":6}},{"start":{"line":176,"column":5},"end":{"line":180,"column":6}}],"line":176},"6":{"loc":{"start":{"line":185,"column":4},"end":{"line":191,"column":5}},"type":"if","locations":[{"start":{"line":185,"column":4},"end":{"line":191,"column":5}},{"start":{"line":185,"column":4},"end":{"line":191,"column":5}}],"line":185},"7":{"loc":{"start":{"line":202,"column":26},"end":{"line":202,"column":46}},"type":"binary-expr","locations":[{"start":{"line":202,"column":26},"end":{"line":202,"column":40}},{"start":{"line":202,"column":44},"end":{"line":202,"column":46}}],"line":202},"8":{"loc":{"start":{"line":219,"column":9},"end":{"line":219,"column":45}},"type":"binary-expr","locations":[{"start":{"line":219,"column":9},"end":{"line":219,"column":25}},{"start":{"line":219,"column":29},"end":{"line":219,"column":45}}],"line":219},"9":{"loc":{"start":{"line":222,"column":14},"end":{"line":222,"column":61}},"type":"cond-expr","locations":[{"start":{"line":222,"column":36},"end":{"line":222,"column":49}},{"start":{"line":222,"column":52},"end":{"line":222,"column":61}}],"line":222},"10":{"loc":{"start":{"line":225,"column":8},"end":{"line":225,"column":67}},"type":"binary-expr","locations":[{"start":{"line":225,"column":8},"end":{"line":225,"column":24}},{"start":{"line":225,"column":28},"end":{"line":225,"column":67}}],"line":225},"11":{"loc":{"start":{"line":226,"column":8},"end":{"line":226,"column":69}},"type":"binary-expr","locations":[{"start":{"line":226,"column":8},"end":{"line":226,"column":24}},{"start":{"line":226,"column":28},"end":{"line":226,"column":69}}],"line":226},"12":{"loc":{"start":{"line":227,"column":8},"end":{"line":227,"column":70}},"type":"binary-expr","locations":[{"start":{"line":227,"column":8},"end":{"line":227,"column":27}},{"start":{"line":227,"column":31},"end":{"line":227,"column":70}}],"line":227},"13":{"loc":{"start":{"line":228,"column":8},"end":{"line":237,"column":7}},"type":"binary-expr","locations":[{"start":{"line":228,"column":8},"end":{"line":228,"column":30}},{"start":{"line":229,"column":7},"end":{"line":236,"column":9}}],"line":228},"14":{"loc":{"start":{"line":263,"column":2},"end":{"line":271,"column":3}},"type":"if","locations":[{"start":{"line":263,"column":2},"end":{"line":271,"column":3}},{"start":{"line":263,"column":2},"end":{"line":271,"column":3}}],"line":263},"15":{"loc":{"start":{"line":281,"column":2},"end":{"line":290,"column":3}},"type":"if","locations":[{"start":{"line":281,"column":2},"end":{"line":290,"column":3}},{"start":{"line":281,"column":2},"end":{"line":290,"column":3}}],"line":281}},"s":{"0":158,"1":0,"2":0,"3":0,"4":0,"5":0,"6":0,"7":0,"8":0,"9":0,"10":0,"11":0,"12":0,"13":0,"14":0,"15":0,"16":0,"17":0,"18":0,"19":0,"20":0,"21":0,"22":0,"23":0,"24":0,"25":0,"26":0,"27":0,"28":0,"29":0,"30":0,"31":0,"32":0,"33":0,"34":0,"35":0,"36":0,"37":0,"38":0,"39":0,"40":0,"41":0,"42":0,"43":0,"44":0,"45":0,"46":0,"47":0,"48":0,"49":0,"50":0,"51":0,"52":0,"53":0,"54":0,"55":0,"56":0,"57":0,"58":0,"59":0,"60":0,"61":0,"62":0,"63":0,"64":0,"65":0,"66":0,"67":0,"68":0,"69":0,"70":0,"71":0,"72":0,"73":0,"74":0,"75":0,"76":0,"77":0,"78":0,"79":0,"80":0,"81":0,"82":0,"83":0,"84":0},"f":{"0":0,"1":0,"2":0,"3":0,"4":0,"5":0,"6":0,"7":0,"8":0,"9":0,"10":0},"b":{"0":[0,0],"1":[0,0],"2":[0,0],"3":[0,0],"4":[0,0],"5":[0,0],"6":[0,0],"7":[0,0],"8":[0,0],"9":[0,0],"10":[0,0],"11":[0,0],"12":[0,0],"13":[0,0],"14":[0,0],"15":[0,0]},"_coverageSchema":"1a1c01bbd47fc00a2c39e90264f33305004495a9","hash":"607d81ce75372ee5f2bc9dbc2d6b2cacc6cbdc8e"}}
[...]
":17},"end":{"line":72,"column":5}},"line":68},"5":{"name":"(anonymous_5)","decl":{"start":{"line":77,"column":12},"end":{"line":77,"column":13}},"loc":{"start":{"line":77,"column":18},"end":{"line":81,"column":2}},"line":77}},"branchMap":{"0":{"loc":{"start":{"line":41,"column":2},"end":{"line":43,"column":3}},"type":"if","locations":[{"start":{"line":41,"column":2},"end":{"line":43,"column":3}},{"start":{"line":41,"column":2},"end":{"line":43,"column":3}}],"line":41},"1":{"loc":{"start":{"line":45,"column":2},"end":{"line":52,"column":3}},"type":"if","locations":[{"start":{"line":45,"column":2},"end":{"line":52,"column":3}},{"start":{"line":45,"column":2},"end":{"line":52,"column":3}}],"line":45},"2":{"loc":{"start":{"line":46,"column":3},"end":{"line":47,"column":43}},"type":"binary-expr","locations":[{"start":{"line":46,"column":3},"end":{"line":46,"column":42}},{"start":{"line":47,"column":3},"end":{"line":47,"column":43}}],"line":46},"3":{"loc":{"start":{"line":54,"column":2},"end":{"line":61,"column":3}},"type":"if","locations":[{"start":{"line":54,"column":2},"end":{"line":61,"column":3}},{"start":{"line":54,"column":2},"end":{"line":61,"column":3}}],"line":54},"4":{"loc":{"start":{"line":55,"column":3},"end":{"line":56,"column":44}},"type":"binary-expr","locations":[{"start":{"line":55,"column":3},"end":{"line":55,"column":41}},{"start":{"line":56,"column":3},"end":{"line":56,"column":44}}],"line":55},"5":{"loc":{"start":{"line":63,"column":2},"end":{"line":74,"column":3}},"type":"if","locations":[{"start":{"line":63,"column":2},"end":{"line":74,"column":3}},{"start":{"line":63,"column":2},"end":{"line":74,"column":3}}],"line":63},"6":{"loc":{"start":{"line":64,"column":3},"end":{"line":65,"column":41}},"type":"binary-expr","locations":[{"start":{"line":64,"column":3},"end":{"line":64,"column":42}},{"start":{"line":65,"column":3},"end":{"line":65,"column":41}}],"line":64},"7":{"loc":{"start":{"line":78,"column":2},"end":{"line":80,"column":3}},"type":"if","locations":[{"start":{"line":78,"column":2},"end":{"line":80,"column":3}},{"start":{"line":78,"column":2},"end":{"line":80,"column":3}}],"line":78},"8":{"loc":{"start":{"line":85,"column":5},"end":{"line":87,"column":4}},"type":"binary-expr","locations":[{"start":{"line":85,"column":5},"end":{"line":85,"column":34}},{"start":{"line":86,"column":4},"end":{"line":86,"column":66}}],"line":85},"9":{"loc":{"start":{"line":89,"column":6},"end":{"line":89,"column":51}},"type":"binary-expr","locations":[{"start":{"line":89,"column":6},"end":{"line":89,"column":36}},{"start":{"line":89,"column":40},"end":{"line":89,"column":51}}],"line":89},"10":{"loc":{"start":{"line":90,"column":6},"end":{"line":90,"column":49}},"type":"binary-expr","locations":[{"start":{"line":90,"column":6},"end":{"line":90,"column":35}},{"start":{"line":90,"column":39},"end":{"line":90,"column":49}}],"line":90},"11":{"loc":{"start":{"line":91,"column":6},"end":{"line":91,"column":45}},"type":"binary-expr","locations":[{"start":{"line":91,"column":6},"end":{"line":91,"column":33}},{"start":{"line":91,"column":37},"end":{"line":91,"column":45}}],"line":91}},"s":{"0":0,"1":0,"2":0,"3":0,"4":0,"5":0,"6":0,"7":0,"8":0,"9":0,"10":0,"11":0,"12":0,"13":0,"14":0,"15":0,"16":0,"17":0,"18":0,"19":0,"20":0,"21":0,"22":0},"f":{"0":0,"1":0,"2":0,"3":0,"4":0,"5":0},"b":{"0":[0,0],"1":[0,0],"2":[0,0],"3":[0,0],"4":[0,0],"5":[0,0],"6":[0,0],"7":[0,0],"8":[0,0],"9":[0,0],"10":[0,0],"11":[0,0]},"hash":"9f8b2134f6a1bd05868afd779e84f5edf38a27f8"}
,"/Users/ravi/workspace/xwp/material-theme-builder-wp/assets/src/wizard/components/content/switch.js": {"path":"/Users/ravi/workspace/xwp/material-theme-builder-wp/assets/src/wizard/components/content/switch.js","statementMap":{"0":{"start":{"line":14,"column":15},"end":{"line":52,"column":1}},"1":{"start":{"line":15,"column":22},"end":{"line":15,"column":47}},"2":{"start":{"line":17,"column":1},"end":{"line":51,"column":3}},"3":{"start":{"line":39,"column":7},"end":{"line":39,"column":62}}},"fnMap":{"0":{"name":"(anonymous_0)","decl":{"start":{"line":14,"column":15},"end":{"line":14,"column":16}},"loc":{"start":{"line":14,"column":54},"end":{"line":52,"column":1}},"line":14},"1":{"name":"(anonymous_1)","decl":{"start":{"line":38,"column":17},"end":{"line":38,"column":18}},"loc":{"start":{"line":39,"column":7},"end":{"line":39,"column":62}},"line":39}},"branchMap":{"0":{"loc":{"start":{"line":45,"column":5},"end":{"line":49,"column":4}},"type":"binary-expr","locations":[{"start":{"line":45,"column":5},"end":{"line":45,"column":9}},{"start":{"line":46,"column":4},"end":{"line":48,"column":12}}],"line":45}},"s":{"0":0,"1":0,"2":0,"3":0},"f":{"0":0,"1":0},"b":{"0":[0,0]},"hash":"35c0715909235be259ff82931f6c9726ab1609b1"}
,"/Users/ravi/workspace/xwp/material-theme-builder-wp/assets/src/wizard/components/content/welcome.js": {"path":"/Users/ravi/workspace/xwp/material-theme-builder-wp/assets/src/wizard/components/content/welcome.js","statementMap":{"0":{"start":{"line":9,"column":16},"end":{"line":26,"column":1}},"1":{"start":{"line":10,"column":1},"end":{"line":25,"column":3}}},"fnMap":{"0":{"name":"(anonymous_0)","decl":{"start":{"line":9,"column":16},"end":{"line":9,"column":17}},"loc":{"start":{"line":9,"column":22},"end":{"line":26,"column":1}},"line":9}},"branchMap":{},"s":{"0":0,"1":0},"f":{"0":0},"b":{},"hash":"ed93b3bc57dba69d8b43b94d5020cac6c1f9ff78"}
,"/Users/ravi/workspace/xwp/material-theme-builder-wp/assets/src/wizard/components/content/work.js": {"path":"/Users/ravi/workspace/xwp/material-theme-builder-wp/assets/src/wizard/components/content/work.js","statementMap":{"0":{"start":{"line":9,"column":13},"end":{"line":63,"column":1}},"1":{"start":{"line":10,"column":1},"end":{"line":62,"column":3}}},"fnMap":{"0":{"name":"(anonymous_0)","decl":{"start":{"line":9,"column":13},"end":{"line":9,"column":14}},"loc":{"start":{"line":9,"column":19},"end":{"line":63,"column":1}},"line":9}},"branchMap":{},"s":{"0":0,"1":0},"f":{"0":0},"b":{},"hash":"8058627f3debb4bc787f87be56a7f04688d3d66e"}
,"/Users/ravi/workspace/xwp/material-theme-builder-wp/assets/src/wizard/components/header/index.js": {"path":"/Users/ravi/workspace/xwp/material-theme-builder-wp/assets/src/wizard/components/header/index.js","statementMap":{"0":{"start":{"line":8,"column":15},"end":{"line":21,"column":1}},"1":{"start":{"line":9,"column":1},"end":{"line":20,"column":3}}},"fnMap":{"0":{"name":"(anonymous_0)","decl":{"start":{"line":8,"column":15},"end":{"line":8,"column":16}},"loc":{"start":{"line":8,"column":21},"end":{"line":21,"column":1}},"line":8}},"branchMap":{},"s":{"0":0,"1":0},"f":{"0":0},"b":{},"hash":"080feb54e026473da532db9dad82924ef51aac9f"}
,"/Users/ravi/workspace/xwp/material-theme-builder-wp/assets/src/wizard/components/navigation/button.js": {"path":"/Users/ravi/workspace/xwp/material-theme-builder-wp/assets/src/wizard/components/navigation/button.js","statementMap":{"0":{"start":{"line":9,"column":15},"end":{"line":56,"column":1}},"1":{"start":{"line":10,"column":1},"end":{"line":12,"column":2}},"2":{"start":{"line":11,"column":2},"end":{"line":11,"column":31}},"3":{"start":{"line":22,"column":5},"end":{"line":22,"column":10}},"4":{"start":{"line":23,"column":25},"end":{"line":23,"column":49}},"5":{"start":{"line":24,"column":26},"end":{"line":24,"column":51}},"6":{"start":{"line":25,"column":22},"end":{"line":25,"column":50}},"7":{"start":{"line":27,"column":1},"end":{"line":55,"column":3}},"8":{"start":{"line":63,"column":20},"end":{"line":87,"column":1}},"9":{"start":{"line":64,"column":58},"end":{"line":64,"column":63}},"10":{"start":{"line":66,"column":1},"end":{"line":86,"column":3}}},"fnMap":{"0":{"name":"(anonymous_0)","decl":{"start":{"line":9,"column":15},"end":{"line":9,"column":16}},"loc":{"start":{"line":9,"column":24},"end":{"line":56,"column":1}},"line":9},"1":{"name":"(anonymous_1)","decl":{"start":{"line":63,"column":20},"end":{"line":63,"column":21}},"loc":{"start":{"line":63,"column":29},"end":{"line":87,"column":1}},"line":63}},"branchMap":{"0":{"loc":{"start":{"line":10,"column":1},"end":{"line":12,"column":2}},"type":"if","locations":[{"start":{"line":10,"column":1},"end":{"line":12,"column":2}},{"start":{"line":10,"column":1},"end":{"line":12,"column":2}}],"line":10},"1":{"loc":{"start":{"line":23,"column":25},"end":{"line":23,"column":49}},"type":"binary-expr","locations":[{"start":{"line":23,"column":25},"end":{"line":23,"column":34}},{"start":{"line":23,"column":38},"end":{"line":23,"column":49}}],"line":23},"2":{"loc":{"start":{"line":24,"column":26},"end":{"line":24,"column":51}},"type":"binary-expr","locations":[{"start":{"line":24,"column":26},"end":{"line":24,"column":35}},{"start":{"line":24,"column":39},"end":{"line":24,"column":51}}],"line":24},"3":{"loc":{"start":{"line":25,"column":22},"end":{"line":25,"column":50}},"type":"cond-expr","locations":[{"start":{"line":25,"column":32},"end":{"line":25,"column":45}},{"start":{"line":25,"column":48},"end":{"line":25,"column":50}}],"line":25},"4":{"loc":{"start":{"line":33,"column":5},"end":{"line":40,"column":4}},"type":"binary-expr","locations":[{"start":{"line":33,"column":5},"end":{"line":33,"column":20}},{"start":{"line":34,"column":4},"end":{"line":39,"column":8}}],"line":33},"5":{"loc":{"start":{"line":42,"column":5},"end":{"line":42,"column":69}},"type":"binary-expr","locations":[{"start":{"line":42,"column":5},"end":{"line":42,"column":14}},{"start":{"line":42,"column":18},"end":{"line":42,"column":69}}],"line":42},"6":{"loc":{"start":{"line":44,"column":5},"end":{"line":44,"column":26}},"type":"binary-expr","locations":[{"start":{"line":44,"column":5},"end":{"line":44,"column":12}},{"start":{"line":44,"column":16},"end":{"line":44,"column":26}}],"line":44},"7":{"loc":{"start":{"line":46,"column":5},"end":{"line":53,"column":4}},"type":"binary-expr","locations":[{"start":{"line":46,"column":5},"end":{"line":46,"column":21}},{"start":{"line":47,"column":4},"end":{"line":52,"column":8}}],"line":46},"8":{"loc":{"start":{"line":68,"column":5},"end":{"line":75,"column":4}},"type":"binary-expr","locations":[{"start":{"line":68,"column":5},"end":{"line":68,"column":16}},{"start":{"line":69,"column":4},"end":{"line":74,"column":8}}],"line":68},"9":{"loc":{"start":{"line":77,"column":5},"end":{"line":84,"column":4}},"type":"binary-expr","locations":[{"start":{"line":77,"column":5},"end":{"line":77,"column":17}},{"start":{"line":78,"column":4},"end":{"line":83,"column":8}}],"line":77}},"s":{"0":0,"1":0,"2":0,"3":0,"4":0,"5":0,"6":0,"7":0,"8":0,"9":0,"10":0},"f":{"0":0,"1":0},"b":{"0":[0,0],"1":[0,0],"2":[0,0],"3":[0,0],"4":[0,0],"5":[0,0],"6":[0,0],"7":[0,0],"8":[0,0],"9":[0,0]},"hash":"db8f816058229c716b38eac780b6c204d8f4a312"}
,"/Users/ravi/workspace/xwp/material-theme-builder-wp/assets/src/wizard/components/navigation/index.js": {"path":"/Users/ravi/workspace/xwp/material-theme-builder-wp/assets/src/wizard/components/navigation/index.js","statementMap":{"0":{"start":{"line":11,"column":19},"end":{"line":81,"column":1}},"1":{"start":{"line":12,"column":29},"end":{"line":12,"column":54}},"2":{"start":{"line":13,"column":16},"end":{"line":13,"column":43}},"3":{"start":{"line":14,"column":18},"end":{"line":14,"column":47}},"4":{"start":{"line":15,"column":19},"end":{"line":15,"column":50}},"5":{"start":{"line":17,"column":21},"end":{"line":34,"column":2}},"6":{"start":{"line":18,"column":2},"end":{"line":19,"column":3}},"7":{"start":{"line":21,"column":2},"end":{"line":28,"column":3}},"8":{"start":{"line":22,"column":3},"end":{"line":27,"column":4}},"9":{"start":{"line":23,"column":4},"end":{"line":23,"column":48}},"10":{"start":{"line":25,"column":4},"end":{"line":25,"column":28}},"11":{"start":{"line":26,"column":4},"end":{"line":26,"column":44}},"12":{"start":{"line":30,"column":2},"end":{"line":33,"column":3}},"13":{"start":{"line":31,"column":3},"end":{"line":31,"column":27}},"14":{"start":{"line":32,"column":3},"end":{"line":32,"column":47}},"15":{"start":{"line":36,"column":1},"end":{"line":80,"column":3}},"16":{"start":{"line":53,"column":24},"end":{"line":53,"column":60}},"17":{"start":{"line":64,"column":24},"end":{"line":64,"column":56}}},"fnMap":{"0":{"name":"(anonymous_0)","decl":{"start":{"line":11,"column":19},"end":{"line":11,"column":20}},"loc":{"start":{"line":11,"column":25},"end":{"line":81,"column":1}},"line":11},"1":{"name":"(anonymous_1)","decl":{"start":{"line":17,"column":21},"end":{"line":17,"column":22}},"loc":{"start":{"line":17,"column":29},"end":{"line":34,"column":2}},"line":17},"2":{"name":"(anonymous_2)","decl":{"start":{"line":53,"column":18},"end":{"line":53,"column":19}},"loc":{"start":{"line":53,"column":24},"end":{"line":53,"column":60}},"line":53},"3":{"name":"(anonymous_3)","decl":{"start":{"line":64,"column":18},"end":{"line":64,"column":19}},"loc":{"start":{"line":64,"column":24},"end":{"line":64,"column":56}},"line":64}},"branchMap":{"0":{"loc":{"start":{"line":18,"column":2},"end":{"line":19,"column":3}},"type":"if","locations":[{"start":{"line":18,"column":2},"end":{"line":19,"column":3}},{"start":{"line":18,"column":2},"end":{"line":19,"column":3}}],"line":18},"1":{"loc":{"start":{"line":21,"column":2},"end":{"line":28,"column":3}},"type":"if","locations":[{"start":{"line":21,"column":2},"end":{"line":28,"column":3}},{"start":{"line":21,"column":2},"end":{"line":28,"column":3}}],"line":21},"2":{"loc":{"start":{"line":22,"column":3},"end":{"line":27,"column":4}},"type":"if","locations":[{"start":{"line":22,"column":3},"end":{"line":27,"column":4}},{"start":{"line":22,"column":3},"end":{"line":27,"column":4}}],"line":22},"3":{"loc":{"start":{"line":30,"column":2},"end":{"line":33,"column":3}},"type":"if","locations":[{"start":{"line":30,"column":2},"end":{"line":33,"column":3}},{"start":{"line":30,"column":2},"end":{"line":33,"column":3}}],"line":30},"4":{"loc":{"start":{"line":48,"column":8},"end":{"line":55,"column":7}},"type":"binary-expr","locations":[{"start":{"line":48,"column":8},"end":{"line":48,"column":38}},{"start":{"line":49,"column":7},"end":{"line":54,"column":9}}],"line":48},"5":{"loc":{"start":{"line":59,"column":8},"end":{"line":67,"column":7}},"type":"binary-expr","locations":[{"start":{"line":59,"column":8},"end":{"line":59,"column":16}},{"start":{"line":60,"column":7},"end":{"line":66,"column":9}}],"line":59},"6":{"loc":{"start":{"line":68,"column":8},"end":{"line":75,"column":7}},"type":"binary-expr","locations":[{"start":{"line":68,"column":8},"end":{"line":68,"column":14}},{"start":{"line":69,"column":7},"end":{"line":74,"column":9}}],"line":68}},"s":{"0":0,"1":0,"2":0,"3":0,"4":0,"5":0,"6":0,"7":0,"8":0,"9":0,"10":0,"11":0,"12":0,"13":0,"14":0,"15":0,"16":0,"17":0},"f":{"0":0,"1":0,"2":0,"3":0},"b":{"0":[0,0],"1":[0,0],"2":[0,0],"3":[0,0],"4":[0,0],"5":[0,0],"6":[0,0]},"hash":"479bd485bc38745cec5abc329035fa3af287dd64"}
,"/Users/ravi/workspace/xwp/material-theme-builder-wp/assets/src/wizard/components/navigation/loader.js": {"path":"/Users/ravi/workspace/xwp/material-theme-builder-wp/assets/src/wizard/components/navigation/loader.js","statementMap":{"0":{"start":{"line":4,"column":22},"end":{"line":88,"column":1}},"1":{"start":{"line":5,"column":1},"end":{"line":11,"column":9}},"2":{"start":{"line":6,"column":18},"end":{"line":6,"column":71}},"3":{"start":{"line":8,"column":2},"end":{"line":10,"column":3}},"4":{"start":{"line":9,"column":3},"end":{"line":9,"column":37}},"5":{"start":{"line":13,"column":1},"end":{"line":87,"column":3}}},"fnMap":{"0":{"name":"(anonymous_0)","decl":{"start":{"line":4,"column":22},"end":{"line":4,"column":23}},"loc":{"start":{"line":4,"column":28},"end":{"line":88,"column":1}},"line":4},"1":{"name":"(anonymous_1)","decl":{"start":{"line":5,"column":12},"end":{"line":5,"column":13}},"loc":{"start":{"line":5,"column":18},"end":{"line":11,"column":2}},"line":5}},"branchMap":{},"s":{"0":0,"1":0,"2":0,"3":0,"4":0,"5":0},"f":{"0":0,"1":0},"b":{},"hash":"8f9d63917770194c813d7c268b2297867acf3462"}
,"/Users/ravi/workspace/xwp/material-theme-builder-wp/assets/src/wizard/components/notice/index.js": {"path":"/Users/ravi/workspace/xwp/material-theme-builder-wp/assets/src/wizard/components/notice/index.js","statementMap":{"0":{"start":{"line":8,"column":15},"end":{"line":14,"column":1}},"1":{"start":{"line":9,"column":1},"end":{"line":13,"column":3}}},"fnMap":{"0":{"name":"(anonymous_0)","decl":{"start":{"line":8,"column":15},"end":{"line":8,"column":16}},"loc":{"start":{"line":8,"column":24},"end":{"line":14,"column":1}},"line":8}},"branchMap":{},"s":{"0":0,"1":0},"f":{"0":0},"b":{},"hash":"03bbb10c6a1d482a80151901217f0614ac7f3490"}
,"/Users/ravi/workspace/xwp/material-theme-builder-wp/assets/src/wizard/components/progress-bar/index.js": {"path":"/Users/ravi/workspace/xwp/material-theme-builder-wp/assets/src/wizard/components/progress-bar/index.js","statementMap":{"0":{"start":{"line":8,"column":20},"end":{"line":18,"column":1}},"1":{"start":{"line":9,"column":15},"end":{"line":9,"column":35}},"2":{"start":{"line":11,"column":1},"end":{"line":17,"column":3}},"3":{"start":{"line":14,"column":4},"end":{"line":14,"column":33}}},"fnMap":{"0":{"name":"(anonymous_0)","decl":{"start":{"line":8,"column":20},"end":{"line":8,"column":21}},"loc":{"start":{"line":8,"column":26},"end":{"line":18,"column":1}},"line":8},"1":{"name":"(anonymous_1)","decl":{"start":{"line":13,"column":16},"end":{"line":13,"column":17}},"loc":{"start":{"line":14,"column":4},"end":{"line":14,"column":33}},"line":14}},"branchMap":{},"s":{"0":0,"1":0,"2":0,"3":0},"f":{"0":0,"1":0},"b":{},"hash":"d9e58e917dcf405fab56ef87bc45a8f5d66c1ebc"}
,"/Users/ravi/workspace/xwp/material-theme-builder-wp/assets/src/wizard/components/progress-bar/step.js": {"path":"/Users/ravi/workspace/xwp/material-theme-builder-wp/assets/src/wizard/components/progress-bar/step.js","statementMap":{"0":{"start":{"line":10,"column":13},"end":{"line":30,"column":1}},"1":{"start":{"line":11,"column":19},"end":{"line":11,"column":44}},"2":{"start":{"line":12,"column":18},"end":{"line":12,"column":43}},"3":{"start":{"line":13,"column":19},"end":{"line":13,"column":54}},"4":{"start":{"line":14,"column":14},"end":{"line":14,"column":16}},"5":{"start":{"line":16,"column":1},"end":{"line":20,"column":2}},"6":{"start":{"line":17,"column":2},"end":{"line":17,"column":20}},"7":{"start":{"line":18,"column":8},"end":{"line":20,"column":2}},"8":{"start":{"line":19,"column":2},"end":{"line":19,"column":21}},"9":{"start":{"line":22,"column":1},"end":{"line":29,"column":3}}},"fnMap":{"0":{"name":"(anonymous_0)","decl":{"start":{"line":10,"column":13},"end":{"line":10,"column":14}},"loc":{"start":{"line":10,"column":22},"end":{"line":30,"column":1}},"line":10}},"branchMap":{"0":{"loc":{"start":{"line":16,"column":1},"end":{"line":20,"column":2}},"type":"if","locations":[{"start":{"line":16,"column":1},"end":{"line":20,"column":2}},{"start":{"line":16,"column":1},"end":{"line":20,"column":2}}],"line":16},"1":{"loc":{"start":{"line":18,"column":8},"end":{"line":20,"column":2}},"type":"if","locations":[{"start":{"line":18,"column":8},"end":{"line":20,"column":2}},{"start":{"line":18,"column":8},"end":{"line":20,"column":2}}],"line":18}},"s":{"0":0,"1":0,"2":0,"3":0,"4":0,"5":0,"6":0,"7":0,"8":0,"9":0},"f":{"0":0},"b":{"0":[0,0],"1":[0,0]},"hash":"dbbe0f14753f48ae906b5b76219d1ac5684beede"}
,"/Users/ravi/workspace/xwp/material-theme-builder-wp/assets/src/wizard/components/svg/logo.js": {"path":"/Users/ravi/workspace/xwp/material-theme-builder-wp/assets/src/wizard/components/svg/logo.js","statementMap":{"0":{"start":{"line":4,"column":20},"end":{"line":13,"column":1}},"1":{"start":{"line":5,"column":1},"end":{"line":12,"column":3}}},"fnMap":{"0":{"name":"(anonymous_0)","decl":{"start":{"line":4,"column":20},"end":{"line":4,"column":21}},"loc":{"start":{"line":4,"column":26},"end":{"line":13,"column":1}},"line":4}},"branchMap":{},"s":{"0":0,"1":0},"f":{"0":0},"b":{},"hash":"beb49dc2d304913016a51e8ca7da857d2496c7f9"}
}
