TN:
SF:/Users/ravi/workspace/xwp/material-theme-builder-wp/assets/src/block-editor/constants.js
FNF:0
FNH:0
DA:1,158
DA:2,158
LF:2
LH:2
BRF:0
BRH:0
end_of_record
TN:
SF:/Users/ravi/workspace/xwp/material-theme-builder-wp/assets/src/block-editor/blocks/button/edit.js
FN:39,(anonymous_0)
FN:100,(anonymous_1)
FN:122,(anonymous_2)
FN:128,(anonymous_3)
FN:139,(anonymous_4)
FN:160,(anonymous_5)
FN:314,(anonymous_6)
FNF:7
FNH:0
FNDA:0,(anonymous_0)
FNDA:0,(anonymous_1)
FNDA:0,(anonymous_2)
FNDA:0,(anonymous_3)
FNDA:0,(anonymous_4)
FNDA:0,(anonymous_5)
FNDA:0,(anonymous_6)
DA:39,158
DA:50,0
DA:51,0
DA:61,0
DA:100,158
DA:120,0
DA:122,0
DA:123,0
DA:124,0
DA:128,0
DA:129,0
DA:130,0
DA:139,0
DA:140,0
DA:142,0
DA:143,0
DA:144,0
DA:145,0
DA:146,0
DA:149,0
DA:160,0
DA:161,0
DA:162,0
DA:165,0
DA:168,0
DA:315,0
DA:317,0
LF:27
LH:2
BRDA:50,0,0,0
BRDA:50,0,1,0
BRDA:54,1,0,0
BRDA:54,1,1,0
BRDA:64,2,0,0
BRDA:64,2,1,0
BRDA:64,3,0,0
BRDA:64,3,1,0
BRDA:65,4,0,0
BRDA:65,4,1,0
BRDA:66,5,0,0
BRDA:66,5,1,0
BRDA:74,6,0,0
BRDA:74,6,1,0
BRDA:74,6,2,0
BRDA:74,6,3,0
BRDA:88,7,0,0
BRDA:88,7,1,0
BRDA:88,7,2,0
BRDA:123,8,0,0
BRDA:123,8,1,0
BRDA:123,9,0,0
BRDA:123,9,1,0
BRDA:129,10,0,0
BRDA:129,10,1,0
BRDA:140,11,0,0
BRDA:140,11,1,0
BRDA:143,12,0,0
BRDA:143,12,1,0
BRDA:143,13,0,0
BRDA:143,13,1,0
BRDA:145,14,0,0
BRDA:145,14,1,0
BRDA:145,15,0,0
BRDA:145,15,1,0
BRDA:161,16,0,0
BRDA:161,16,1,0
BRDA:161,17,0,0
BRDA:161,17,1,0
BRDA:185,18,0,0
BRDA:185,18,1,0
BRDA:207,19,0,0
BRDA:207,19,1,0
BRDA:222,20,0,0
BRDA:222,20,1,0
BRDA:230,21,0,0
BRDA:230,21,1,0
BRDA:230,21,2,0
BRDA:238,22,0,0
BRDA:238,22,1,0
BRDA:238,22,2,0
BRDA:244,23,0,0
BRDA:244,23,1,0
BRDA:256,24,0,0
BRDA:256,24,1,0
BRDA:260,25,0,0
BRDA:260,25,1,0
BRDA:260,25,2,0
BRDA:269,26,0,0
BRDA:269,26,1,0
BRDA:274,27,0,0
BRDA:274,27,1,0
BRDA:292,28,0,0
BRDA:292,28,1,0
BRF:64
BRH:0
end_of_record
TN:
SF:/Users/ravi/workspace/xwp/material-theme-builder-wp/assets/src/block-editor/blocks/button/example.js
FNF:0
FNH:0
DA:3,158
LF:1
LH:1
BRF:0
BRH:0
end_of_record
TN:
SF:/Users/ravi/workspace/xwp/material-theme-builder-wp/assets/src/block-editor/blocks/button/index.js
FNF:0
FNH:0
DA:16,158
DA:20,158
LF:2
LH:2
BRF:0
BRH:0
end_of_record
TN:
SF:/Users/ravi/workspace/xwp/material-theme-builder-wp/assets/src/block-editor/blocks/button/options.js
FNF:0
FNH:0
DA:4,158
DA:17,158
DA:36,158
LF:3
LH:3
BRF:0
BRH:0
end_of_record
TN:
SF:/Users/ravi/workspace/xwp/material-theme-builder-wp/assets/src/block-editor/blocks/button/save.js
FN:21,(anonymous_0)
FN:38,(anonymous_1)
FNF:2
FNH:0
FNDA:0,(anonymous_0)
FNDA:0,(anonymous_1)
DA:21,158
DA:22,0
DA:38,158
DA:55,0
DA:56,0
DA:82,0
LF:6
LH:2
BRDA:23,0,0,0
BRDA:23,0,1,0
BRDA:23,0,2,0
BRDA:30,1,0,0
BRDA:30,1,1,0
BRDA:30,1,2,0
BRDA:55,2,0,0
BRDA:55,2,1,0
BRDA:58,3,0,0
BRDA:58,3,1,0
BRDA:58,4,0,0
BRDA:58,4,1,0
BRDA:61,5,0,0
BRDA:61,5,1,0
BRDA:61,6,0,0
BRDA:61,6,1,0
BRDA:62,7,0,0
BRDA:62,7,1,0
BRDA:62,8,0,0
BRDA:62,8,1,0
BRDA:64,9,0,0
BRDA:64,9,1,0
BRDA:71,10,0,0
BRDA:71,10,1,0
BRDA:72,11,0,0
BRDA:72,11,1,0
BRDA:84,12,0,0
BRDA:84,12,1,0
BRDA:84,13,0,0
BRDA:84,13,1,0
BRDA:87,14,0,0
BRDA:87,14,1,0
BRDA:87,15,0,0
BRDA:87,15,1,0
BRDA:88,16,0,0
BRDA:88,16,1,0
BRDA:88,17,0,0
BRDA:88,17,1,0
BRDA:90,18,0,0
BRDA:90,18,1,0
BRDA:90,19,0,0
BRDA:90,19,1,0
BRDA:91,20,0,0
BRDA:91,20,1,0
BRDA:92,21,0,0
BRDA:92,21,1,0
BRDA:112,22,0,0
BRDA:112,22,1,0
BRDA:112,23,0,0
BRDA:112,23,1,0
BRDA:113,24,0,0
BRDA:113,24,1,0
BRDA:114,25,0,0
BRDA:114,25,1,0
BRDA:118,26,0,0
BRDA:118,26,1,0
BRF:56
BRH:0
end_of_record
TN:
SF:/Users/ravi/workspace/xwp/material-theme-builder-wp/assets/src/block-editor/blocks/button/transforms.js
FN:8,(anonymous_0)
FN:9,(anonymous_1)
FNF:2
FNH:0
FNDA:0,(anonymous_0)
FNDA:0,(anonymous_1)
DA:3,158
DA:9,0
DA:10,0
LF:3
LH:1
BRF:0
BRH:0
end_of_record
TN:
SF:/Users/ravi/workspace/xwp/material-theme-builder-wp/assets/src/block-editor/blocks/button/components/block-icon.js
FN:6,(anonymous_0)
FNF:1
FNH:1
FNDA:542,(anonymous_0)
DA:6,158
DA:7,542
LF:2
LH:2
BRF:0
BRH:0
end_of_record
TN:
SF:/Users/ravi/workspace/xwp/material-theme-builder-wp/assets/src/block-editor/blocks/button/components/icon-types.js
FN:1,(anonymous_0)
FN:16,(anonymous_1)
FNF:2
FNH:0
FNDA:0,(anonymous_0)
FNDA:0,(anonymous_1)
DA:1,158
DA:2,0
DA:16,158
DA:17,0
LF:4
LH:2
BRF:0
BRH:0
end_of_record
TN:
SF:/Users/ravi/workspace/xwp/material-theme-builder-wp/assets/src/block-editor/blocks/button/utils/has-bg.js
FN:1,(anonymous_0)
FNF:1
FNH:0
FNDA:0,(anonymous_0)
DA:1,0
LF:1
LH:0
BRDA:1,0,0,0
BRDA:1,0,1,0
BRF:2
BRH:0
end_of_record
TN:
SF:/Users/ravi/workspace/xwp/material-theme-builder-wp/assets/src/block-editor/blocks/card/edit.js
FN:26,(anonymous_0)
FNF:1
FNH:0
FNDA:0,(anonymous_0)
DA:26,158
DA:51,0
DA:52,0
DA:61,0
DA:89,0
DA:98,0
DA:110,0
LF:7
LH:1
BRDA:28,0,0,0
BRDA:119,1,0,0
BRDA:119,1,1,0
BRDA:120,2,0,0
BRDA:120,2,1,0
BRF:5
BRH:0
end_of_record
TN:
SF:/Users/ravi/workspace/xwp/material-theme-builder-wp/assets/src/block-editor/blocks/card/example.js
FNF:0
FNH:0
DA:3,158
LF:1
LH:1
BRF:0
BRH:0
end_of_record
TN:
SF:/Users/ravi/workspace/xwp/material-theme-builder-wp/assets/src/block-editor/blocks/card/index.js
FNF:0
FNH:0
DA:14,158
DA:21,158
LF:2
LH:2
BRF:0
BRH:0
end_of_record
TN:
SF:/Users/ravi/workspace/xwp/material-theme-builder-wp/assets/src/block-editor/blocks/card/save.js
FN:17,(anonymous_0)
FN:68,(anonymous_1)
FNF:2
FNH:0
FNDA:0,(anonymous_0)
FNDA:0,(anonymous_1)
DA:17,158
DA:42,0
DA:44,0
DA:72,0
LF:4
LH:1
BRDA:19,0,0,0
BRDA:74,1,0,0
BRDA:74,1,1,0
BRDA:75,2,0,0
BRDA:75,2,1,0
BRF:5
BRH:0
end_of_record
TN:
SF:/Users/ravi/workspace/xwp/material-theme-builder-wp/assets/src/block-editor/blocks/card/components/card-action-button.js
FN:28,(anonymous_0)
FN:30,(anonymous_1)
FN:31,(anonymous_2)
FN:32,(anonymous_3)
FN:33,(anonymous_4)
FNF:5
FNH:0
FNDA:0,(anonymous_0)
FNDA:0,(anonymous_1)
FNDA:0,(anonymous_2)
FNDA:0,(anonymous_3)
FNDA:0,(anonymous_4)
DA:28,158
DA:41,0
DA:42,0
DA:43,0
DA:44,0
DA:48,0
LF:6
LH:1
BRDA:30,0,0,0
BRDA:31,1,0,0
BRDA:32,2,0,0
BRDA:33,3,0,0
BRDA:37,4,0,0
BRDA:41,5,0,0
BRDA:41,5,1,0
BRDA:41,6,0,0
BRDA:41,6,1,0
BRDA:43,7,0,0
BRDA:43,7,1,0
BRDA:50,8,0,0
BRDA:50,8,1,0
BRDA:61,9,0,0
BRDA:61,9,1,0
BRDA:63,10,0,0
BRDA:63,10,1,0
BRDA:63,11,0,0
BRDA:63,11,1,0
BRDA:70,12,0,0
BRDA:70,12,1,0
BRDA:70,12,2,0
BRF:22
BRH:0
end_of_record
TN:
SF:/Users/ravi/workspace/xwp/material-theme-builder-wp/assets/src/block-editor/blocks/card/components/card-actions-edit.js
FN:29,(anonymous_0)
FN:54,(anonymous_1)
FN:63,(anonymous_2)
FN:75,(anonymous_3)
FN:79,(anonymous_4)
FN:83,(anonymous_5)
FN:87,(anonymous_6)
FN:91,(anonymous_7)
FN:95,(anonymous_8)
FN:96,(anonymous_9)
FN:107,(anonymous_10)
FN:111,(anonymous_11)
FN:115,(anonymous_12)
FN:119,(anonymous_13)
FN:123,(anonymous_14)
FN:127,(anonymous_15)
FN:130,(anonymous_16)
FNF:17
FNH:0
FNDA:0,(anonymous_0)
FNDA:0,(anonymous_1)
FNDA:0,(anonymous_2)
FNDA:0,(anonymous_3)
FNDA:0,(anonymous_4)
FNDA:0,(anonymous_5)
FNDA:0,(anonymous_6)
FNDA:0,(anonymous_7)
FNDA:0,(anonymous_8)
FNDA:0,(anonymous_9)
FNDA:0,(anonymous_10)
FNDA:0,(anonymous_11)
FNDA:0,(anonymous_12)
FNDA:0,(anonymous_13)
FNDA:0,(anonymous_14)
FNDA:0,(anonymous_15)
FNDA:0,(anonymous_16)
DA:29,158
DA:46,0
DA:54,0
DA:55,0
DA:56,0
DA:58,0
DA:59,0
DA:63,0
DA:64,0
DA:65,0
DA:66,0
DA:70,0
DA:75,0
DA:80,0
DA:84,0
DA:88,0
DA:92,0
DA:95,0
DA:97,0
DA:107,0
DA:112,0
DA:116,0
DA:120,0
DA:124,0
DA:128,0
DA:131,0
LF:26
LH:1
BRDA:41,0,0,0
BRDA:54,1,0,0
BRDA:55,2,0,0
BRDA:55,2,1,0
BRDA:58,3,0,0
BRDA:58,3,1,0
BRDA:64,4,0,0
BRDA:64,4,1,0
BRDA:104,5,0,0
BRDA:104,5,1,0
BRF:10
BRH:0
end_of_record
TN:
SF:/Users/ravi/workspace/xwp/material-theme-builder-wp/assets/src/block-editor/blocks/card/components/card-actions.js
FN:26,(anonymous_0)
FNF:1
FNH:0
FNDA:0,(anonymous_0)
DA:26,158
DA:41,0
DA:56,0
LF:3
LH:1
BRDA:58,0,0,0
BRDA:58,0,1,0
BRDA:71,1,0,0
BRDA:71,1,1,0
BRF:4
BRH:0
end_of_record
TN:
SF:/Users/ravi/workspace/xwp/material-theme-builder-wp/assets/src/block-editor/blocks/card/components/card-image-edit.js
FN:34,(anonymous_0)
FN:49,(anonymous_1)
FN:62,(anonymous_2)
FN:71,(anonymous_3)
FN:82,(anonymous_4)
FN:111,(anonymous_5)
FNF:6
FNH:0
FNDA:0,(anonymous_0)
FNDA:0,(anonymous_1)
FNDA:0,(anonymous_2)
FNDA:0,(anonymous_3)
FNDA:0,(anonymous_4)
FNDA:0,(anonymous_5)
DA:34,158
DA:44,0
DA:47,0
DA:49,0
DA:50,0
DA:51,0
DA:53,0
DA:62,0
DA:63,0
DA:64,0
DA:65,0
DA:71,0
DA:72,0
DA:73,0
DA:74,0
DA:82,0
DA:83,0
DA:92,0
DA:111,0
LF:19
LH:1
BRDA:45,0,0,0
BRDA:45,0,1,0
BRDA:50,1,0,0
BRDA:50,1,1,0
BRDA:50,2,0,0
BRDA:50,2,1,0
BRDA:65,3,0,0
BRDA:65,3,1,0
BRDA:94,4,0,0
BRDA:94,4,1,0
BRDA:94,4,2,0
BRDA:94,4,3,0
BRDA:105,5,0,0
BRDA:105,5,1,0
BRDA:105,5,2,0
BRDA:105,5,3,0
BRDA:124,6,0,0
BRDA:124,6,1,0
BRF:18
BRH:0
end_of_record
TN:
SF:/Users/ravi/workspace/xwp/material-theme-builder-wp/assets/src/block-editor/blocks/card/components/card-image.js
FN:28,(anonymous_0)
FNF:1
FNH:0
FNDA:0,(anonymous_0)
DA:28,158
DA:39,0
DA:51,0
LF:3
LH:1
BRDA:53,0,0,0
BRDA:53,0,1,0
BRDA:56,1,0,0
BRDA:56,1,1,0
BRDA:56,1,2,0
BRDA:67,2,0,0
BRDA:67,2,1,0
BRF:7
BRH:0
end_of_record
TN:
SF:/Users/ravi/workspace/xwp/material-theme-builder-wp/assets/src/block-editor/blocks/card/components/card-primary.js
FN:21,(anonymous_0)
FN:38,(anonymous_1)
FN:48,(anonymous_2)
FNF:3
FNH:0
FNDA:0,(anonymous_0)
FNDA:0,(anonymous_1)
FNDA:0,(anonymous_2)
DA:21,158
DA:30,0
DA:38,0
DA:48,0
LF:4
LH:1
BRDA:31,0,0,0
BRDA:31,0,1,0
BRDA:33,1,0,0
BRDA:33,1,1,0
BRDA:43,2,0,0
BRDA:43,2,1,0
BRDA:55,3,0,0
BRDA:55,3,1,0
BRDA:60,4,0,0
BRDA:60,4,1,0
BRF:10
BRH:0
end_of_record
TN:
SF:/Users/ravi/workspace/xwp/material-theme-builder-wp/assets/src/block-editor/blocks/card/components/card-supporting-text.js
FN:24,(anonymous_0)
FN:42,(anonymous_1)
FNF:2
FNH:0
FNDA:0,(anonymous_0)
FNDA:0,(anonymous_1)
DA:24,158
DA:31,0
DA:42,0
LF:3
LH:1
BRDA:32,0,0,0
BRDA:32,0,1,0
BRF:2
BRH:0
end_of_record
TN:
SF:/Users/ravi/workspace/xwp/material-theme-builder-wp/assets/src/block-editor/blocks/card/components/horizontal-card-layout.js
FN:43,(anonymous_0)
FNF:1
FNH:0
FNDA:0,(anonymous_0)
DA:43,158
DA:69,0
DA:71,0
DA:81,0
DA:93,0
DA:95,0
DA:96,0
DA:99,0
LF:8
LH:1
BRDA:95,0,0,0
BRDA:95,0,1,0
BRDA:114,1,0,0
BRDA:114,1,1,0
BRDA:117,2,0,0
BRDA:117,2,1,0
BRF:6
BRH:0
end_of_record
TN:
SF:/Users/ravi/workspace/xwp/material-theme-builder-wp/assets/src/block-editor/blocks/card/components/inspector-controls-content-panel.js
FN:25,(anonymous_0)
FN:49,(anonymous_1)
FN:58,(anonymous_2)
FN:64,(anonymous_3)
FN:70,(anonymous_4)
FN:78,(anonymous_5)
FN:84,(anonymous_6)
FNF:7
FNH:0
FNDA:0,(anonymous_0)
FNDA:0,(anonymous_1)
FNDA:0,(anonymous_2)
FNDA:0,(anonymous_3)
FNDA:0,(anonymous_4)
FNDA:0,(anonymous_5)
FNDA:0,(anonymous_6)
DA:25,158
DA:38,0
DA:50,0
DA:51,0
DA:58,0
DA:64,0
DA:71,0
DA:78,0
DA:85,0
LF:9
LH:1
BRDA:26,0,0,0
BRDA:36,1,0,0
BRDA:40,2,0,0
BRDA:40,2,1,0
BRDA:54,3,0,0
BRDA:54,3,1,0
BRDA:66,4,0,0
BRDA:66,4,1,0
BRDA:80,5,0,0
BRDA:80,5,1,0
BRF:10
BRH:0
end_of_record
TN:
SF:/Users/ravi/workspace/xwp/material-theme-builder-wp/assets/src/block-editor/blocks/card/components/inspector-controls-style-panel.js
FN:45,(anonymous_0)
FN:68,(anonymous_1)
FN:74,(anonymous_2)
FN:82,(anonymous_3)
FNF:4
FNH:0
FNDA:0,(anonymous_0)
FNDA:0,(anonymous_1)
FNDA:0,(anonymous_2)
FNDA:0,(anonymous_3)
DA:13,158
DA:28,158
DA:29,158
DA:45,158
DA:55,0
DA:68,0
DA:74,0
DA:82,0
LF:8
LH:4
BRDA:46,0,0,0
BRDA:53,1,0,0
BRDA:57,2,0,0
BRDA:57,2,1,0
BRDA:63,3,0,0
BRDA:63,3,1,0
BRF:6
BRH:0
end_of_record
TN:
SF:/Users/ravi/workspace/xwp/material-theme-builder-wp/assets/src/block-editor/blocks/card/components/vertical-card-layout.js
FN:46,(anonymous_0)
FNF:1
FNH:0
FNDA:0,(anonymous_0)
DA:46,158
DA:74,0
DA:84,0
DA:96,0
DA:98,0
DA:99,0
DA:102,0
LF:7
LH:1
BRDA:98,0,0,0
BRDA:98,0,1,0
BRDA:113,1,0,0
BRDA:113,1,1,0
BRDA:117,2,0,0
BRDA:117,2,1,0
BRDA:117,2,2,0
BRDA:117,2,3,0
BRDA:121,3,0,0
BRDA:121,3,1,0
BRDA:121,3,2,0
BRDA:125,4,0,0
BRDA:125,4,1,0
BRDA:127,5,0,0
BRDA:127,5,1,0
BRDA:131,6,0,0
BRDA:131,6,1,0
BRDA:141,7,0,0
BRDA:141,7,1,0
BRF:19
BRH:0
end_of_record
TN:
SF:/Users/ravi/workspace/xwp/material-theme-builder-wp/assets/src/block-editor/blocks/cards-collection/constants.js
FNF:0
FNH:0
DA:6,158
DA:31,158
DA:32,158
DA:33,158
LF:4
LH:4
BRF:0
BRH:0
end_of_record
TN:
SF:/Users/ravi/workspace/xwp/material-theme-builder-wp/assets/src/block-editor/blocks/cards-collection/edit.js
FN:36,(anonymous_0)
FN:89,(anonymous_1)
FN:158,(anonymous_2)
FN:223,(anonymous_3)
FN:233,(anonymous_4)
FN:234,(anonymous_5)
FN:235,(anonymous_6)
FN:252,(anonymous_7)
FN:261,(anonymous_8)
FN:279,(anonymous_9)
FN:298,(anonymous_10)
FNF:11
FNH:0
FNDA:0,(anonymous_0)
FNDA:0,(anonymous_1)
FNDA:0,(anonymous_2)
FNDA:0,(anonymous_3)
FNDA:0,(anonymous_4)
FNDA:0,(anonymous_5)
FNDA:0,(anonymous_6)
FNDA:0,(anonymous_7)
FNDA:0,(anonymous_8)
FNDA:0,(anonymous_9)
FNDA:0,(anonymous_10)
DA:36,158
DA:37,0
DA:55,0
DA:56,0
DA:57,0
DA:60,0
DA:61,0
DA:84,0
DA:86,0
DA:88,0
DA:90,0
DA:91,0
DA:93,0
DA:94,0
DA:95,0
DA:96,0
DA:97,0
DA:98,0
DA:99,0
DA:102,0
DA:103,0
DA:108,0
DA:109,0
DA:110,0
DA:111,0
DA:114,0
DA:157,0
DA:159,0
DA:160,0
DA:161,0
DA:162,0
DA:163,0
DA:164,0
DA:166,0
DA:167,0
DA:168,0
DA:169,0
DA:170,0
DA:171,0
DA:172,0
DA:173,0
DA:176,0
DA:177,0
DA:178,0
DA:179,0
DA:181,0
DA:182,0
DA:185,0
DA:186,0
DA:188,0
DA:193,0
DA:202,0
DA:204,0
DA:208,0
DA:223,0
DA:233,0
DA:234,0
DA:235,0
DA:241,0
DA:252,0
DA:253,0
DA:261,0
DA:262,0
DA:263,0
DA:264,0
DA:265,0
DA:266,0
DA:267,0
DA:270,0
DA:279,0
DA:280,0
DA:281,0
DA:282,0
DA:283,0
DA:284,0
DA:285,0
DA:289,0
DA:298,0
DA:299,0
DA:300,0
DA:301,0
DA:305,0
DA:323,0
LF:83
LH:1
BRDA:90,0,0,0
BRDA:90,0,1,0
BRDA:95,1,0,0
BRDA:95,1,1,0
BRDA:108,2,0,0
BRDA:108,2,1,0
BRDA:163,3,0,0
BRDA:163,3,1,0
BRDA:167,4,0,0
BRDA:167,4,1,0
BRDA:176,5,0,0
BRDA:176,5,1,0
BRDA:185,6,0,0
BRDA:185,6,1,0
BRDA:202,7,0,0
BRDA:202,7,1,0
BRDA:219,8,0,0
BRDA:219,8,1,0
BRDA:222,9,0,0
BRDA:222,9,1,0
BRDA:225,10,0,0
BRDA:225,10,1,0
BRDA:226,11,0,0
BRDA:226,11,1,0
BRDA:227,12,0,0
BRDA:227,12,1,0
BRDA:228,13,0,0
BRDA:228,13,1,0
BRDA:263,14,0,0
BRDA:263,14,1,0
BRDA:281,15,0,0
BRDA:281,15,1,0
BRF:32
BRH:0
end_of_record
TN:
SF:/Users/ravi/workspace/xwp/material-theme-builder-wp/assets/src/block-editor/blocks/cards-collection/example.js
FNF:0
FNH:0
DA:4,158
DA:6,158
DA:7,316
DA:10,158
LF:4
LH:4
BRF:0
BRH:0
end_of_record
TN:
SF:/Users/ravi/workspace/xwp/material-theme-builder-wp/assets/src/block-editor/blocks/cards-collection/index.js
FNF:0
FNH:0
DA:14,158
DA:21,158
LF:2
LH:2
BRF:0
BRH:0
end_of_record
TN:
SF:/Users/ravi/workspace/xwp/material-theme-builder-wp/assets/src/block-editor/blocks/cards-collection/save.js
FN:23,(anonymous_0)
FN:39,(anonymous_1)
FN:40,(anonymous_2)
FNF:3
FNH:0
FNDA:0,(anonymous_0)
FNDA:0,(anonymous_1)
FNDA:0,(anonymous_2)
DA:23,158
DA:32,0
DA:33,0
DA:34,0
DA:36,0
DA:37,0
DA:45,0
DA:60,0
LF:8
LH:1
BRDA:50,0,0,0
BRDA:50,0,1,0
BRDA:53,1,0,0
BRDA:53,1,1,0
BRDA:54,2,0,0
BRDA:54,2,1,0
BRDA:55,3,0,0
BRDA:55,3,1,0
BRF:8
BRH:0
end_of_record
TN:
SF:/Users/ravi/workspace/xwp/material-theme-builder-wp/assets/src/block-editor/blocks/cards-collection/components/cards-collection-inspector-controls.js
FN:27,(anonymous_0)
FN:50,(anonymous_1)
FN:95,(anonymous_2)
FNF:3
FNH:0
FNDA:0,(anonymous_0)
FNDA:0,(anonymous_1)
FNDA:0,(anonymous_2)
DA:27,158
DA:28,0
DA:48,0
DA:50,0
DA:51,0
DA:62,0
DA:74,0
DA:95,0
DA:96,0
DA:102,0
LF:10
LH:1
BRDA:52,0,0,0
BRDA:52,0,1,0
BRDA:76,1,0,0
BRDA:76,1,1,0
BRDA:81,2,0,0
BRDA:81,2,1,0
BRDA:139,3,0,0
BRDA:139,3,1,0
BRDA:146,4,0,0
BRDA:146,4,1,0
BRDA:158,5,0,0
BRDA:158,5,1,0
BRDA:170,6,0,0
BRDA:170,6,1,0
BRF:14
BRH:0
end_of_record
TN:
SF:/Users/ravi/workspace/xwp/material-theme-builder-wp/assets/src/block-editor/blocks/cards-collection/components/cards.js
FN:15,(anonymous_0)
FNF:1
FNH:0
FNDA:0,(anonymous_0)
DA:15,158
DA:16,0
DA:18,0
DA:24,0
DA:32,0
LF:5
LH:1
BRDA:15,0,0,0
BRDA:16,1,0,0
BRDA:16,1,1,0
BRDA:18,2,0,0
BRDA:18,2,1,0
BRDA:24,3,0,0
BRDA:24,3,1,0
BRDA:34,4,0,0
BRDA:34,4,1,0
BRDA:34,4,2,0
BRDA:42,5,0,0
BRDA:42,5,1,0
BRF:12
BRH:0
end_of_record
TN:
SF:/Users/ravi/workspace/xwp/material-theme-builder-wp/assets/src/block-editor/blocks/cards-collection/components/focused-card-controls.js
FN:19,(anonymous_0)
FNF:1
FNH:0
FNDA:0,(anonymous_0)
DA:19,158
DA:27,0
LF:2
LH:1
BRDA:32,0,0,0
BRDA:32,0,1,0
BRDA:44,1,0,0
BRDA:44,1,1,0
BRF:4
BRH:0
end_of_record
TN:
SF:/Users/ravi/workspace/xwp/material-theme-builder-wp/assets/src/block-editor/blocks/cards-collection/utils/get-column-span.js
FN:9,(anonymous_0)
FNF:1
FNH:0
FNDA:0,(anonymous_0)
DA:10,0
DA:12,0
DA:18,0
DA:21,0
LF:4
LH:0
BRDA:12,0,0,0
BRDA:12,0,1,0
BRF:2
BRH:0
end_of_record
TN:
SF:/Users/ravi/workspace/xwp/material-theme-builder-wp/assets/src/block-editor/blocks/common-posts-list/edit-with-select.js
FN:25,(anonymous_0)
FN:39,(anonymous_1)
FN:80,(anonymous_2)
FN:92,(anonymous_3)
FNF:4
FNH:4
FNDA:264,(anonymous_0)
FNDA:954,(anonymous_1)
FNDA:1908,(anonymous_2)
FNDA:648,(anonymous_3)
DA:25,158
DA:26,264
DA:27,264
DA:29,264
DA:30,156
DA:33,108
DA:39,158
DA:47,954
DA:48,954
DA:50,954
DA:52,954
DA:54,954
DA:59,954
DA:60,0
DA:67,0
DA:68,0
DA:69,0
DA:70,0
DA:71,0
DA:72,0
DA:73,0
DA:78,954
DA:80,1908
DA:83,954
DA:89,954
DA:93,648
DA:94,0
DA:95,0
DA:100,0
DA:101,0
DA:103,0
DA:105,648
LF:32
LH:19
BRDA:27,0,0,264
BRDA:27,0,1,108
BRDA:29,1,0,156
BRDA:29,1,1,108
BRDA:50,2,0,0
BRDA:50,2,1,954
BRDA:59,3,0,0
BRDA:59,3,1,954
BRDA:67,4,0,0
BRDA:67,4,1,0
BRDA:68,5,0,0
BRDA:68,5,1,0
BRDA:71,6,0,0
BRDA:71,6,1,0
BRDA:90,7,0,630
BRDA:90,7,1,324
BRDA:93,8,0,0
BRDA:93,8,1,648
BRDA:93,9,0,648
BRDA:93,9,1,648
BRDA:100,10,0,0
BRDA:100,10,1,0
BRF:22
BRH:11
end_of_record
TN:
SF:/Users/ravi/workspace/xwp/material-theme-builder-wp/assets/src/block-editor/blocks/common-posts-list/components/card-actions.js
FN:11,(anonymous_0)
FNF:1
FNH:1
FNDA:216,(anonymous_0)
DA:11,158
DA:12,216
LF:2
LH:2
BRDA:14,0,0,216
BRDA:14,0,1,0
BRDA:23,1,0,216
BRDA:23,1,1,216
BRF:4
BRH:3
end_of_record
TN:
SF:/Users/ravi/workspace/xwp/material-theme-builder-wp/assets/src/block-editor/blocks/common-posts-list/components/card-header.js
FN:19,(anonymous_0)
FNF:1
FNH:1
FNDA:216,(anonymous_0)
DA:19,158
DA:20,216
LF:2
LH:2
BRDA:22,0,0,216
BRDA:22,0,1,0
BRDA:28,1,0,216
BRDA:28,1,1,216
BRF:4
BRH:3
end_of_record
TN:
SF:/Users/ravi/workspace/xwp/material-theme-builder-wp/assets/src/block-editor/blocks/common-posts-list/components/card-image.js
FN:21,(anonymous_0)
FNF:1
FNH:0
FNDA:0,(anonymous_0)
DA:21,158
DA:22,0
DA:24,0
LF:3
LH:1
BRDA:34,0,0,0
BRDA:34,0,1,0
BRF:2
BRH:0
end_of_record
TN:
SF:/Users/ravi/workspace/xwp/material-theme-builder-wp/assets/src/block-editor/blocks/common-posts-list/components/horizontal-card-layout.js
FN:27,(anonymous_0)
FNF:1
FNH:0
FNDA:0,(anonymous_0)
DA:27,158
DA:34,0
DA:36,0
LF:3
LH:1
BRDA:50,0,0,0
BRDA:50,0,1,0
BRDA:50,0,2,0
BRDA:55,1,0,0
BRDA:55,1,1,0
BRDA:55,1,2,0
BRF:6
BRH:0
end_of_record
TN:
SF:/Users/ravi/workspace/xwp/material-theme-builder-wp/assets/src/block-editor/blocks/common-posts-list/components/inspector-controls.js
FN:37,(anonymous_0)
FN:134,(anonymous_1)
FN:147,(anonymous_2)
FN:159,(anonymous_3)
FN:160,(anonymous_4)
FNF:5
FNH:1
FNDA:186,(anonymous_0)
FNDA:0,(anonymous_1)
FNDA:0,(anonymous_2)
FNDA:0,(anonymous_3)
FNDA:0,(anonymous_4)
DA:21,158
DA:22,158
DA:24,158
DA:25,158
DA:37,158
DA:42,186
DA:60,186
DA:62,186
DA:135,0
DA:148,0
DA:160,0
LF:11
LH:8
BRDA:71,0,0,186
BRDA:71,0,1,186
BRDA:99,1,0,186
BRDA:99,1,1,186
BRDA:129,2,0,186
BRDA:129,2,1,186
BRDA:135,3,0,0
BRDA:135,3,1,0
BRDA:140,4,0,186
BRDA:140,4,1,0
BRDA:148,5,0,0
BRDA:148,5,1,0
BRDA:159,6,0,0
BRF:13
BRH:7
end_of_record
TN:
SF:/Users/ravi/workspace/xwp/material-theme-builder-wp/assets/src/block-editor/blocks/common-posts-list/components/no-posts.js
FN:16,(anonymous_0)
FNF:1
FNH:1
FNDA:156,(anonymous_0)
DA:16,158
DA:17,156
DA:19,156
DA:20,0
DA:23,156
LF:5
LH:4
BRDA:19,0,0,0
BRDA:19,0,1,156
BRDA:26,1,0,156
BRDA:26,1,1,0
BRF:4
BRH:2
end_of_record
TN:
SF:/Users/ravi/workspace/xwp/material-theme-builder-wp/assets/src/block-editor/blocks/common-posts-list/components/posts-list.js
FN:20,(anonymous_0)
FN:39,(anonymous_1)
FN:60,(anonymous_2)
FNF:3
FNH:2
FNDA:108,(anonymous_0)
FNDA:0,(anonymous_1)
FNDA:216,(anonymous_2)
DA:20,158
DA:21,108
DA:23,108
DA:25,108
DA:31,0
DA:34,108
DA:40,0
DA:41,0
DA:61,216
DA:62,216
LF:10
LH:7
BRDA:25,0,0,0
BRDA:25,0,1,108
BRDA:36,1,0,108
BRDA:36,1,1,108
BRDA:36,1,2,0
BRDA:54,2,0,108
BRDA:54,2,1,108
BRF:7
BRH:5
end_of_record
TN:
SF:/Users/ravi/workspace/xwp/material-theme-builder-wp/assets/src/block-editor/blocks/common-posts-list/components/single-post.js
FN:22,(anonymous_0)
FNF:1
FNH:1
FNDA:216,(anonymous_0)
DA:22,158
DA:23,216
DA:24,216
DA:26,216
DA:27,216
DA:28,216
DA:30,216
DA:31,216
DA:33,216
DA:42,216
LF:10
LH:10
BRDA:28,0,0,216
BRDA:28,0,1,216
BRDA:28,0,2,216
BRDA:44,1,0,216
BRDA:44,1,1,0
BRDA:45,2,0,216
BRDA:45,2,1,0
BRDA:46,3,0,216
BRDA:46,3,1,216
BRF:9
BRH:7
end_of_record
TN:
SF:/Users/ravi/workspace/xwp/material-theme-builder-wp/assets/src/block-editor/blocks/common-posts-list/components/vertical-card-layout.js
FN:34,(anonymous_0)
FNF:1
FNH:1
FNDA:216,(anonymous_0)
DA:34,158
DA:45,216
DA:47,216
DA:49,216
LF:4
LH:4
BRDA:62,0,0,216
BRDA:62,0,1,216
BRDA:64,1,0,216
BRDA:64,1,1,0
BRDA:64,1,2,0
BRDA:64,1,3,0
BRDA:68,2,0,216
BRDA:68,2,1,0
BRDA:68,2,2,0
BRDA:72,3,0,216
BRDA:72,3,1,216
BRDA:72,3,2,0
BRDA:75,4,0,216
BRDA:75,4,1,0
BRDA:76,5,0,216
BRDA:76,5,1,216
BRDA:86,6,0,0
BRDA:86,6,1,216
BRDA:99,7,0,216
BRDA:99,7,1,216
BRDA:99,7,2,216
BRF:21
BRH:13
end_of_record
TN:
SF:/Users/ravi/workspace/xwp/material-theme-builder-wp/assets/src/block-editor/blocks/contact-form/contact-form-context.js
FN:6,(anonymous_0)
FNF:1
FNH:0
FNDA:0,(anonymous_0)
DA:3,158
LF:1
LH:1
BRF:0
BRH:0
end_of_record
TN:
SF:/Users/ravi/workspace/xwp/material-theme-builder-wp/assets/src/block-editor/blocks/contact-form/edit.js
FN:52,(anonymous_0)
FN:112,(anonymous_1)
FN:114,(anonymous_2)
FN:120,(anonymous_3)
FN:129,(anonymous_4)
FNF:5
FNH:0
FNDA:0,(anonymous_0)
FNDA:0,(anonymous_1)
FNDA:0,(anonymous_2)
FNDA:0,(anonymous_3)
FNDA:0,(anonymous_4)
DA:20,158
DA:29,158
DA:52,158
DA:60,0
DA:62,0
DA:63,0
DA:74,0
DA:75,0
DA:83,0
DA:84,0
DA:86,0
DA:87,0
DA:95,0
DA:113,0
DA:114,0
DA:115,0
DA:117,0
DA:121,0
DA:129,0
LF:19
LH:3
BRDA:62,0,0,0
BRDA:62,0,1,0
BRDA:74,1,0,0
BRDA:74,1,1,0
BRDA:84,2,0,0
BRDA:84,2,1,0
BRDA:86,3,0,0
BRDA:86,3,1,0
BRF:8
BRH:0
end_of_record
TN:
SF:/Users/ravi/workspace/xwp/material-theme-builder-wp/assets/src/block-editor/blocks/contact-form/index.js
FNF:0
FNH:0
DA:13,158
DA:17,158
LF:2
LH:2
BRF:0
BRH:0
end_of_record
TN:
SF:/Users/ravi/workspace/xwp/material-theme-builder-wp/assets/src/block-editor/blocks/contact-form/save.js
FN:14,(anonymous_0)
FNF:1
FNH:0
FNDA:0,(anonymous_0)
DA:14,158
DA:15,0
DA:17,0
LF:3
LH:1
BRF:0
BRH:0
end_of_record
TN:
SF:/Users/ravi/workspace/xwp/material-theme-builder-wp/assets/src/block-editor/blocks/contact-form/components/inspector-controls.js
FN:7,(anonymous_0)
FNF:1
FNH:0
FNDA:0,(anonymous_0)
DA:7,158
DA:11,0
DA:13,0
LF:3
LH:1
BRF:0
BRH:0
end_of_record
TN:
SF:/Users/ravi/workspace/xwp/material-theme-builder-wp/assets/src/block-editor/blocks/contact-form/components/recaptcha-inspector-controls-panel.js
FN:26,(anonymous_0)
FN:40,(anonymous_1)
FN:47,(anonymous_2)
FN:76,(anonymous_3)
FN:81,(anonymous_4)
FN:98,(anonymous_5)
FN:107,(anonymous_6)
FN:116,(anonymous_7)
FN:142,(anonymous_8)
FN:159,(anonymous_9)
FN:163,(anonymous_10)
FN:180,(anonymous_11)
FN:196,(anonymous_12)
FN:246,(anonymous_13)
FN:254,(anonymous_14)
FNF:15
FNH:0
FNDA:0,(anonymous_0)
FNDA:0,(anonymous_1)
FNDA:0,(anonymous_2)
FNDA:0,(anonymous_3)
FNDA:0,(anonymous_4)
FNDA:0,(anonymous_5)
FNDA:0,(anonymous_6)
FNDA:0,(anonymous_7)
FNDA:0,(anonymous_8)
FNDA:0,(anonymous_9)
FNDA:0,(anonymous_10)
FNDA:0,(anonymous_11)
FNDA:0,(anonymous_12)
FNDA:0,(anonymous_13)
FNDA:0,(anonymous_14)
DA:16,158
DA:26,158
DA:27,0
DA:33,0
DA:34,0
DA:35,0
DA:36,0
DA:38,0
DA:39,0
DA:41,0
DA:42,0
DA:44,0
DA:64,0
DA:68,0
DA:69,0
DA:72,0
DA:77,0
DA:78,0
DA:79,0
DA:82,0
DA:85,0
DA:87,0
DA:98,0
DA:99,0
DA:107,0
DA:108,0
DA:116,0
DA:117,0
DA:118,0
DA:119,0
DA:121,0
DA:122,0
DA:123,0
DA:127,0
DA:128,0
DA:129,0
DA:132,0
DA:136,0
DA:137,0
DA:138,0
DA:141,0
DA:143,0
DA:144,0
DA:145,0
DA:146,0
DA:153,0
DA:154,0
DA:160,0
DA:161,0
DA:164,0
DA:165,0
DA:166,0
DA:167,0
DA:169,0
DA:180,0
DA:181,0
DA:196,0
DA:201,0
DA:246,0
DA:254,0
LF:60
LH:2
BRDA:41,0,0,0
BRDA:41,0,1,0
BRDA:64,1,0,0
BRDA:64,1,1,0
BRDA:65,2,0,0
BRDA:65,2,1,0
BRDA:69,3,0,0
BRDA:69,3,1,0
BRDA:121,4,0,0
BRDA:121,4,1,0
BRDA:121,5,0,0
BRDA:121,5,1,0
BRDA:121,5,2,0
BRDA:136,6,0,0
BRDA:136,6,1,0
BRDA:144,7,0,0
BRDA:144,7,1,0
BRDA:144,8,0,0
BRDA:144,8,1,0
BRDA:147,9,0,0
BRDA:147,9,1,0
BRDA:147,10,0,0
BRDA:147,10,1,0
BRDA:165,11,0,0
BRDA:165,11,1,0
BRDA:261,12,0,0
BRDA:261,12,1,0
BRF:27
BRH:0
end_of_record
TN:
SF:/Users/ravi/workspace/xwp/material-theme-builder-wp/assets/src/block-editor/blocks/contact-form/inner-blocks/common/components/inspector-controls.js
FN:22,(anonymous_0)
FNF:1
FNH:0
FNDA:0,(anonymous_0)
DA:22,158
DA:26,0
DA:28,0
LF:3
LH:1
BRF:0
BRH:0
end_of_record
TN:
SF:/Users/ravi/workspace/xwp/material-theme-builder-wp/assets/src/block-editor/blocks/contact-form/inner-blocks/common/components/text-input-edit.js
FN:38,(anonymous_0)
FN:69,(anonymous_1)
FN:78,(anonymous_2)
FN:80,(anonymous_3)
FN:90,(anonymous_4)
FN:174,(anonymous_5)
FNF:6
FNH:0
FNDA:0,(anonymous_0)
FNDA:0,(anonymous_1)
FNDA:0,(anonymous_2)
FNDA:0,(anonymous_3)
FNDA:0,(anonymous_4)
FNDA:0,(anonymous_5)
DA:38,158
DA:56,0
DA:58,0
DA:62,0
DA:64,0
DA:65,0
DA:68,0
DA:70,0
DA:78,0
DA:79,0
DA:80,0
DA:83,0
DA:90,0
DA:94,0
DA:175,0
DA:179,0
LF:16
LH:1
BRDA:64,0,0,0
BRDA:64,0,1,0
BRDA:64,1,0,0
BRDA:64,1,1,0
BRDA:104,2,0,0
BRDA:104,2,1,0
BRDA:111,3,0,0
BRDA:111,3,1,0
BRDA:117,4,0,0
BRDA:117,4,1,0
BRDA:130,5,0,0
BRDA:130,5,1,0
BRDA:156,6,0,0
BRDA:156,6,1,0
BRF:14
BRH:0
end_of_record
TN:
SF:/Users/ravi/workspace/xwp/material-theme-builder-wp/assets/src/block-editor/blocks/contact-form/inner-blocks/common/components/text-input-element.js
FN:15,(anonymous_0)
FNF:1
FNH:0
FNDA:0,(anonymous_0)
DA:15,158
DA:26,0
LF:2
LH:1
BRDA:16,0,0,0
BRDA:32,1,0,0
BRDA:32,1,1,0
BRDA:34,2,0,0
BRDA:34,2,1,0
BRDA:35,3,0,0
BRDA:35,3,1,0
BRF:7
BRH:0
end_of_record
TN:
SF:/Users/ravi/workspace/xwp/material-theme-builder-wp/assets/src/block-editor/blocks/contact-form/inner-blocks/common/components/text-input-save.js
FN:21,(anonymous_0)
FN:45,(anonymous_1)
FNF:2
FNH:0
FNDA:0,(anonymous_0)
FNDA:0,(anonymous_1)
DA:21,158
DA:35,0
DA:37,0
DA:49,0
LF:4
LH:1
BRDA:56,0,0,0
BRDA:56,0,1,0
BRDA:69,1,0,0
BRDA:69,1,1,0
BRDA:95,2,0,0
BRDA:95,2,1,0
BRF:6
BRH:0
end_of_record
TN:
SF:/Users/ravi/workspace/xwp/material-theme-builder-wp/assets/src/block-editor/blocks/contact-form/inner-blocks/common/components/textarea-input-edit.js
FN:39,(anonymous_0)
FN:70,(anonymous_1)
FN:79,(anonymous_2)
FN:88,(anonymous_3)
FN:90,(anonymous_4)
FN:173,(anonymous_5)
FNF:6
FNH:0
FNDA:0,(anonymous_0)
FNDA:0,(anonymous_1)
FNDA:0,(anonymous_2)
FNDA:0,(anonymous_3)
FNDA:0,(anonymous_4)
FNDA:0,(anonymous_5)
DA:39,158
DA:56,0
DA:58,0
DA:60,0
DA:61,0
DA:64,0
DA:70,0
DA:74,0
DA:78,0
DA:80,0
DA:88,0
DA:89,0
DA:90,0
DA:93,0
DA:174,0
DA:178,0
LF:16
LH:1
BRDA:60,0,0,0
BRDA:60,0,1,0
BRDA:60,1,0,0
BRDA:60,1,1,0
BRDA:99,2,0,0
BRDA:99,2,1,0
BRDA:106,3,0,0
BRDA:106,3,1,0
BRDA:112,4,0,0
BRDA:112,4,1,0
BRDA:128,5,0,0
BRDA:128,5,1,0
BRDA:155,6,0,0
BRDA:155,6,1,0
BRF:14
BRH:0
end_of_record
TN:
SF:/Users/ravi/workspace/xwp/material-theme-builder-wp/assets/src/block-editor/blocks/contact-form/inner-blocks/common/components/textarea-input-element.js
FN:14,(anonymous_0)
FNF:1
FNH:0
FNDA:0,(anonymous_0)
DA:14,158
DA:24,0
LF:2
LH:1
BRDA:15,0,0,0
BRDA:31,1,0,0
BRDA:31,1,1,0
BRDA:32,2,0,0
BRDA:32,2,1,0
BRDA:37,3,0,0
BRDA:37,3,1,0
BRF:7
BRH:0
end_of_record
TN:
SF:/Users/ravi/workspace/xwp/material-theme-builder-wp/assets/src/block-editor/blocks/contact-form/inner-blocks/common/components/textarea-input-save.js
FN:21,(anonymous_0)
FN:43,(anonymous_1)
FNF:2
FNH:0
FNDA:0,(anonymous_0)
FNDA:0,(anonymous_1)
DA:21,158
DA:34,0
DA:36,0
DA:47,0
LF:4
LH:1
BRDA:50,0,0,0
BRDA:50,0,1,0
BRDA:66,1,0,0
BRDA:66,1,1,0
BRDA:93,2,0,0
BRDA:93,2,1,0
BRF:6
BRH:0
end_of_record
TN:
SF:/Users/ravi/workspace/xwp/material-theme-builder-wp/assets/src/block-editor/blocks/contact-form/inner-blocks/email-input-field/block-icon.js
FN:6,(anonymous_0)
FNF:1
FNH:0
FNDA:0,(anonymous_0)
DA:6,158
DA:7,0
LF:2
LH:1
BRF:0
BRH:0
end_of_record
TN:
SF:/Users/ravi/workspace/xwp/material-theme-builder-wp/assets/src/block-editor/blocks/contact-form/inner-blocks/email-input-field/index.js
FNF:0
FNH:0
DA:13,158
DA:15,158
LF:2
LH:2
BRF:0
BRH:0
end_of_record
TN:
SF:/Users/ravi/workspace/xwp/material-theme-builder-wp/assets/src/block-editor/blocks/contact-form/inner-blocks/message-input-field/block-icon.js
FN:6,(anonymous_0)
FNF:1
FNH:0
FNDA:0,(anonymous_0)
DA:6,158
DA:7,0
LF:2
LH:1
BRF:0
BRH:0
end_of_record
TN:
SF:/Users/ravi/workspace/xwp/material-theme-builder-wp/assets/src/block-editor/blocks/contact-form/inner-blocks/message-input-field/index.js
FNF:0
FNH:0
DA:13,158
DA:15,158
LF:2
LH:2
BRF:0
BRH:0
end_of_record
TN:
SF:/Users/ravi/workspace/xwp/material-theme-builder-wp/assets/src/block-editor/blocks/contact-form/inner-blocks/name-input-field/block-icon.js
FN:6,(anonymous_0)
FNF:1
FNH:0
FNDA:0,(anonymous_0)
DA:6,158
DA:7,0
LF:2
LH:1
BRF:0
BRH:0
end_of_record
TN:
SF:/Users/ravi/workspace/xwp/material-theme-builder-wp/assets/src/block-editor/blocks/contact-form/inner-blocks/name-input-field/index.js
FNF:0
FNH:0
DA:13,158
DA:15,158
LF:2
LH:2
BRF:0
BRH:0
end_of_record
TN:
SF:/Users/ravi/workspace/xwp/material-theme-builder-wp/assets/src/block-editor/blocks/contact-form/inner-blocks/short-text-input-field/block-icon.js
FN:6,(anonymous_0)
FNF:1
FNH:0
FNDA:0,(anonymous_0)
DA:6,158
DA:7,0
LF:2
LH:1
BRF:0
BRH:0
end_of_record
TN:
SF:/Users/ravi/workspace/xwp/material-theme-builder-wp/assets/src/block-editor/blocks/contact-form/inner-blocks/short-text-input-field/index.js
FNF:0
FNH:0
DA:13,158
DA:15,158
LF:2
LH:2
BRF:0
BRH:0
end_of_record
TN:
SF:/Users/ravi/workspace/xwp/material-theme-builder-wp/assets/src/block-editor/blocks/contact-form/inner-blocks/website-input-field/block-icon.js
FN:6,(anonymous_0)
FNF:1
FNH:0
FNDA:0,(anonymous_0)
DA:6,158
DA:7,0
LF:2
LH:1
BRF:0
BRH:0
end_of_record
TN:
SF:/Users/ravi/workspace/xwp/material-theme-builder-wp/assets/src/block-editor/blocks/contact-form/inner-blocks/website-input-field/index.js
FNF:0
FNH:0
DA:13,158
DA:15,158
LF:2
LH:2
BRF:0
BRH:0
end_of_record
TN:
SF:/Users/ravi/workspace/xwp/material-theme-builder-wp/assets/src/block-editor/blocks/data-table/edit.js
FN:75,(anonymous_0)
FN:89,(anonymous_1)
FN:92,(anonymous_2)
FN:147,(anonymous_3)
FN:158,(anonymous_4)
FN:165,(anonymous_5)
FN:172,(anonymous_6)
FN:173,(anonymous_7)
FN:191,(anonymous_8)
FN:207,(anonymous_9)
FN:218,(anonymous_10)
FN:225,(anonymous_11)
FN:234,(anonymous_12)
FN:249,(anonymous_13)
FN:262,(anonymous_14)
FN:281,(anonymous_15)
FN:288,(anonymous_16)
FN:295,(anonymous_17)
FN:311,(anonymous_18)
FN:329,(anonymous_19)
FN:336,(anonymous_20)
FN:343,(anonymous_21)
FN:363,(anonymous_22)
FN:461,(anonymous_23)
FN:540,(anonymous_24)
FNF:25
FNH:12
FNDA:252,(anonymous_0)
FNDA:192,(anonymous_1)
FNDA:432,(anonymous_2)
FNDA:204,(anonymous_3)
FNDA:48,(anonymous_4)
FNDA:48,(anonymous_5)
FNDA:864,(anonymous_6)
FNDA:6,(anonymous_7)
FNDA:12,(anonymous_8)
FNDA:168,(anonymous_9)
FNDA:0,(anonymous_10)
FNDA:0,(anonymous_11)
FNDA:0,(anonymous_12)
FNDA:0,(anonymous_13)
FNDA:0,(anonymous_14)
FNDA:0,(anonymous_15)
FNDA:0,(anonymous_16)
FNDA:0,(anonymous_17)
FNDA:0,(anonymous_18)
FNDA:0,(anonymous_19)
FNDA:0,(anonymous_20)
FNDA:0,(anonymous_21)
FNDA:168,(anonymous_22)
FNDA:0,(anonymous_23)
FNDA:552,(anonymous_24)
DA:57,158
DA:75,158
DA:76,252
DA:77,156
DA:80,96
DA:81,96
DA:82,96
DA:87,96
DA:90,192
DA:93,432
DA:99,432
DA:106,432
DA:116,432
DA:117,432
DA:118,36
DA:119,396
DA:120,0
DA:123,432
DA:147,158
DA:148,204
DA:149,204
DA:150,204
DA:151,204
DA:158,204
DA:164,48
DA:165,48
DA:172,204
DA:173,864
DA:174,6
DA:182,204
DA:191,204
DA:192,12
DA:194,12
DA:207,204
DA:208,168
DA:209,60
DA:212,108
DA:218,204
DA:219,0
DA:225,204
DA:226,0
DA:234,204
DA:235,0
DA:236,0
DA:241,0
DA:246,0
DA:249,0
DA:254,0
DA:262,204
DA:263,0
DA:264,0
DA:267,0
DA:269,0
DA:270,0
DA:281,204
DA:282,0
DA:288,204
DA:289,0
DA:295,204
DA:296,0
DA:297,0
DA:300,0
DA:302,0
DA:303,0
DA:311,204
DA:312,0
DA:313,0
DA:316,0
DA:318,0
DA:319,0
DA:329,204
DA:330,0
DA:336,204
DA:337,0
DA:343,204
DA:344,0
DA:345,0
DA:348,0
DA:350,0
DA:351,0
DA:354,204
DA:363,204
DA:364,168
DA:404,204
DA:405,36
DA:446,168
DA:461,0
DA:541,552
DA:543,552
LF:89
LH:55
BRDA:76,0,0,156
BRDA:76,0,1,96
BRDA:81,1,0,84
BRDA:81,1,1,12
BRDA:110,2,0,432
BRDA:110,2,1,216
BRDA:110,2,2,216
BRDA:110,2,3,108
BRDA:117,3,0,36
BRDA:117,3,1,396
BRDA:119,4,0,0
BRDA:119,4,1,396
BRDA:131,5,0,36
BRDA:131,5,1,396
BRDA:182,6,0,204
BRDA:182,6,1,180
BRDA:182,6,2,36
BRDA:208,7,0,60
BRDA:208,7,1,108
BRDA:235,8,0,0
BRDA:235,8,1,0
BRDA:263,9,0,0
BRDA:263,9,1,0
BRDA:296,10,0,0
BRDA:296,10,1,0
BRDA:311,11,0,0
BRDA:312,12,0,0
BRDA:312,12,1,0
BRDA:344,13,0,0
BRDA:344,13,1,0
BRDA:404,14,0,36
BRDA:404,14,1,168
BRDA:471,15,0,168
BRDA:471,15,1,168
BRDA:476,16,0,168
BRDA:476,16,1,168
BRDA:484,17,0,168
BRDA:484,17,1,72
BRDA:516,18,0,168
BRDA:516,18,1,168
BRDA:545,19,0,552
BRDA:545,19,1,552
BRDA:545,19,2,552
BRF:43
BRH:31
end_of_record
TN:
SF:/Users/ravi/workspace/xwp/material-theme-builder-wp/assets/src/block-editor/blocks/data-table/example.js
FNF:0
FNH:0
DA:3,158
LF:1
LH:1
BRF:0
BRH:0
end_of_record
TN:
SF:/Users/ravi/workspace/xwp/material-theme-builder-wp/assets/src/block-editor/blocks/data-table/hooks.js
FN:16,(anonymous_0)
FN:32,(anonymous_1)
FN:33,(anonymous_2)
FN:53,(anonymous_3)
FN:67,(anonymous_4)
FN:101,(anonymous_5)
FNF:6
FNH:5
FNDA:656,(anonymous_0)
FNDA:158,(anonymous_1)
FNDA:656,(anonymous_2)
FNDA:0,(anonymous_3)
FNDA:27334,(anonymous_4)
FNDA:158,(anonymous_5)
DA:16,158
DA:17,656
DA:32,158
DA:33,158
DA:34,656
DA:35,57
DA:42,599
DA:53,158
DA:54,0
DA:55,0
DA:58,0
DA:67,158
DA:68,27334
DA:69,316
DA:83,27334
DA:86,158
DA:92,158
DA:99,158
DA:101,158
DA:102,158
DA:106,158
DA:110,0
LF:22
LH:18
BRDA:18,0,0,656
BRDA:18,0,1,93
BRDA:18,0,2,93
BRDA:18,0,3,81
BRDA:34,1,0,57
BRDA:34,1,1,599
BRDA:54,2,0,0
BRDA:54,2,1,0
BRDA:68,3,0,316
BRDA:68,3,1,27018
BRDA:106,4,0,0
BRDA:106,4,1,158
BRDA:107,5,0,158
BRDA:107,5,1,158
BRF:14
BRH:11
end_of_record
TN:
SF:/Users/ravi/workspace/xwp/material-theme-builder-wp/assets/src/block-editor/blocks/data-table/index.js
FNF:0
FNH:0
DA:14,158
DA:21,158
LF:2
LH:2
BRF:0
BRH:0
end_of_record
TN:
SF:/Users/ravi/workspace/xwp/material-theme-builder-wp/assets/src/block-editor/blocks/data-table/save.js
FN:11,(anonymous_0)
FN:26,(anonymous_1)
FN:40,(anonymous_2)
FN:42,(anonymous_3)
FNF:4
FNH:0
FNDA:0,(anonymous_0)
FNDA:0,(anonymous_1)
FNDA:0,(anonymous_2)
FNDA:0,(anonymous_3)
DA:11,158
DA:12,0
DA:14,0
DA:16,0
DA:17,0
DA:20,0
DA:24,0
DA:26,0
DA:27,0
DA:28,0
DA:31,0
DA:32,0
DA:33,0
DA:38,0
DA:41,0
DA:43,0
DA:49,0
DA:66,0
LF:18
LH:1
BRDA:14,0,0,0
BRDA:14,0,1,0
BRDA:14,0,2,0
BRDA:16,1,0,0
BRDA:16,1,1,0
BRDA:24,2,0,0
BRDA:24,2,1,0
BRDA:27,3,0,0
BRDA:27,3,1,0
BRDA:32,4,0,0
BRDA:32,4,1,0
BRDA:56,5,0,0
BRDA:56,5,1,0
BRDA:70,6,0,0
BRDA:70,6,1,0
BRDA:81,7,0,0
BRDA:81,7,1,0
BRF:17
BRH:0
end_of_record
TN:
SF:/Users/ravi/workspace/xwp/material-theme-builder-wp/assets/src/block-editor/blocks/data-table/state.js
FN:17,createTable
FN:19,(anonymous_1)
FN:20,(anonymous_2)
FN:35,getFirstRow
FN:56,getCellAttribute
FN:76,updateSelectedCell
FN:87,(anonymous_6)
FN:92,(anonymous_7)
FN:98,(anonymous_8)
FN:124,isCellSelected
FN:155,insertRow
FN:171,(anonymous_11)
FN:200,deleteRow
FN:203,(anonymous_13)
FN:217,insertColumn
FN:220,(anonymous_15)
FN:226,(anonymous_16)
FN:256,deleteColumn
FN:259,(anonymous_18)
FN:266,(anonymous_19)
FN:269,(anonymous_20)
FN:272,(anonymous_21)
FN:284,toggleSection
FN:304,isEmptyTableSection
FN:315,isEmptyRow
FNF:25
FNH:11
FNDA:12,createTable
FNDA:24,(anonymous_1)
FNDA:48,(anonymous_2)
FNDA:0,getFirstRow
FNDA:108,getCellAttribute
FNDA:48,updateSelectedCell
FNDA:144,(anonymous_6)
FNDA:96,(anonymous_7)
FNDA:192,(anonymous_8)
FNDA:192,isCellSelected
FNDA:0,insertRow
FNDA:0,(anonymous_11)
FNDA:0,deleteRow
FNDA:0,(anonymous_13)
FNDA:0,insertColumn
FNDA:0,(anonymous_15)
FNDA:0,(anonymous_16)
FNDA:0,deleteColumn
FNDA:0,(anonymous_18)
FNDA:0,(anonymous_19)
FNDA:0,(anonymous_20)
FNDA:0,(anonymous_21)
FNDA:0,toggleSection
FNDA:672,isEmptyTableSection
FNDA:264,isEmptyRow
DA:6,158
DA:18,12
DA:19,24
DA:20,48
DA:36,0
DA:37,0
DA:39,0
DA:40,0
DA:42,0
DA:43,0
DA:57,108
DA:58,108
DA:77,48
DA:78,0
DA:81,48
DA:85,48
DA:87,48
DA:88,144
DA:89,96
DA:92,48
DA:93,96
DA:94,0
DA:97,96
DA:99,192
DA:105,192
DA:106,144
DA:109,48
DA:125,192
DA:126,0
DA:129,192
DA:131,0
DA:136,192
DA:156,0
DA:158,0
DA:163,0
DA:164,0
DA:167,0
DA:172,0
DA:173,0
DA:178,0
DA:201,0
DA:203,0
DA:218,0
DA:220,0
DA:222,0
DA:223,0
DA:226,0
DA:229,0
DA:230,0
DA:233,0
DA:257,0
DA:259,0
DA:261,0
DA:262,0
DA:265,0
DA:266,0
DA:269,0
DA:272,0
DA:286,0
DA:287,0
DA:291,0
DA:294,0
DA:305,672
DA:316,264
LF:64
LH:24
BRDA:36,0,0,0
BRDA:36,0,1,0
BRDA:39,1,0,0
BRDA:39,1,1,0
BRDA:42,2,0,0
BRDA:42,2,1,0
BRDA:77,3,0,0
BRDA:77,3,1,48
BRDA:88,4,0,96
BRDA:88,4,1,48
BRDA:88,5,0,144
BRDA:88,5,1,144
BRDA:93,6,0,0
BRDA:93,6,1,96
BRDA:93,7,0,96
BRDA:93,7,1,0
BRDA:105,8,0,144
BRDA:105,8,1,48
BRDA:125,9,0,0
BRDA:125,9,1,192
BRDA:125,10,0,192
BRDA:125,10,1,192
BRDA:129,11,0,0
BRDA:129,11,1,192
BRDA:132,12,0,0
BRDA:132,12,1,0
BRDA:137,13,0,192
BRDA:137,13,1,192
BRDA:137,13,2,192
BRDA:137,13,3,96
BRDA:158,14,0,0
BRDA:158,14,1,0
BRDA:163,15,0,0
BRDA:163,15,1,0
BRDA:181,16,0,0
BRDA:181,16,1,0
BRDA:222,17,0,0
BRDA:222,17,1,0
BRDA:229,18,0,0
BRDA:229,18,1,0
BRDA:229,19,0,0
BRDA:229,19,1,0
BRDA:238,20,0,0
BRDA:238,20,1,0
BRDA:261,21,0,0
BRDA:261,21,1,0
BRDA:268,22,0,0
BRDA:268,22,1,0
BRDA:286,23,0,0
BRDA:286,23,1,0
BRDA:305,24,0,672
BRDA:305,24,1,672
BRDA:305,24,2,264
BRDA:316,25,0,264
BRDA:316,25,1,264
BRF:55
BRH:22
end_of_record
TN:
SF:/Users/ravi/workspace/xwp/material-theme-builder-wp/assets/src/block-editor/blocks/hand-picked-posts/edit.js
FN:26,(anonymous_0)
FNF:1
FNH:0
FNDA:0,(anonymous_0)
DA:26,158
DA:29,0
DA:31,0
DA:32,0
DA:40,0
LF:5
LH:1
BRDA:31,0,0,0
BRDA:31,0,1,0
BRDA:44,1,0,0
BRDA:44,1,1,0
BRF:4
BRH:0
end_of_record
TN:
SF:/Users/ravi/workspace/xwp/material-theme-builder-wp/assets/src/block-editor/blocks/hand-picked-posts/index.js
FNF:0
FNH:0
DA:12,158
DA:19,158
LF:2
LH:2
BRF:0
BRH:0
end_of_record
TN:
SF:/Users/ravi/workspace/xwp/material-theme-builder-wp/assets/src/block-editor/blocks/hand-picked-posts/components/block-controls.js
FN:17,(anonymous_0)
FN:27,(anonymous_1)
FNF:2
FNH:0
FNDA:0,(anonymous_0)
FNDA:0,(anonymous_1)
DA:17,158
DA:18,0
DA:20,0
DA:27,0
LF:4
LH:1
BRF:0
BRH:0
end_of_record
TN:
SF:/Users/ravi/workspace/xwp/material-theme-builder-wp/assets/src/block-editor/blocks/hand-picked-posts/components/posts-picker.js
FN:24,(anonymous_0)
FN:27,(anonymous_1)
FN:47,(anonymous_2)
FNF:3
FNH:0
FNDA:0,(anonymous_0)
FNDA:0,(anonymous_1)
FNDA:0,(anonymous_2)
DA:24,158
DA:25,0
DA:27,0
DA:28,0
DA:29,0
DA:34,0
LF:6
LH:1
BRDA:47,0,0,0
BRF:1
BRH:0
end_of_record
TN:
SF:/Users/ravi/workspace/xwp/material-theme-builder-wp/assets/src/block-editor/blocks/image-list/edit.js
FN:69,(anonymous_0)
FN:105,(anonymous_1)
FN:127,(anonymous_2)
FN:129,(anonymous_3)
FN:139,(anonymous_4)
FN:144,(anonymous_5)
FN:150,(anonymous_6)
FN:159,(anonymous_7)
FN:160,(anonymous_8)
FN:170,(anonymous_9)
FN:172,(anonymous_10)
FN:182,(anonymous_11)
FN:183,(anonymous_12)
FN:190,(anonymous_13)
FN:192,(anonymous_14)
FN:211,(anonymous_15)
FN:213,(anonymous_16)
FN:226,(anonymous_17)
FN:232,(anonymous_18)
FN:309,(anonymous_19)
FN:315,(anonymous_20)
FN:325,(anonymous_21)
FNF:22
FNH:0
FNDA:0,(anonymous_0)
FNDA:0,(anonymous_1)
FNDA:0,(anonymous_2)
FNDA:0,(anonymous_3)
FNDA:0,(anonymous_4)
FNDA:0,(anonymous_5)
FNDA:0,(anonymous_6)
FNDA:0,(anonymous_7)
FNDA:0,(anonymous_8)
FNDA:0,(anonymous_9)
FNDA:0,(anonymous_10)
FNDA:0,(anonymous_11)
FNDA:0,(anonymous_12)
FNDA:0,(anonymous_13)
FNDA:0,(anonymous_14)
FNDA:0,(anonymous_15)
FNDA:0,(anonymous_16)
FNDA:0,(anonymous_17)
FNDA:0,(anonymous_18)
FNDA:0,(anonymous_19)
FNDA:0,(anonymous_20)
FNDA:0,(anonymous_21)
DA:38,158
DA:51,158
DA:69,158
DA:70,0
DA:71,0
DA:76,0
DA:78,0
DA:79,0
DA:81,0
DA:105,158
DA:126,0
DA:128,0
DA:129,0
DA:135,0
DA:136,0
DA:139,0
DA:140,0
DA:143,0
DA:144,0
DA:146,0
DA:149,0
DA:151,0
DA:159,0
DA:160,0
DA:162,0
DA:163,0
DA:166,0
DA:170,0
DA:171,0
DA:172,0
DA:181,0
DA:183,0
DA:189,0
DA:191,0
DA:192,0
DA:193,0
DA:195,0
DA:196,0
DA:197,0
DA:199,0
DA:211,0
DA:212,0
DA:213,0
DA:215,0
DA:216,0
DA:217,0
DA:226,0
DA:227,0
DA:228,0
DA:231,0
DA:233,0
DA:234,0
DA:250,0
DA:310,0
DA:315,0
DA:325,0
LF:56
LH:4
BRDA:69,0,0,0
BRDA:72,1,0,0
BRDA:72,1,1,0
BRDA:72,1,2,0
BRDA:76,2,0,0
BRDA:76,2,1,0
BRDA:78,3,0,0
BRDA:78,3,1,0
BRDA:144,4,0,0
BRDA:144,4,1,0
BRDA:162,5,0,0
BRDA:162,5,1,0
BRDA:162,6,0,0
BRDA:162,6,1,0
BRDA:190,7,0,0
BRDA:193,8,0,0
BRDA:193,8,1,0
BRDA:195,9,0,0
BRDA:195,9,1,0
BRDA:195,10,0,0
BRDA:195,10,1,0
BRDA:215,11,0,0
BRDA:215,11,1,0
BRDA:233,12,0,0
BRDA:233,12,1,0
BRDA:252,13,0,0
BRDA:252,13,1,0
BRDA:254,14,0,0
BRDA:254,14,1,0
BRDA:260,15,0,0
BRDA:260,15,1,0
BRDA:262,16,0,0
BRDA:262,16,1,0
BRDA:266,17,0,0
BRDA:266,17,1,0
BRDA:276,18,0,0
BRDA:276,18,1,0
BRDA:278,19,0,0
BRDA:278,19,1,0
BRDA:324,20,0,0
BRDA:324,20,1,0
BRF:41
BRH:0
end_of_record
TN:
SF:/Users/ravi/workspace/xwp/material-theme-builder-wp/assets/src/block-editor/blocks/image-list/example.js
FNF:0
FNH:0
DA:3,158
LF:1
LH:1
BRF:0
BRH:0
end_of_record
TN:
SF:/Users/ravi/workspace/xwp/material-theme-builder-wp/assets/src/block-editor/blocks/image-list/index.js
FNF:0
FNH:0
DA:15,158
DA:22,158
LF:2
LH:2
BRF:0
BRH:0
end_of_record
TN:
SF:/Users/ravi/workspace/xwp/material-theme-builder-wp/assets/src/block-editor/blocks/image-list/save.js
FN:24,(anonymous_0)
FNF:1
FNH:0
FNDA:0,(anonymous_0)
DA:24,158
DA:38,0
LF:2
LH:1
BRF:0
BRH:0
end_of_record
TN:
SF:/Users/ravi/workspace/xwp/material-theme-builder-wp/assets/src/block-editor/blocks/image-list/transforms.js
FN:8,(anonymous_0)
FNF:1
FNH:0
FNDA:0,(anonymous_0)
DA:3,158
DA:9,0
LF:2
LH:1
BRF:0
BRH:0
end_of_record
TN:
SF:/Users/ravi/workspace/xwp/material-theme-builder-wp/assets/src/block-editor/blocks/image-list/components/gallery.js
FN:39,(anonymous_0)
FN:93,(anonymous_1)
FN:125,(anonymous_2)
FN:142,(anonymous_3)
FN:143,(anonymous_4)
FN:184,(anonymous_5)
FN:190,(anonymous_6)
FN:199,(anonymous_7)
FN:210,(anonymous_8)
FNF:9
FNH:0
FNDA:0,(anonymous_0)
FNDA:0,(anonymous_1)
FNDA:0,(anonymous_2)
FNDA:0,(anonymous_3)
FNDA:0,(anonymous_4)
FNDA:0,(anonymous_5)
FNDA:0,(anonymous_6)
FNDA:0,(anonymous_7)
FNDA:0,(anonymous_8)
DA:39,158
DA:55,0
DA:56,0
DA:57,0
DA:58,0
DA:59,0
DA:60,0
DA:61,0
DA:64,0
DA:65,0
DA:66,0
DA:71,0
DA:75,0
DA:81,0
DA:93,0
DA:94,0
DA:96,0
DA:98,0
DA:99,0
DA:100,0
DA:102,0
DA:103,0
DA:104,0
DA:107,0
DA:108,0
DA:109,0
DA:113,0
DA:114,0
DA:117,0
DA:126,0
DA:128,0
DA:129,0
DA:132,0
DA:133,0
DA:136,0
DA:142,0
DA:143,0
DA:184,0
DA:190,0
DA:199,0
DA:210,0
LF:41
LH:1
BRDA:53,0,0,0
BRDA:55,1,0,0
BRDA:55,1,1,0
BRDA:64,2,0,0
BRDA:64,2,1,0
BRDA:65,3,0,0
BRDA:65,3,1,0
BRDA:96,4,0,0
BRDA:96,4,1,0
BRDA:96,4,2,0
BRDA:96,4,3,0
BRDA:113,5,0,0
BRDA:113,5,1,0
BRDA:113,6,0,0
BRDA:113,6,1,0
BRDA:128,7,0,0
BRDA:128,7,1,0
BRDA:132,8,0,0
BRDA:132,8,1,0
BRDA:132,9,0,0
BRDA:132,9,1,0
BRDA:147,10,0,0
BRDA:147,10,1,0
BRDA:152,11,0,0
BRDA:152,11,1,0
BRDA:168,12,0,0
BRDA:168,12,1,0
BRDA:168,12,2,0
BRDA:179,13,0,0
BRDA:179,13,1,0
BRDA:205,14,0,0
BRDA:205,14,1,0
BRF:32
BRH:0
end_of_record
TN:
SF:/Users/ravi/workspace/xwp/material-theme-builder-wp/assets/src/block-editor/blocks/image-list/components/image.js
FN:14,(anonymous_0)
FNF:1
FNH:0
FNDA:0,(anonymous_0)
DA:14,158
DA:15,0
DA:16,0
LF:3
LH:1
BRDA:15,0,0,0
BRDA:15,0,1,0
BRF:2
BRH:0
end_of_record
TN:
SF:/Users/ravi/workspace/xwp/material-theme-builder-wp/assets/src/block-editor/blocks/list/edit.js
FN:29,(anonymous_0)
FN:35,(anonymous_1)
FN:64,(anonymous_2)
FN:89,(anonymous_3)
FN:117,(anonymous_4)
FN:132,(anonymous_5)
FN:147,(anonymous_6)
FN:162,(anonymous_7)
FN:170,(anonymous_8)
FN:178,(anonymous_9)
FN:189,(anonymous_10)
FN:200,(anonymous_11)
FN:209,(anonymous_12)
FN:225,(anonymous_13)
FNF:14
FNH:11
FNDA:550,(anonymous_0)
FNDA:165,(anonymous_1)
FNDA:15,(anonymous_2)
FNDA:5,(anonymous_3)
FNDA:40,(anonymous_4)
FNDA:165,(anonymous_5)
FNDA:240,(anonymous_6)
FNDA:15,(anonymous_7)
FNDA:230,(anonymous_8)
FNDA:0,(anonymous_9)
FNDA:0,(anonymous_10)
FNDA:0,(anonymous_11)
FNDA:1650,(anonymous_12)
FNDA:1060,(anonymous_13)
DA:29,158
DA:35,550
DA:36,165
DA:37,30
DA:49,550
DA:55,550
DA:56,550
DA:64,550
DA:65,15
DA:66,15
DA:72,15
DA:73,15
DA:75,0
DA:78,15
DA:79,15
DA:89,550
DA:90,5
DA:91,0
DA:94,5
DA:95,5
DA:96,5
DA:97,5
DA:99,5
DA:100,5
DA:101,5
DA:103,0
DA:104,0
DA:107,5
DA:108,5
DA:117,550
DA:118,40
DA:119,40
DA:120,40
DA:122,40
DA:123,40
DA:132,550
DA:133,165
DA:134,0
DA:137,165
DA:138,165
DA:147,550
DA:148,240
DA:149,0
DA:152,240
DA:153,240
DA:162,550
DA:170,550
DA:171,230
DA:178,550
DA:179,0
DA:180,0
DA:181,0
DA:189,550
DA:190,0
DA:191,0
DA:192,0
DA:200,550
DA:201,0
DA:202,0
DA:203,0
DA:209,550
DA:210,1650
DA:213,550
DA:226,1060
LF:64
LH:49
BRDA:36,0,0,30
BRDA:36,0,1,135
BRDA:64,1,0,0
BRDA:72,2,0,15
BRDA:72,2,1,0
BRDA:89,3,0,0
BRDA:90,4,0,0
BRDA:90,4,1,5
BRDA:99,5,0,5
BRDA:99,5,1,0
BRDA:119,6,0,40
BRDA:119,6,1,0
BRDA:133,7,0,0
BRDA:133,7,1,165
BRDA:148,8,0,0
BRDA:148,8,1,240
BRDA:170,9,0,160
BRDA:202,10,0,0
BRDA:202,10,1,0
BRDA:210,11,0,1650
BRDA:210,11,1,180
BRDA:218,12,0,550
BRDA:218,12,1,0
BRDA:237,13,0,1060
BRDA:237,13,1,490
BRDA:247,14,0,550
BRDA:247,14,1,550
BRDA:273,15,0,550
BRDA:273,15,1,550
BRDA:283,16,0,550
BRDA:283,16,1,550
BRDA:283,16,2,550
BRF:32
BRH:21
end_of_record
TN:
SF:/Users/ravi/workspace/xwp/material-theme-builder-wp/assets/src/block-editor/blocks/list/example.js
FNF:0
FNH:0
DA:3,158
LF:1
LH:1
BRF:0
BRH:0
end_of_record
TN:
SF:/Users/ravi/workspace/xwp/material-theme-builder-wp/assets/src/block-editor/blocks/list/index.js
FNF:0
FNH:0
DA:16,158
DA:20,158
LF:2
LH:2
BRF:0
BRH:0
end_of_record
TN:
SF:/Users/ravi/workspace/xwp/material-theme-builder-wp/assets/src/block-editor/blocks/list/options.js
FNF:0
FNH:0
DA:4,158
DA:17,158
DA:32,158
LF:3
LH:3
BRF:0
BRH:0
end_of_record
TN:
SF:/Users/ravi/workspace/xwp/material-theme-builder-wp/assets/src/block-editor/blocks/list/save.js
FN:9,(anonymous_0)
FN:28,(anonymous_1)
FNF:2
FNH:0
FNDA:0,(anonymous_0)
FNDA:0,(anonymous_1)
DA:9,158
DA:13,0
DA:15,0
DA:29,0
LF:4
LH:1
BRDA:20,0,0,0
BRDA:20,0,1,0
BRDA:30,1,0,0
BRDA:30,1,1,0
BRDA:32,2,0,0
BRDA:32,2,1,0
BRDA:35,3,0,0
BRDA:35,3,1,0
BRDA:41,4,0,0
BRDA:41,4,1,0
BRDA:52,5,0,0
BRDA:52,5,1,0
BRDA:59,6,0,0
BRDA:59,6,1,0
BRF:14
BRH:0
end_of_record
TN:
SF:/Users/ravi/workspace/xwp/material-theme-builder-wp/assets/src/block-editor/blocks/list/transforms.js
FN:8,(anonymous_0)
FN:12,(anonymous_1)
FNF:2
FNH:0
FNDA:0,(anonymous_0)
FNDA:0,(anonymous_1)
DA:3,158
DA:9,0
DA:10,0
DA:12,0
DA:13,0
DA:19,0
LF:6
LH:1
BRF:0
BRH:0
end_of_record
TN:
SF:/Users/ravi/workspace/xwp/material-theme-builder-wp/assets/src/block-editor/blocks/list/components/list-item.js
FN:15,(anonymous_0)
FN:39,(anonymous_1)
FN:44,(anonymous_2)
FN:59,(anonymous_3)
FN:86,(anonymous_4)
FN:103,(anonymous_5)
FN:127,(anonymous_6)
FN:140,(anonymous_7)
FN:149,(anonymous_8)
FN:165,(anonymous_9)
FN:175,(anonymous_10)
FN:185,(anonymous_11)
FN:201,(anonymous_12)
FN:219,(anonymous_13)
FN:238,(anonymous_14)
FNF:15
FNH:14
FNDA:1880,(anonymous_0)
FNDA:350,(anonymous_1)
FNDA:410,(anonymous_2)
FNDA:155,(anonymous_3)
FNDA:35,(anonymous_4)
FNDA:25,(anonymous_5)
FNDA:10,(anonymous_6)
FNDA:5,(anonymous_7)
FNDA:5,(anonymous_8)
FNDA:165,(anonymous_9)
FNDA:240,(anonymous_10)
FNDA:0,(anonymous_11)
FNDA:635,(anonymous_12)
FNDA:155,(anonymous_13)
FNDA:50,(anonymous_14)
DA:15,158
DA:32,1880
DA:33,1880
DA:34,1880
DA:36,1880
DA:39,1880
DA:40,350
DA:44,1880
DA:45,410
DA:46,25
DA:47,25
DA:48,385
DA:49,130
DA:50,130
DA:59,1880
DA:60,155
DA:61,0
DA:64,155
DA:65,155
DA:67,155
DA:68,155
DA:73,5
DA:76,155
DA:77,155
DA:78,155
DA:86,1880
DA:87,35
DA:88,35
DA:90,35
DA:91,35
DA:92,35
DA:95,35
DA:103,1880
DA:104,25
DA:105,25
DA:107,25
DA:108,20
DA:112,20
DA:113,20
DA:116,5
DA:119,5
DA:127,1880
DA:128,10
DA:129,10
DA:132,10
DA:140,1880
DA:141,5
DA:149,1880
DA:150,5
DA:151,5
DA:152,5
DA:156,5
DA:165,1880
DA:166,165
DA:167,165
DA:175,1880
DA:176,240
DA:177,240
DA:185,1880
DA:186,0
DA:187,0
DA:189,0
DA:191,0
DA:192,0
DA:195,0
DA:198,1880
DA:201,1880
DA:203,1880
DA:219,155
DA:238,50
LF:70
LH:63
BRDA:45,0,0,25
BRDA:45,0,1,385
BRDA:48,1,0,130
BRDA:48,1,1,255
BRDA:60,2,0,0
BRDA:60,2,1,155
BRDA:69,3,0,155
BRDA:69,3,1,0
BRDA:73,4,0,5
BRDA:73,4,1,0
BRDA:90,5,0,35
BRDA:90,5,1,0
BRDA:107,6,0,20
BRDA:107,6,1,5
BRDA:150,7,0,5
BRDA:150,7,1,0
BRDA:150,8,0,5
BRDA:150,8,1,5
BRDA:191,9,0,0
BRDA:191,9,1,0
BRDA:198,10,0,1880
BRDA:198,10,1,1310
BRDA:205,11,0,1880
BRDA:205,11,1,1880
BRDA:213,12,0,730
BRDA:213,12,1,1150
BRDA:228,13,0,1880
BRDA:228,13,1,1720
BRDA:232,14,0,580
BRDA:232,14,1,1140
BRDA:250,15,0,1880
BRDA:250,15,1,0
BRF:32
BRH:24
end_of_record
TN:
SF:/Users/ravi/workspace/xwp/material-theme-builder-wp/assets/src/block-editor/blocks/list/components/list-styles.js
FN:1,(anonymous_0)
FN:18,(anonymous_1)
FNF:2
FNH:2
FNDA:155,(anonymous_0)
FNDA:155,(anonymous_1)
DA:1,158
DA:2,155
DA:18,158
DA:19,155
LF:4
LH:4
BRF:0
BRH:0
end_of_record
TN:
SF:/Users/ravi/workspace/xwp/material-theme-builder-wp/assets/src/block-editor/blocks/recent-posts/edit.js
FN:16,(anonymous_0)
FNF:1
FNH:1
FNDA:156,(anonymous_0)
DA:16,158
DA:17,156
LF:2
LH:2
BRF:0
BRH:0
end_of_record
TN:
SF:/Users/ravi/workspace/xwp/material-theme-builder-wp/assets/src/block-editor/blocks/recent-posts/example.js
FNF:0
FNH:0
DA:1,158
LF:1
LH:1
BRF:0
BRH:0
end_of_record
TN:
SF:/Users/ravi/workspace/xwp/material-theme-builder-wp/assets/src/block-editor/blocks/recent-posts/index.js
FNF:0
FNH:0
DA:13,158
DA:20,158
LF:2
LH:2
BRF:0
BRH:0
end_of_record
TN:
SF:/Users/ravi/workspace/xwp/material-theme-builder-wp/assets/src/block-editor/blocks/tab-bar/edit.js
FN:35,(anonymous_0)
FN:60,(anonymous_1)
FN:74,(anonymous_2)
FN:84,(anonymous_3)
FN:95,(anonymous_4)
FN:102,(anonymous_5)
FN:115,(anonymous_6)
FN:133,(anonymous_7)
FN:144,(anonymous_8)
FN:153,(anonymous_9)
FN:161,(anonymous_10)
FN:168,(anonymous_11)
FN:187,(anonymous_12)
FN:199,(anonymous_13)
FN:213,(anonymous_14)
FN:215,(anonymous_15)
FN:237,(anonymous_16)
FN:289,(anonymous_17)
FNF:18
FNH:16
FNDA:336,(anonymous_0)
FNDA:72,(anonymous_1)
FNDA:12,(anonymous_2)
FNDA:72,(anonymous_3)
FNDA:0,(anonymous_4)
FNDA:168,(anonymous_5)
FNDA:4,(anonymous_6)
FNDA:68,(anonymous_7)
FNDA:4,(anonymous_8)
FNDA:8,(anonymous_9)
FNDA:8,(anonymous_10)
FNDA:0,(anonymous_11)
FNDA:8,(anonymous_12)
FNDA:28,(anonymous_13)
FNDA:30912,(anonymous_14)
FNDA:30912,(anonymous_15)
FNDA:552,(anonymous_16)
FNDA:912,(anonymous_17)
DA:35,158
DA:42,336
DA:43,128
DA:53,128
DA:56,336
DA:58,336
DA:59,336
DA:60,336
DA:62,72
DA:63,40
DA:64,8
DA:66,40
DA:67,40
DA:70,40
DA:74,40
DA:75,12
DA:84,336
DA:85,72
DA:87,72
DA:88,0
DA:95,72
DA:96,72
DA:97,0
DA:102,336
DA:103,168
DA:104,168
DA:106,168
DA:107,76
DA:108,76
DA:115,336
DA:116,4
DA:118,4
DA:124,4
DA:125,4
DA:133,336
DA:134,68
DA:135,4
DA:144,336
DA:145,4
DA:146,0
DA:149,4
DA:150,4
DA:153,8
DA:161,336
DA:168,336
DA:170,0
DA:172,0
DA:173,0
DA:174,0
DA:175,0
DA:177,0
DA:178,0
DA:187,336
DA:188,8
DA:189,8
DA:190,8
DA:199,336
DA:200,28
DA:201,28
DA:202,0
DA:205,28
DA:206,28
DA:212,336
DA:213,30912
DA:216,30912
DA:221,336
DA:222,64
DA:230,272
DA:238,552
DA:289,912
LF:70
LH:59
BRDA:42,0,0,128
BRDA:42,0,1,208
BRDA:62,1,0,40
BRDA:62,1,1,32
BRDA:63,2,0,8
BRDA:63,2,1,32
BRDA:85,3,0,72
BRDA:85,3,1,4
BRDA:87,4,0,0
BRDA:87,4,1,72
BRDA:87,5,0,72
BRDA:87,5,1,72
BRDA:87,5,2,0
BRDA:96,6,0,0
BRDA:96,6,1,72
BRDA:104,7,0,168
BRDA:104,7,1,4
BRDA:106,8,0,76
BRDA:106,8,1,92
BRDA:106,9,0,168
BRDA:106,9,1,164
BRDA:134,10,0,4
BRDA:134,10,1,64
BRDA:145,11,0,0
BRDA:145,11,1,4
BRDA:149,12,0,4
BRDA:149,12,1,0
BRDA:150,13,0,0
BRDA:150,13,1,4
BRDA:170,14,0,0
BRDA:170,14,1,0
BRDA:172,15,0,0
BRDA:172,15,1,0
BRDA:172,16,0,0
BRDA:172,16,1,0
BRDA:201,17,0,0
BRDA:201,17,1,28
BRDA:216,18,0,30912
BRDA:216,18,1,30576
BRDA:221,19,0,64
BRDA:221,19,1,272
BRDA:277,20,0,272
BRDA:277,20,1,32
BRDA:279,21,0,32
BRDA:279,21,1,0
BRF:45
BRH:31
end_of_record
TN:
SF:/Users/ravi/workspace/xwp/material-theme-builder-wp/assets/src/block-editor/blocks/tab-bar/index.js
FNF:0
FNH:0
DA:13,158
DA:17,158
LF:2
LH:2
BRF:0
BRH:0
end_of_record
TN:
SF:/Users/ravi/workspace/xwp/material-theme-builder-wp/assets/src/block-editor/blocks/tab-bar/options.js
FNF:0
FNH:0
DA:3,158
LF:1
LH:1
BRF:0
BRH:0
end_of_record
TN:
SF:/Users/ravi/workspace/xwp/material-theme-builder-wp/assets/src/block-editor/blocks/tab-bar/save.js
FN:17,(anonymous_0)
FN:23,(anonymous_1)
FN:37,(anonymous_2)
FN:47,(anonymous_3)
FNF:4
FNH:0
FNDA:0,(anonymous_0)
FNDA:0,(anonymous_1)
FNDA:0,(anonymous_2)
FNDA:0,(anonymous_3)
DA:17,158
DA:18,0
DA:24,0
DA:38,0
DA:47,0
LF:5
LH:1
BRDA:44,0,0,0
BRDA:44,0,1,0
BRDA:44,0,2,0
BRF:3
BRH:0
end_of_record
TN:
SF:/Users/ravi/workspace/xwp/material-theme-builder-wp/assets/src/block-editor/blocks/tab-bar/components/order-toolbar.js
FN:20,(anonymous_0)
FN:26,(anonymous_1)
FNF:2
FNH:2
FNDA:72,(anonymous_0)
FNDA:144,(anonymous_1)
DA:7,158
DA:20,158
DA:24,72
DA:26,144
LF:4
LH:4
BRDA:22,0,0,72
BRF:1
BRH:1
end_of_record
TN:
SF:/Users/ravi/workspace/xwp/material-theme-builder-wp/assets/src/block-editor/blocks/tab-bar/components/tab.js
FN:13,(anonymous_0)
FN:52,(anonymous_1)
FN:76,(anonymous_2)
FNF:3
FNH:3
FNDA:276,(anonymous_0)
FNDA:28,(anonymous_1)
FNDA:260,(anonymous_2)
DA:13,158
DA:24,276
DA:52,28
DA:77,260
DA:78,260
DA:79,260
LF:6
LH:6
BRDA:22,0,0,276
BRDA:32,1,0,276
BRDA:32,1,1,8
BRDA:36,2,0,276
BRDA:36,2,1,8
BRDA:36,2,2,8
BRDA:43,3,0,0
BRDA:43,3,1,276
BRDA:67,4,0,276
BRDA:67,4,1,276
BRDA:76,5,0,260
BRF:11
BRH:10
end_of_record
TN:
SF:/Users/ravi/workspace/xwp/material-theme-builder-wp/assets/src/block-editor/components/button-group/index.js
FN:11,(anonymous_0)
FN:20,(anonymous_1)
FNF:2
FNH:2
FNDA:406,(anonymous_0)
FNDA:1063,(anonymous_1)
DA:11,158
DA:12,406
DA:21,1063
LF:3
LH:3
BRDA:13,0,0,406
BRDA:13,0,1,310
BRDA:25,1,0,0
BRDA:25,1,1,1063
BRDA:25,2,0,1063
BRDA:25,2,1,0
BRF:6
BRH:4
end_of_record
TN:
SF:/Users/ravi/workspace/xwp/material-theme-builder-wp/assets/src/block-editor/components/card-styles-panel/index.js
FN:78,(anonymous_0)
FN:101,(anonymous_1)
FN:168,(anonymous_2)
FN:174,(anonymous_3)
FN:183,(anonymous_4)
FNF:5
FNH:1
FNDA:216,(anonymous_0)
FNDA:0,(anonymous_1)
FNDA:0,(anonymous_2)
FNDA:0,(anonymous_3)
FNDA:0,(anonymous_4)
DA:27,158
DA:45,158
DA:60,158
DA:75,158
DA:76,158
DA:78,158
DA:98,216
DA:101,216
DA:102,0
DA:105,216
DA:169,0
DA:174,0
DA:183,0
LF:13
LH:9
BRDA:81,0,0,216
BRDA:82,1,0,216
BRDA:83,2,0,216
BRDA:84,3,0,216
BRDA:85,4,0,216
BRDA:87,5,0,216
BRDA:89,6,0,216
BRDA:91,7,0,216
BRDA:92,8,0,216
BRDA:93,9,0,216
BRDA:95,10,0,216
BRDA:116,11,0,216
BRDA:116,11,1,0
BRDA:116,11,2,216
BRDA:116,11,3,216
BRDA:125,12,0,216
BRDA:125,12,1,0
BRDA:135,13,0,216
BRDA:135,13,1,216
BRDA:135,13,2,216
BRDA:145,14,0,216
BRDA:145,14,1,216
BRDA:145,14,2,0
BRDA:155,15,0,216
BRDA:155,15,1,216
BRDA:155,15,2,216
BRDA:162,16,0,216
BRDA:162,16,1,0
BRDA:182,17,0,0
BRDA:182,17,1,0
BRF:30
BRH:24
end_of_record
TN:
SF:/Users/ravi/workspace/xwp/material-theme-builder-wp/assets/src/block-editor/components/card-styles-panel/style-icons/index.js
FNF:0
FNH:0
LF:0
LH:0
BRF:0
BRH:0
end_of_record
TN:
SF:/Users/ravi/workspace/xwp/material-theme-builder-wp/assets/src/block-editor/components/circular-option-picker/index.js
FN:21,(anonymous_0)
FN:52,(anonymous_1)
FN:64,(anonymous_2)
FN:79,(anonymous_3)
FN:94,(anonymous_4)
FNF:5
FNH:1
FNDA:102616,(anonymous_0)
FNDA:0,(anonymous_1)
FNDA:0,(anonymous_2)
FNDA:0,(anonymous_3)
FNDA:0,(anonymous_4)
DA:21,189
DA:29,102616
DA:38,102616
DA:52,189
DA:58,0
DA:65,0
DA:79,189
DA:80,0
DA:94,189
DA:95,0
LF:10
LH:6
BRDA:40,0,0,102616
BRDA:40,0,1,0
BRDA:47,1,0,102616
BRDA:47,1,1,99
BRDA:101,2,0,0
BRDA:101,2,1,0
BRF:6
BRH:3
end_of_record
TN:
SF:/Users/ravi/workspace/xwp/material-theme-builder-wp/assets/src/block-editor/components/error-message/error-icon.js
FN:6,(anonymous_0)
FNF:1
FNH:0
FNDA:0,(anonymous_0)
DA:6,158
DA:7,0
LF:2
LH:1
BRF:0
BRH:0
end_of_record
TN:
SF:/Users/ravi/workspace/xwp/material-theme-builder-wp/assets/src/block-editor/components/error-message/error-message.js
FN:18,(anonymous_0)
FN:61,(anonymous_1)
FNF:2
FNH:0
FNDA:0,(anonymous_0)
FNDA:0,(anonymous_1)
DA:18,158
DA:19,0
DA:20,0
DA:26,0
DA:27,0
DA:36,0
DA:37,0
DA:49,0
DA:61,158
DA:62,0
LF:10
LH:2
BRDA:19,0,0,0
BRDA:19,0,1,0
BRDA:26,1,0,0
BRDA:26,1,1,0
BRDA:36,2,0,0
BRDA:36,2,1,0
BRF:6
BRH:0
end_of_record
TN:
SF:/Users/ravi/workspace/xwp/material-theme-builder-wp/assets/src/block-editor/components/error-message/index.js
FN:32,(anonymous_0)
FNF:1
FNH:0
FNDA:0,(anonymous_0)
DA:32,158
DA:33,0
LF:2
LH:1
BRDA:39,0,0,0
BRDA:39,0,1,0
BRDA:41,1,0,0
BRDA:41,1,1,0
BRF:4
BRH:0
end_of_record
TN:
SF:/Users/ravi/workspace/xwp/material-theme-builder-wp/assets/src/block-editor/components/global-color/index.js
FN:18,(anonymous_0)
FN:37,(anonymous_1)
FNF:2
FNH:0
FNDA:0,(anonymous_0)
FNDA:0,(anonymous_1)
DA:18,158
DA:19,0
DA:37,158
DA:43,0
DA:44,0
DA:46,0
LF:6
LH:2
BRF:0
BRH:0
end_of_record
TN:
SF:/Users/ravi/workspace/xwp/material-theme-builder-wp/assets/src/block-editor/components/global-shape-size/index.js
FN:19,(anonymous_0)
FN:20,(anonymous_1)
FN:47,(anonymous_2)
FN:47,(anonymous_3)
FNF:4
FNH:1
FNDA:0,(anonymous_0)
FNDA:0,(anonymous_1)
FNDA:158,(anonymous_2)
FNDA:0,(anonymous_3)
DA:19,158
DA:20,0
DA:21,0
DA:22,0
DA:23,0
DA:27,0
DA:47,158
DA:48,0
LF:8
LH:2
BRDA:22,0,0,0
BRDA:22,0,1,0
BRF:2
BRH:0
end_of_record
TN:
SF:/Users/ravi/workspace/xwp/material-theme-builder-wp/assets/src/block-editor/components/icon-picker/index.js
FN:14,(anonymous_0)
FN:16,(anonymous_1)
FN:20,(anonymous_2)
FN:22,(anonymous_3)
FN:33,(anonymous_4)
FN:34,(anonymous_5)
FN:66,(anonymous_6)
FNF:7
FNH:5
FNDA:342,(anonymous_0)
FNDA:318744,(anonymous_1)
FNDA:0,(anonymous_2)
FNDA:0,(anonymous_3)
FNDA:342,(anonymous_4)
FNDA:318744,(anonymous_5)
FNDA:342,(anonymous_6)
DA:15,342
DA:16,318744
DA:17,342
DA:19,342
DA:21,0
DA:23,0
DA:32,342
DA:34,342
DA:35,318744
DA:36,318744
DA:39,318744
DA:43,318744
DA:65,342
DA:67,342
LF:14
LH:12
BRDA:39,0,0,326
BRDA:39,0,1,318418
BRDA:75,1,0,342
BRDA:75,1,1,326
BRF:4
BRH:4
end_of_record
TN:
SF:/Users/ravi/workspace/xwp/material-theme-builder-wp/assets/src/block-editor/components/image-radio-control/index.js
FN:18,(anonymous_0)
FN:28,(anonymous_1)
FN:43,(anonymous_2)
FNF:3
FNH:3
FNDA:263,(anonymous_0)
FNDA:15,(anonymous_1)
FNDA:634,(anonymous_2)
DA:17,158
DA:27,263
DA:28,263
DA:30,263
DA:44,634
DA:45,634
LF:6
LH:6
BRDA:24,0,0,0
BRDA:31,1,0,263
BRDA:31,1,1,263
BRDA:31,1,2,263
BRDA:60,2,0,0
BRDA:60,2,1,634
BRDA:64,3,0,634
BRDA:64,3,1,634
BRDA:65,4,0,0
BRDA:65,4,1,634
BRF:10
BRH:7
end_of_record
TN:
SF:/Users/ravi/workspace/xwp/material-theme-builder-wp/assets/src/block-editor/components/material-color-palette/index.js
FN:31,(anonymous_0)
FN:35,(anonymous_1)
FN:45,(anonymous_2)
FN:58,MaterialColorPalette
FN:81,(anonymous_4)
FN:82,(anonymous_5)
FN:83,(anonymous_6)
FN:96,(anonymous_7)
FN:97,(anonymous_8)
FN:104,(anonymous_9)
FN:121,(anonymous_10)
FN:124,(anonymous_11)
FN:127,(anonymous_12)
FNF:13
FNH:9
FNDA:48006,(anonymous_0)
FNDA:102616,(anonymous_1)
FNDA:6,(anonymous_2)
FNDA:404,MaterialColorPalette
FNDA:0,(anonymous_4)
FNDA:404,(anonymous_5)
FNDA:808,(anonymous_6)
FNDA:404,(anonymous_7)
FNDA:7676,(anonymous_8)
FNDA:102616,(anonymous_9)
FNDA:0,(anonymous_10)
FNDA:0,(anonymous_11)
FNDA:0,(anonymous_12)
DA:31,189
DA:32,48006
DA:35,189
DA:36,102616
DA:45,6
DA:68,404
DA:69,404
DA:81,404
DA:82,404
DA:83,404
DA:84,808
DA:96,404
DA:97,404
DA:98,7676
DA:99,7676
DA:105,102616
DA:121,404
DA:123,404
DA:125,0
DA:127,0
DA:134,404
DA:135,404
DA:145,0
LF:23
LH:20
BRDA:40,0,0,102616
BRDA:40,0,1,0
BRDA:45,1,0,99
BRDA:45,1,1,102517
BRDA:47,2,0,102616
BRDA:47,2,1,0
BRDA:59,3,0,404
BRDA:61,4,0,404
BRDA:62,5,0,0
BRDA:68,6,0,404
BRDA:68,6,1,0
BRDA:134,7,0,404
BRDA:134,7,1,0
BRDA:160,8,0,0
BRDA:160,8,1,0
BRDA:192,9,0,0
BRDA:192,9,1,0
BRF:17
BRH:8
end_of_record
TN:
SF:/Users/ravi/workspace/xwp/material-theme-builder-wp/assets/src/block-editor/components/post-order-by-control/index.js
FN:14,(anonymous_0)
FNF:1
FNH:0
FNDA:0,(anonymous_0)
DA:14,158
DA:15,0
LF:2
LH:1
BRF:0
BRH:0
end_of_record
TN:
SF:/Users/ravi/workspace/xwp/material-theme-builder-wp/assets/src/block-editor/components/posts-control/index.js
FN:32,(anonymous_0)
FN:68,(anonymous_1)
FNF:2
FNH:0
FNDA:0,(anonymous_0)
FNDA:0,(anonymous_1)
DA:32,158
DA:59,0
DA:60,0
DA:63,0
DA:68,0
LF:5
LH:1
BRDA:59,0,0,0
BRDA:59,0,1,0
BRF:2
BRH:0
end_of_record
TN:
SF:/Users/ravi/workspace/xwp/material-theme-builder-wp/assets/src/block-editor/components/toolbar-url-input-popover/index.js
FN:24,(anonymous_0)
FN:36,(anonymous_1)
FN:39,(anonymous_2)
FN:44,(anonymous_3)
FN:61,(anonymous_4)
FN:79,(anonymous_5)
FN:80,(anonymous_6)
FNF:7
FNH:1
FNDA:550,(anonymous_0)
FNDA:0,(anonymous_1)
FNDA:0,(anonymous_2)
FNDA:0,(anonymous_3)
FNDA:0,(anonymous_4)
FNDA:0,(anonymous_5)
FNDA:0,(anonymous_6)
DA:24,158
DA:32,550
DA:33,550
DA:34,550
DA:36,550
DA:37,0
DA:39,550
DA:40,0
DA:41,0
DA:44,550
DA:48,0
DA:50,0
DA:51,0
DA:57,550
DA:58,550
DA:61,0
DA:72,0
DA:79,0
DA:80,0
DA:85,550
LF:20
LH:10
BRDA:30,0,0,550
BRDA:34,1,0,550
BRDA:34,1,1,0
BRDA:45,2,0,0
BRDA:50,3,0,0
BRDA:50,3,1,0
BRDA:57,4,0,550
BRDA:57,4,1,0
BRDA:58,5,0,550
BRDA:58,5,1,0
BRDA:72,6,0,0
BRDA:72,6,1,0
BRDA:96,7,0,550
BRDA:96,7,1,0
BRDA:108,8,0,550
BRDA:108,8,1,550
BRF:16
BRH:7
end_of_record
TN:
SF:/Users/ravi/workspace/xwp/material-theme-builder-wp/assets/src/block-editor/components/url-input-popover/index.js
FN:27,(anonymous_0)
FN:93,(anonymous_1)
FNF:2
FNH:0
FNDA:0,(anonymous_0)
FNDA:0,(anonymous_1)
DA:24,158
DA:25,158
DA:27,158
DA:39,0
DA:41,0
DA:42,0
DA:45,0
DA:49,0
DA:93,0
LF:9
LH:3
BRDA:28,0,0,0
BRDA:29,1,0,0
BRDA:30,2,0,0
BRDA:31,3,0,0
BRDA:32,4,0,0
BRDA:33,5,0,0
BRDA:34,6,0,0
BRDA:35,7,0,0
BRDA:36,8,0,0
BRDA:37,9,0,0
BRDA:41,10,0,0
BRDA:41,10,1,0
BRDA:62,11,0,0
BRDA:62,11,1,0
BRDA:62,11,2,0
BRDA:71,12,0,0
BRDA:71,12,1,0
BRDA:71,12,2,0
BRDA:84,13,0,0
BRDA:84,13,1,0
BRDA:85,14,0,0
BRDA:85,14,1,0
BRDA:90,15,0,0
BRDA:90,15,1,0
BRDA:101,16,0,0
BRDA:101,16,1,0
BRDA:107,17,0,0
BRDA:107,17,1,0
BRDA:118,18,0,0
BRDA:118,18,1,0
BRDA:118,18,2,0
BRDA:125,19,0,0
BRDA:125,19,1,0
BRDA:125,19,2,0
BRF:34
BRH:0
end_of_record
TN:
SF:/Users/ravi/workspace/xwp/material-theme-builder-wp/assets/src/block-editor/components/with-global-default/index.js
FN:24,(anonymous_0)
FN:25,(anonymous_1)
FN:29,(anonymous_2)
FN:68,(anonymous_3)
FN:69,(anonymous_4)
FN:127,(anonymous_5)
FN:128,(anonymous_6)
FNF:7
FNH:2
FNDA:158,(anonymous_0)
FNDA:0,(anonymous_1)
FNDA:0,(anonymous_2)
FNDA:158,(anonymous_3)
FNDA:0,(anonymous_4)
FNDA:0,(anonymous_5)
FNDA:0,(anonymous_6)
DA:23,158
DA:25,158
DA:26,0
DA:29,0
DA:30,0
DA:42,0
DA:45,0
DA:48,0
DA:67,158
DA:69,158
DA:70,0
DA:73,0
DA:76,0
DA:77,0
DA:80,0
DA:81,0
DA:82,0
DA:85,0
DA:97,0
DA:101,0
DA:104,0
DA:127,158
DA:128,0
DA:130,0
DA:140,0
DA:143,0
LF:26
LH:5
BRDA:30,0,0,0
BRDA:30,0,1,0
BRDA:31,1,0,0
BRDA:31,1,1,0
BRDA:31,1,2,0
BRDA:31,1,3,0
BRDA:31,1,4,0
BRDA:31,1,5,0
BRDA:31,1,6,0
BRDA:80,2,0,0
BRDA:80,2,1,0
BRDA:97,3,0,0
BRDA:97,3,1,0
BRDA:130,4,0,0
BRDA:130,4,1,0
BRDA:131,5,0,0
BRDA:131,5,1,0
BRDA:131,5,2,0
BRDA:131,5,3,0
BRDA:131,5,4,0
BRF:20
BRH:0
end_of_record
TN:
SF:/Users/ravi/workspace/xwp/material-theme-builder-wp/assets/src/block-editor/components/with-id/index.js
FN:14,(anonymous_0)
FN:15,(anonymous_1)
FN:23,(anonymous_2)
FNF:3
FNH:1
FNDA:316,(anonymous_0)
FNDA:0,(anonymous_1)
FNDA:0,(anonymous_2)
DA:14,158
DA:15,316
DA:20,0
DA:23,0
DA:24,0
DA:25,0
DA:30,0
DA:36,0
LF:8
LH:2
BRDA:24,0,0,0
BRDA:24,0,1,0
BRDA:26,1,0,0
BRDA:26,1,1,0
BRDA:26,1,2,0
BRF:5
BRH:0
end_of_record
TN:
SF:/Users/ravi/workspace/xwp/material-theme-builder-wp/assets/src/block-editor/helpers/index.js
FN:11,(anonymous_0)
FN:12,(anonymous_1)
FN:23,(anonymous_2)
FN:38,(anonymous_3)
FNF:4
FNH:3
FNDA:158,(anonymous_0)
FNDA:2370,(anonymous_1)
FNDA:0,(anonymous_2)
FNDA:2780,(anonymous_3)
DA:11,158
DA:12,158
DA:13,2370
DA:14,2370
DA:23,158
DA:24,0
DA:26,0
DA:28,0
DA:31,0
DA:38,158
DA:39,2780
LF:11
LH:7
BRDA:14,0,0,2370
BRDA:14,0,1,790
BRDA:26,1,0,0
BRDA:26,1,1,0
BRDA:26,2,0,0
BRDA:26,2,1,0
BRF:6
BRH:2
end_of_record
TN:
SF:/Users/ravi/workspace/xwp/material-theme-builder-wp/assets/src/block-editor/hocs/with-searched-posts.js
FN:27,(anonymous_0)
FN:35,(anonymous_1)
FN:49,(anonymous_2)
FN:66,(anonymous_3)
FN:75,(anonymous_4)
FN:84,(anonymous_5)
FN:89,(anonymous_6)
FN:92,(anonymous_7)
FN:109,(anonymous_8)
FNF:9
FNH:1
FNDA:158,(anonymous_0)
FNDA:0,(anonymous_1)
FNDA:0,(anonymous_2)
FNDA:0,(anonymous_3)
FNDA:0,(anonymous_4)
FNDA:0,(anonymous_5)
FNDA:0,(anonymous_6)
FNDA:0,(anonymous_7)
FNDA:0,(anonymous_8)
DA:27,158
DA:35,158
DA:36,0
DA:37,0
DA:38,0
DA:39,0
DA:48,0
DA:50,0
DA:51,0
DA:52,0
DA:53,0
DA:55,0
DA:66,0
DA:67,0
DA:75,0
DA:76,0
DA:77,0
DA:78,0
DA:79,0
DA:82,0
DA:84,0
DA:85,0
DA:88,0
DA:90,0
DA:92,0
DA:93,0
DA:103,0
DA:110,0
DA:111,0
DA:117,158
LF:30
LH:3
BRF:0
BRH:0
end_of_record
TN:
SF:/Users/ravi/workspace/xwp/material-theme-builder-wp/assets/src/block-editor/utils/api.js
FN:17,(anonymous_0)
FN:51,(anonymous_1)
FN:54,(anonymous_2)
FN:55,(anonymous_3)
FN:57,(anonymous_4)
FN:62,(anonymous_5)
FNF:6
FNH:0
FNDA:0,(anonymous_0)
FNDA:0,(anonymous_1)
FNDA:0,(anonymous_2)
FNDA:0,(anonymous_3)
FNDA:0,(anonymous_4)
FNDA:0,(anonymous_5)
DA:17,158
DA:18,0
DA:26,0
DA:31,0
DA:32,0
DA:40,0
DA:51,158
DA:52,0
DA:54,0
DA:56,0
DA:57,0
DA:63,0
LF:12
LH:2
BRDA:17,0,0,0
BRDA:17,1,0,0
BRDA:17,2,0,0
BRDA:31,3,0,0
BRDA:31,3,1,0
BRDA:51,4,0,0
BRDA:51,5,0,0
BRDA:51,6,0,0
BRF:8
BRH:0
end_of_record
TN:
SF:/Users/ravi/workspace/xwp/material-theme-builder-wp/assets/src/block-editor/utils/error.js
FN:13,(anonymous_0)
FNF:1
FNH:0
FNDA:0,(anonymous_0)
DA:13,158
DA:14,0
DA:15,0
DA:16,0
DA:17,0
DA:22,0
DA:29,0
LF:7
LH:1
BRDA:14,0,0,0
BRDA:14,0,1,0
BRDA:19,1,0,0
BRDA:19,1,1,0
BRDA:31,2,0,0
BRDA:31,2,1,0
BRF:6
BRH:0
end_of_record
TN:
SF:/Users/ravi/workspace/xwp/material-theme-builder-wp/assets/src/block-editor/utils/find-icon.js
FN:8,(anonymous_0)
FN:12,(anonymous_1)
FNF:2
FNH:0
FNDA:0,(anonymous_0)
FNDA:0,(anonymous_1)
DA:9,0
DA:11,0
DA:12,0
DA:15,0
LF:4
LH:0
BRDA:15,0,0,0
BRDA:15,0,1,0
BRF:2
BRH:0
end_of_record
TN:
SF:/Users/ravi/workspace/xwp/material-theme-builder-wp/assets/src/block-editor/utils/generic-attributes-setter.js
FN:1,(anonymous_0)
FN:1,(anonymous_1)
FN:3,(anonymous_2)
FN:5,(anonymous_3)
FNF:4
FNH:4
FNDA:736,(anonymous_0)
FNDA:4218,(anonymous_1)
FNDA:15,(anonymous_2)
FNDA:15,(anonymous_3)
DA:1,736
DA:5,4218
DA:6,15
DA:8,15
DA:9,0
DA:12,15
LF:6
LH:5
BRDA:3,0,0,3816
BRDA:4,1,0,4218
BRDA:8,2,0,0
BRDA:8,2,1,15
BRDA:8,3,0,15
BRDA:8,3,1,15
BRF:6
BRH:5
end_of_record
TN:
SF:/Users/ravi/workspace/xwp/material-theme-builder-wp/assets/src/common/material-colors.js
FNF:0
FNH:0
DA:6,189
LF:1
LH:1
BRF:0
BRH:0
end_of_record
TN:
SF:/Users/ravi/workspace/xwp/material-theme-builder-wp/assets/src/customizer/customize-controls.js
FN:45,(anonymous_0)
FN:71,(anonymous_1)
FN:92,(anonymous_2)
FN:100,(anonymous_3)
FN:120,(anonymous_4)
FN:135,(anonymous_5)
FN:151,(anonymous_6)
FN:156,(anonymous_7)
FN:186,(anonymous_8)
FN:201,(anonymous_9)
FN:219,(anonymous_10)
FN:228,(anonymous_11)
FN:242,(anonymous_12)
FN:253,(anonymous_13)
FN:275,(anonymous_14)
FN:309,(anonymous_15)
FN:314,(anonymous_16)
FN:329,(anonymous_17)
FN:371,(anonymous_18)
FN:397,(anonymous_19)
FN:407,(anonymous_20)
FN:413,(anonymous_21)
FN:415,(anonymous_22)
FN:435,(anonymous_23)
FN:447,(anonymous_24)
FN:466,(anonymous_25)
FN:470,(anonymous_26)
FN:493,(anonymous_27)
FN:500,(anonymous_28)
FN:504,(anonymous_29)
FN:520,(anonymous_30)
FN:544,(anonymous_31)
FN:552,(anonymous_32)
FN:574,(anonymous_33)
FN:593,(anonymous_34)
FN:612,(anonymous_35)
FN:615,(anonymous_36)
FN:616,(anonymous_37)
FN:627,(anonymous_38)
FN:631,(anonymous_39)
FNF:40
FNH:34
FNDA:31,(anonymous_0)
FNDA:155,(anonymous_1)
FNDA:155,(anonymous_2)
FNDA:0,(anonymous_3)
FNDA:212,(anonymous_4)
FNDA:0,(anonymous_5)
FNDA:173,(anonymous_6)
FNDA:0,(anonymous_7)
FNDA:310,(anonymous_8)
FNDA:310,(anonymous_9)
FNDA:84,(anonymous_10)
FNDA:10,(anonymous_11)
FNDA:326,(anonymous_12)
FNDA:0,(anonymous_13)
FNDA:0,(anonymous_14)
FNDA:404,(anonymous_15)
FNDA:6,(anonymous_16)
FNDA:404,(anonymous_17)
FNDA:1212,(anonymous_18)
FNDA:404,(anonymous_19)
FNDA:31,(anonymous_20)
FNDA:31,(anonymous_21)
FNDA:0,(anonymous_22)
FNDA:33,(anonymous_23)
FNDA:231,(anonymous_24)
FNDA:64,(anonymous_25)
FNDA:448,(anonymous_26)
FNDA:1,(anonymous_27)
FNDA:19,(anonymous_28)
FNDA:129,(anonymous_29)
FNDA:46,(anonymous_30)
FNDA:608,(anonymous_31)
FNDA:384,(anonymous_32)
FNDA:168,(anonymous_33)
FNDA:648,(anonymous_34)
FNDA:31,(anonymous_35)
FNDA:558,(anonymous_36)
FNDA:558,(anonymous_37)
FNDA:62,(anonymous_38)
FNDA:32,(anonymous_39)
DA:45,31
DA:47,31
DA:52,31
DA:72,155
DA:73,155
DA:76,155
DA:78,155
DA:79,155
DA:81,155
DA:82,155
DA:93,155
DA:94,155
DA:96,155
DA:97,155
DA:101,0
DA:102,0
DA:104,0
DA:106,0
DA:107,0
DA:121,212
DA:124,212
DA:125,0
DA:126,0
DA:128,0
DA:131,212
DA:133,212
DA:134,39
DA:135,0
DA:136,0
DA:137,0
DA:142,39
DA:144,39
DA:145,39
DA:148,39
DA:149,39
DA:151,173
DA:152,173
DA:155,173
DA:156,0
DA:157,0
DA:160,173
DA:163,173
DA:164,173
DA:165,173
DA:173,31
DA:177,31
DA:187,310
DA:189,310
DA:191,310
DA:192,310
DA:195,310
DA:198,310
DA:201,310
DA:202,310
DA:204,310
DA:205,310
DA:210,310
DA:212,310
DA:213,310
DA:217,310
DA:219,310
DA:221,84
DA:224,310
DA:225,310
DA:228,310
DA:229,10
DA:230,0
DA:232,10
DA:235,10
DA:240,310
DA:245,326
DA:251,6
DA:252,6
DA:254,0
DA:260,6
DA:263,320
DA:267,310
DA:272,310
DA:276,0
DA:277,0
DA:280,0
DA:282,0
DA:287,0
DA:290,0
DA:294,0
DA:296,0
DA:310,404
DA:311,404
DA:315,6
DA:316,6
DA:330,404
DA:331,404
DA:333,404
DA:338,404
DA:339,404
DA:341,404
DA:342,233
DA:343,233
DA:344,233
DA:345,233
DA:347,171
DA:348,171
DA:349,171
DA:352,404
DA:353,0
DA:356,404
DA:371,404
DA:373,1212
DA:374,342
DA:377,870
DA:387,404
DA:399,404
DA:402,404
DA:406,31
DA:408,31
DA:412,31
DA:414,31
DA:415,31
DA:416,0
DA:424,31
DA:435,31
DA:436,33
DA:437,33
DA:438,1
DA:441,33
DA:442,33
DA:443,33
DA:444,33
DA:446,33
DA:447,33
DA:448,231
DA:449,231
DA:453,33
DA:456,33
DA:457,33
DA:466,31
DA:467,64
DA:469,64
DA:470,64
DA:471,448
DA:472,448
DA:475,448
DA:479,64
DA:493,64
DA:494,1
DA:497,64
DA:501,19
DA:502,19
DA:505,129
DA:506,129
DA:520,31
DA:522,46
DA:527,14
DA:531,32
DA:535,0
DA:536,0
DA:540,32
DA:544,32
DA:545,608
DA:546,224
DA:549,384
DA:550,384
DA:552,384
DA:553,384
DA:556,384
DA:562,32
DA:567,32
DA:568,32
DA:574,31
DA:575,168
DA:578,168
DA:579,14
DA:580,14
DA:583,168
DA:593,31
DA:594,648
DA:596,648
DA:598,648
DA:601,648
DA:603,648
DA:604,384
DA:608,648
DA:612,31
DA:614,31
DA:615,31
DA:616,558
DA:618,558
DA:619,31
DA:622,527
DA:627,31
DA:628,62
DA:631,62
DA:632,32
DA:635,62
DA:646,31
DA:649,31
DA:652,31
DA:653,0
LF:198
LH:170
BRDA:78,0,0,155
BRDA:78,0,1,0
BRDA:78,1,0,155
BRDA:78,1,1,155
BRDA:81,2,0,155
BRDA:81,2,1,0
BRDA:96,3,0,155
BRDA:96,3,1,0
BRDA:96,4,0,155
BRDA:96,4,1,155
BRDA:101,5,0,0
BRDA:101,5,1,0
BRDA:106,6,0,0
BRDA:106,6,1,0
BRDA:124,7,0,0
BRDA:124,7,1,212
BRDA:125,8,0,0
BRDA:125,8,1,0
BRDA:133,9,0,39
BRDA:133,9,1,173
BRDA:134,10,0,0
BRDA:134,10,1,39
BRDA:136,11,0,0
BRDA:136,11,1,0
BRDA:144,12,0,39
BRDA:144,12,1,0
BRDA:155,13,0,0
BRDA:155,13,1,173
BRDA:229,14,0,0
BRDA:229,14,1,10
BRDA:245,15,0,6
BRDA:245,15,1,320
BRDA:246,16,0,326
BRDA:246,16,1,16
BRDA:246,16,2,16
BRDA:276,17,0,0
BRDA:276,17,1,0
BRDA:282,18,0,0
BRDA:282,18,1,0
BRDA:283,19,0,0
BRDA:283,19,1,0
BRDA:283,19,2,0
BRDA:309,20,0,0
BRDA:313,21,0,404
BRDA:313,21,1,320
BRDA:329,22,0,0
BRDA:333,23,0,404
BRDA:333,23,1,320
BRDA:339,24,0,404
BRDA:339,24,1,0
BRDA:341,25,0,233
BRDA:341,25,1,171
BRDA:352,26,0,0
BRDA:352,26,1,404
BRDA:352,27,0,404
BRDA:352,27,1,404
BRDA:373,28,0,342
BRDA:373,28,1,870
BRDA:373,29,0,1212
BRDA:373,29,1,513
BRDA:397,30,0,320
BRDA:437,31,0,1
BRDA:437,31,1,32
BRDA:441,32,0,33
BRDA:441,32,1,0
BRDA:441,33,0,33
BRDA:441,33,1,33
BRDA:446,34,0,33
BRDA:446,34,1,0
BRDA:469,35,0,64
BRDA:469,35,1,0
BRDA:473,36,0,448
BRDA:473,36,1,0
BRDA:486,37,0,64
BRDA:486,37,1,0
BRDA:522,38,0,14
BRDA:522,38,1,32
BRDA:523,39,0,46
BRDA:523,39,1,32
BRDA:523,39,2,32
BRDA:531,40,0,0
BRDA:531,40,1,32
BRDA:532,41,0,32
BRDA:532,41,1,16
BRDA:545,42,0,224
BRDA:545,42,1,384
BRDA:545,43,0,608
BRDA:545,43,1,576
BRDA:556,44,0,32
BRDA:556,44,1,352
BRDA:557,45,0,384
BRDA:557,45,1,384
BRDA:557,45,2,32
BRDA:557,45,3,32
BRDA:578,46,0,14
BRDA:578,46,1,154
BRDA:596,47,0,648
BRDA:596,47,1,0
BRDA:603,48,0,384
BRDA:603,48,1,264
BRDA:614,49,0,31
BRDA:614,49,1,0
BRDA:614,50,0,31
BRDA:614,50,1,31
BRDA:618,51,0,31
BRDA:618,51,1,527
BRDA:652,52,0,0
BRDA:652,52,1,31
BRDA:652,53,0,31
BRDA:652,53,1,0
BRF:110
BRH:73
end_of_record
TN:
SF:/Users/ravi/workspace/xwp/material-theme-builder-wp/assets/src/customizer/material-library.js
FN:37,(anonymous_0)
FN:46,(anonymous_1)
FN:61,(anonymous_2)
FN:75,(anonymous_3)
FN:77,(anonymous_4)
FN:95,(anonymous_5)
FN:111,(anonymous_6)
FN:124,(anonymous_7)
FN:131,(anonymous_8)
FN:135,(anonymous_9)
FN:144,(anonymous_10)
FN:175,(anonymous_11)
FN:193,(anonymous_12)
FN:202,(anonymous_13)
FN:219,(anonymous_14)
FN:236,(anonymous_15)
FNF:16
FNH:12
FNDA:2,(anonymous_0)
FNDA:12,(anonymous_1)
FNDA:2,(anonymous_2)
FNDA:4,(anonymous_3)
FNDA:40,(anonymous_4)
FNDA:0,(anonymous_5)
FNDA:2,(anonymous_6)
FNDA:2,(anonymous_7)
FNDA:0,(anonymous_8)
FNDA:0,(anonymous_9)
FNDA:2,(anonymous_10)
FNDA:31,(anonymous_11)
FNDA:31,(anonymous_12)
FNDA:29,(anonymous_13)
FNDA:2,(anonymous_14)
FNDA:0,(anonymous_15)
DA:27,31
DA:28,31
DA:31,31
DA:32,31
DA:37,31
DA:38,2
DA:43,2
DA:46,31
DA:47,12
DA:49,12
DA:53,0
DA:61,31
DA:62,2
DA:66,2
DA:71,0
DA:74,2
DA:75,4
DA:78,40
DA:80,40
DA:81,40
DA:82,40
DA:84,40
DA:85,0
DA:88,40
DA:92,2
DA:95,31
DA:96,0
DA:100,0
DA:101,0
DA:105,0
DA:108,0
DA:111,31
DA:112,2
DA:113,2
DA:114,2
DA:116,2
DA:117,2
DA:124,2
DA:125,2
DA:126,0
DA:129,0
DA:131,0
DA:133,0
DA:135,0
DA:137,0
DA:138,0
DA:140,0
DA:144,31
DA:145,2
DA:146,2
DA:147,2
DA:150,2
DA:151,2
DA:152,2
DA:158,2
DA:161,2
DA:162,2
DA:164,2
DA:165,2
DA:166,2
DA:168,0
DA:169,0
DA:170,0
DA:171,0
DA:175,31
DA:176,31
DA:177,0
DA:180,31
DA:184,31
DA:193,31
DA:194,31
DA:202,31
DA:203,29
DA:204,29
DA:206,29
DA:207,0
DA:215,31
DA:216,31
DA:217,31
DA:219,31
DA:221,2
DA:222,2
DA:227,2
DA:232,2
DA:234,2
DA:235,0
DA:237,0
DA:243,0
DA:247,2
DA:249,2
LF:90
LH:65
BRDA:49,0,0,0
BRDA:49,0,1,12
BRDA:50,1,0,12
BRDA:50,1,1,0
BRDA:66,2,0,0
BRDA:66,2,1,2
BRDA:67,3,0,2
BRDA:67,3,1,2
BRDA:67,3,2,2
BRDA:80,4,0,40
BRDA:80,4,1,0
BRDA:84,5,0,0
BRDA:84,5,1,40
BRDA:96,6,0,0
BRDA:96,6,1,0
BRDA:97,7,0,0
BRDA:97,7,1,0
BRDA:101,8,0,0
BRDA:101,8,1,0
BRDA:102,9,0,0
BRDA:102,9,1,0
BRDA:150,10,0,2
BRDA:150,10,1,0
BRDA:151,11,0,2
BRDA:151,11,1,0
BRDA:176,12,0,0
BRDA:176,12,1,31
BRDA:203,13,0,29
BRDA:203,13,1,0
BRDA:206,14,0,0
BRDA:206,14,1,29
BRDA:206,15,0,29
BRDA:206,15,1,0
BRDA:221,16,0,2
BRDA:221,16,1,0
BRDA:234,17,0,0
BRDA:234,17,1,2
BRF:37
BRH:16
end_of_record
TN:
SF:/Users/ravi/workspace/xwp/material-theme-builder-wp/assets/src/customizer/notifications.js
FN:12,(anonymous_0)
FN:27,(anonymous_1)
FN:31,(anonymous_2)
FN:41,(anonymous_3)
FN:46,(anonymous_4)
FN:65,(anonymous_5)
FN:67,(anonymous_6)
FN:72,(anonymous_7)
FNF:8
FNH:4
FNDA:63,(anonymous_0)
FNDA:0,(anonymous_1)
FNDA:0,(anonymous_2)
FNDA:0,(anonymous_3)
FNDA:0,(anonymous_4)
FNDA:31,(anonymous_5)
FNDA:31,(anonymous_6)
FNDA:29,(anonymous_7)
DA:3,31
DA:4,31
DA:5,31
DA:12,31
DA:13,63
DA:14,63
DA:16,63
DA:22,0
DA:28,0
DA:29,0
DA:31,0
DA:32,0
DA:33,0
DA:34,0
DA:37,0
DA:41,0
DA:42,0
DA:46,0
DA:47,0
DA:48,0
DA:53,0
DA:58,63
DA:65,31
DA:67,31
DA:68,31
DA:69,31
DA:72,31
DA:73,29
DA:74,0
DA:75,0
LF:30
LH:14
BRDA:12,0,0,31
BRDA:16,1,0,0
BRDA:16,1,1,63
BRDA:17,2,0,63
BRDA:17,2,1,63
BRDA:17,2,2,0
BRDA:17,2,3,0
BRDA:33,3,0,0
BRDA:33,3,1,0
BRDA:47,4,0,0
BRDA:47,4,1,0
BRDA:47,5,0,0
BRDA:47,5,1,0
BRDA:73,6,0,0
BRDA:73,6,1,29
BRF:15
BRH:5
end_of_record
TN:
SF:/Users/ravi/workspace/xwp/material-theme-builder-wp/assets/src/customizer/utils.js
FN:13,(anonymous_0)
FN:24,(anonymous_1)
FN:30,(anonymous_2)
FN:43,(anonymous_3)
FN:47,(anonymous_4)
FN:69,(anonymous_5)
FN:77,(anonymous_6)
FN:90,(anonymous_7)
FN:102,(anonymous_8)
FNF:9
FNH:9
FNDA:173,(anonymous_0)
FNDA:173,(anonymous_1)
FNDA:173,(anonymous_2)
FNDA:39,(anonymous_3)
FNDA:36,(anonymous_4)
FNDA:384,(anonymous_5)
FNDA:688,(anonymous_6)
FNDA:384,(anonymous_7)
FNDA:638,(anonymous_8)
DA:3,31
DA:13,31
DA:15,173
DA:18,173
DA:19,173
DA:24,173
DA:25,173
DA:26,173
DA:30,173
DA:31,173
DA:35,173
DA:43,31
DA:45,39
DA:47,39
DA:48,36
DA:51,36
DA:55,39
DA:58,39
DA:61,39
DA:69,31
DA:70,384
DA:77,31
DA:78,688
DA:79,688
DA:80,300
DA:82,388
DA:90,31
DA:91,384
DA:92,384
DA:102,31
DA:103,638
LF:31
LH:31
BRDA:70,0,0,64
BRDA:70,0,1,320
BRDA:79,1,0,300
BRDA:79,1,1,388
BRDA:92,2,0,64
BRDA:92,2,1,320
BRF:6
BRH:6
end_of_record
TN:
SF:/Users/ravi/workspace/xwp/material-theme-builder-wp/assets/src/customizer/components/material-library/index.js
FN:37,(anonymous_0)
FN:38,(anonymous_1)
FN:49,(anonymous_2)
FN:73,(anonymous_3)
FN:75,(anonymous_4)
FNF:5
FNH:4
FNDA:2,(anonymous_0)
FNDA:4,(anonymous_1)
FNDA:2,(anonymous_2)
FNDA:2,(anonymous_3)
FNDA:0,(anonymous_4)
DA:37,31
DA:38,4
DA:39,2
DA:41,2
DA:42,2
DA:46,2
DA:49,31
DA:69,2
DA:71,2
DA:73,2
DA:74,2
DA:75,2
DA:78,2
LF:13
LH:13
BRDA:129,0,0,2
BRDA:129,0,1,0
BRF:2
BRH:1
end_of_record
TN:
SF:/Users/ravi/workspace/xwp/material-theme-builder-wp/assets/src/customizer/components/material-library/styles.js
FN:6,(anonymous_0)
FN:7,(anonymous_1)
FN:9,(anonymous_2)
FN:10,(anonymous_3)
FN:11,(anonymous_4)
FN:12,(anonymous_5)
FN:13,(anonymous_6)
FN:14,(anonymous_7)
FN:15,(anonymous_8)
FN:17,(anonymous_9)
FN:18,(anonymous_10)
FN:19,(anonymous_11)
FN:20,(anonymous_12)
FN:21,(anonymous_13)
FN:24,(anonymous_14)
FN:78,(anonymous_15)
FNF:16
FNH:16
FNDA:2,(anonymous_0)
FNDA:2,(anonymous_1)
FNDA:2,(anonymous_2)
FNDA:2,(anonymous_3)
FNDA:2,(anonymous_4)
FNDA:2,(anonymous_5)
FNDA:2,(anonymous_6)
FNDA:2,(anonymous_7)
FNDA:2,(anonymous_8)
FNDA:2,(anonymous_9)
FNDA:2,(anonymous_10)
FNDA:2,(anonymous_11)
FNDA:2,(anonymous_12)
FNDA:2,(anonymous_13)
FNDA:2,(anonymous_14)
FNDA:2,(anonymous_15)
DA:4,31
DA:6,2
DA:7,2
DA:9,2
DA:10,2
DA:11,2
DA:12,2
DA:13,2
DA:14,2
DA:16,2
DA:17,2
DA:18,2
DA:19,2
DA:20,2
DA:22,2
DA:24,2
DA:76,31
DA:78,2
LF:18
LH:18
BRF:0
BRH:0
end_of_record
TN:
SF:/Users/ravi/workspace/xwp/material-theme-builder-wp/assets/src/customizer/components/material-library/utils.js
FN:1,(anonymous_0)
FN:3,(anonymous_1)
FN:6,(anonymous_2)
FNF:3
FNH:2
FNDA:0,(anonymous_0)
FNDA:2,(anonymous_1)
FNDA:2,(anonymous_2)
DA:1,31
DA:3,31
DA:4,2
DA:6,31
DA:7,2
LF:5
LH:5
BRDA:4,0,0,0
BRDA:4,0,1,2
BRDA:8,1,0,0
BRDA:8,1,1,2
BRF:4
BRH:2
end_of_record
TN:
SF:/Users/ravi/workspace/xwp/material-theme-builder-wp/assets/src/customizer/components/material-library/common/icon-button-link.js
FN:9,(anonymous_0)
FNF:1
FNH:1
FNDA:22,(anonymous_0)
DA:9,31
DA:10,22
LF:2
LH:2
BRF:0
BRH:0
end_of_record
TN:
SF:/Users/ravi/workspace/xwp/material-theme-builder-wp/assets/src/customizer/components/material-library/sections/buttons.js
FN:5,(anonymous_0)
FNF:1
FNH:1
FNDA:2,(anonymous_0)
DA:5,31
DA:6,2
LF:2
LH:2
BRF:0
BRH:0
end_of_record
TN:
SF:/Users/ravi/workspace/xwp/material-theme-builder-wp/assets/src/customizer/components/material-library/sections/cards.js
FN:6,(anonymous_0)
FNF:1
FNH:1
FNDA:2,(anonymous_0)
DA:6,31
DA:7,2
LF:2
LH:2
BRF:0
BRH:0
end_of_record
TN:
SF:/Users/ravi/workspace/xwp/material-theme-builder-wp/assets/src/customizer/components/material-library/sections/checkboxes.js
FN:4,(anonymous_0)
FNF:1
FNH:1
FNDA:2,(anonymous_0)
DA:4,31
DA:5,2
LF:2
LH:2
BRF:0
BRH:0
end_of_record
TN:
SF:/Users/ravi/workspace/xwp/material-theme-builder-wp/assets/src/customizer/components/material-library/sections/chips.js
FN:4,(anonymous_0)
FNF:1
FNH:1
FNDA:2,(anonymous_0)
DA:4,31
DA:5,2
LF:2
LH:2
BRF:0
BRH:0
end_of_record
TN:
SF:/Users/ravi/workspace/xwp/material-theme-builder-wp/assets/src/customizer/components/material-library/sections/fields.js
FN:4,(anonymous_0)
FNF:1
FNH:1
FNDA:2,(anonymous_0)
DA:4,31
DA:5,2
LF:2
LH:2
BRF:0
BRH:0
end_of_record
TN:
SF:/Users/ravi/workspace/xwp/material-theme-builder-wp/assets/src/customizer/components/material-library/sections/image-lists.js
FN:6,(anonymous_0)
FN:20,(anonymous_1)
FNF:2
FNH:2
FNDA:2,(anonymous_0)
FNDA:38,(anonymous_1)
DA:6,31
DA:7,2
DA:21,38
LF:3
LH:3
BRF:0
BRH:0
end_of_record
TN:
SF:/Users/ravi/workspace/xwp/material-theme-builder-wp/assets/src/customizer/components/material-library/sections/lists.js
FN:5,(anonymous_0)
FNF:1
FNH:1
FNDA:2,(anonymous_0)
DA:5,31
DA:6,2
LF:2
LH:2
BRF:0
BRH:0
end_of_record
TN:
SF:/Users/ravi/workspace/xwp/material-theme-builder-wp/assets/src/customizer/components/material-library/sections/radios.js
FN:4,(anonymous_0)
FNF:1
FNH:1
FNDA:2,(anonymous_0)
DA:4,31
DA:5,2
LF:2
LH:2
BRF:0
BRH:0
end_of_record
TN:
SF:/Users/ravi/workspace/xwp/material-theme-builder-wp/assets/src/customizer/components/material-library/sections/switch.js
FN:4,(anonymous_0)
FNF:1
FNH:1
FNDA:2,(anonymous_0)
DA:4,31
DA:5,2
LF:2
LH:2
BRF:0
BRH:0
end_of_record
TN:
SF:/Users/ravi/workspace/xwp/material-theme-builder-wp/assets/src/customizer/components/material-library/sections/tab-bar.js
FN:5,(anonymous_0)
FNF:1
FNH:1
FNDA:2,(anonymous_0)
DA:5,31
DA:6,2
LF:2
LH:2
BRF:0
BRH:0
end_of_record
TN:
SF:/Users/ravi/workspace/xwp/material-theme-builder-wp/assets/src/customizer/components/material-library/sections/table.js
FN:4,(anonymous_0)
FNF:1
FNH:1
FNDA:2,(anonymous_0)
DA:4,31
DA:5,2
LF:2
LH:2
BRF:0
BRH:0
end_of_record
TN:
SF:/Users/ravi/workspace/xwp/material-theme-builder-wp/assets/src/customizer/components/range-slider-control/global.js
FN:12,(anonymous_0)
FN:22,(anonymous_1)
FN:33,(anonymous_2)
FN:35,(anonymous_3)
FN:48,(anonymous_4)
FN:52,(anonymous_5)
FN:69,(anonymous_6)
FN:77,(anonymous_7)
FN:90,(anonymous_8)
FNF:9
FNH:9
FNDA:97,(anonymous_0)
FNDA:679,(anonymous_1)
FNDA:19,(anonymous_2)
FNDA:133,(anonymous_3)
FNDA:6,(anonymous_4)
FNDA:1,(anonymous_5)
FNDA:231,(anonymous_6)
FNDA:6,(anonymous_7)
FNDA:2,(anonymous_8)
DA:12,31
DA:18,97
DA:20,97
DA:21,97
DA:23,679
DA:29,97
DA:30,97
DA:31,97
DA:33,97
DA:34,19
DA:35,19
DA:36,133
DA:37,121
DA:38,121
DA:39,121
DA:43,19
DA:44,19
DA:45,19
DA:48,97
DA:49,6
DA:52,97
DA:53,1
DA:54,1
DA:57,97
DA:70,231
DA:78,6
DA:88,6
DA:91,2
DA:101,2
LF:29
LH:29
BRDA:36,0,0,121
BRDA:36,0,1,12
BRDA:67,1,0,97
BRDA:67,1,1,33
BRDA:67,1,2,33
BRDA:67,1,3,33
BRF:6
BRH:6
end_of_record
TN:
SF:/Users/ravi/workspace/xwp/material-theme-builder-wp/assets/src/customizer/components/range-slider-control/index.js
FN:19,(anonymous_0)
FN:40,(anonymous_1)
FN:49,(anonymous_2)
FN:58,(anonymous_3)
FNF:4
FNH:2
FNDA:328,(anonymous_0)
FNDA:0,(anonymous_1)
FNDA:0,(anonymous_2)
FNDA:25,(anonymous_3)
DA:19,31
DA:34,328
DA:36,328
DA:38,328
DA:40,328
DA:41,0
DA:42,0
DA:49,328
DA:50,0
DA:51,0
DA:58,328
DA:59,25
DA:62,328
DA:64,328
LF:14
LH:10
BRDA:25,0,0,0
BRDA:26,1,0,0
BRDA:27,2,0,328
BRDA:38,3,0,328
BRDA:38,3,1,97
BRDA:41,4,0,0
BRDA:41,4,1,0
BRDA:50,5,0,0
BRDA:50,5,1,0
BRDA:62,6,0,328
BRDA:62,6,1,231
BRDA:86,7,0,328
BRDA:86,7,1,97
BRDA:95,8,0,328
BRDA:95,8,1,97
BRDA:113,9,0,328
BRDA:113,9,1,23
BRDA:126,10,0,328
BRDA:126,10,1,97
BRF:19
BRH:13
end_of_record
TN:
SF:/Users/ravi/workspace/xwp/material-theme-builder-wp/assets/src/customizer/components/theme-prompt/index.js
FN:6,(anonymous_0)
FN:31,(anonymous_1)
FN:40,(anonymous_2)
FN:48,(anonymous_3)
FN:53,(anonymous_4)
FN:58,(anonymous_5)
FN:63,(anonymous_6)
FNF:7
FNH:1
FNDA:31,(anonymous_0)
FNDA:0,(anonymous_1)
FNDA:0,(anonymous_2)
FNDA:0,(anonymous_3)
FNDA:0,(anonymous_4)
FNDA:0,(anonymous_5)
FNDA:0,(anonymous_6)
DA:6,31
DA:7,31
DA:8,31
DA:11,31
DA:16,31
DA:27,31
DA:31,31
DA:32,0
DA:33,0
DA:36,31
DA:37,31
DA:40,0
DA:41,0
DA:43,0
DA:45,0
DA:49,0
DA:52,0
DA:53,0
DA:54,0
DA:55,0
DA:58,0
DA:59,0
DA:60,0
DA:61,0
DA:63,0
DA:64,0
DA:66,0
DA:69,0
DA:72,0
LF:29
LH:9
BRDA:11,0,0,0
BRDA:11,0,1,31
BRDA:16,1,0,0
BRDA:16,1,1,31
BRDA:27,2,0,0
BRDA:27,2,1,31
BRDA:36,3,0,31
BRDA:36,3,1,0
BRDA:36,4,0,31
BRDA:36,4,1,0
BRDA:59,5,0,0
BRDA:59,5,1,0
BRDA:93,6,0,0
BRDA:93,6,1,0
BRF:14
BRH:5
end_of_record
TN:
SF:/Users/ravi/workspace/xwp/material-theme-builder-wp/assets/src/front-end/contact-form.js
FN:13,(anonymous_0)
FN:24,(anonymous_1)
FN:36,(anonymous_2)
FN:68,(anonymous_3)
FN:81,(anonymous_4)
FN:91,(anonymous_5)
FN:104,(anonymous_6)
FN:121,(anonymous_7)
FN:124,(anonymous_8)
FNF:9
FNH:0
FNDA:0,(anonymous_0)
FNDA:0,(anonymous_1)
FNDA:0,(anonymous_2)
FNDA:0,(anonymous_3)
FNDA:0,(anonymous_4)
FNDA:0,(anonymous_5)
FNDA:0,(anonymous_6)
FNDA:0,(anonymous_7)
FNDA:0,(anonymous_8)
DA:13,0
DA:14,0
DA:15,0
DA:16,0
DA:18,0
DA:24,0
DA:25,0
DA:26,0
DA:27,0
DA:30,0
DA:31,0
DA:34,0
DA:36,0
DA:37,0
DA:39,0
DA:40,0
DA:41,0
DA:43,0
DA:44,0
DA:45,0
DA:46,0
DA:48,0
DA:49,0
DA:55,0
DA:59,0
DA:61,0
DA:68,0
DA:69,0
DA:70,0
DA:71,0
DA:72,0
DA:75,0
DA:77,0
DA:81,0
DA:82,0
DA:85,0
DA:88,0
DA:89,0
DA:92,0
DA:104,0
DA:105,0
DA:107,0
DA:108,0
DA:111,0
DA:113,0
DA:121,0
DA:122,0
DA:125,0
LF:48
LH:0
BRDA:26,0,0,0
BRDA:26,0,1,0
BRDA:48,1,0,0
BRDA:48,1,1,0
BRDA:48,2,0,0
BRDA:48,2,1,0
BRDA:69,3,0,0
BRDA:69,3,1,0
BRDA:107,4,0,0
BRDA:107,4,1,0
BRDA:113,5,0,0
BRDA:113,5,1,0
BRDA:114,6,0,0
BRDA:114,6,1,0
BRDA:114,6,2,0
BRDA:114,6,3,0
BRDA:114,6,4,0
BRDA:114,6,5,0
BRF:18
BRH:0
end_of_record
TN:
SF:/Users/ravi/workspace/xwp/material-theme-builder-wp/assets/src/getting-started/constants.js
FNF:0
FNH:0
DA:3,0
DA:20,0
LF:2
LH:0
BRF:0
BRH:0
end_of_record
TN:
SF:/Users/ravi/workspace/xwp/material-theme-builder-wp/assets/src/getting-started/context.js
FN:36,(anonymous_0)
FNF:1
FNH:0
FNDA:0,(anonymous_0)
DA:10,0
DA:12,0
DA:14,0
DA:20,0
DA:36,0
DA:37,0
DA:39,0
LF:7
LH:0
BRF:0
BRH:0
end_of_record
TN:
SF:/Users/ravi/workspace/xwp/material-theme-builder-wp/assets/src/getting-started/index.js
FNF:0
FNH:0
DA:4,0
LF:1
LH:0
BRF:0
BRH:0
end_of_record
TN:
SF:/Users/ravi/workspace/xwp/material-theme-builder-wp/assets/src/getting-started/reducer.js
FN:10,(anonymous_0)
FN:46,(anonymous_1)
FNF:2
FNH:0
FNDA:0,(anonymous_0)
FNDA:0,(anonymous_1)
DA:10,0
DA:11,0
DA:12,0
DA:14,0
DA:15,0
DA:18,0
DA:19,0
DA:22,0
DA:23,0
DA:24,0
DA:26,0
DA:27,0
DA:30,0
DA:38,0
DA:39,0
DA:40,0
DA:41,0
DA:42,0
DA:44,0
DA:46,0
DA:49,0
DA:51,0
DA:54,0
DA:55,0
DA:62,0
DA:63,0
DA:66,0
DA:67,0
DA:70,0
DA:71,0
DA:78,0
DA:79,0
DA:86,0
DA:87,0
DA:90,0
DA:91,0
DA:94,0
LF:37
LH:0
BRDA:14,0,0,0
BRDA:14,0,1,0
BRDA:18,1,0,0
BRDA:18,1,1,0
BRDA:22,2,0,0
BRDA:22,2,1,0
BRDA:26,3,0,0
BRDA:26,3,1,0
BRDA:38,4,0,0
BRDA:38,4,1,0
BRDA:54,5,0,0
BRDA:54,5,1,0
BRDA:62,6,0,0
BRDA:62,6,1,0
BRDA:66,7,0,0
BRDA:66,7,1,0
BRDA:70,8,0,0
BRDA:70,8,1,0
BRDA:78,9,0,0
BRDA:78,9,1,0
BRDA:86,10,0,0
BRDA:86,10,1,0
BRDA:90,11,0,0
BRDA:90,11,1,0
BRF:24
BRH:0
end_of_record
TN:
SF:/Users/ravi/workspace/xwp/material-theme-builder-wp/assets/src/getting-started/components/index.js
FN:5,(anonymous_0)
FNF:1
FNH:0
FNDA:0,(anonymous_0)
DA:5,0
DA:6,0
LF:2
LH:0
BRF:0
BRH:0
end_of_record
TN:
SF:/Users/ravi/workspace/xwp/material-theme-builder-wp/assets/src/getting-started/components/content/blocks.js
FN:6,(anonymous_0)
FNF:1
FNH:0
FNDA:0,(anonymous_0)
DA:6,0
DA:7,0
LF:2
LH:0
BRF:0
BRH:0
end_of_record
TN:
SF:/Users/ravi/workspace/xwp/material-theme-builder-wp/assets/src/getting-started/components/content/content.js
FNF:0
FNH:0
LF:0
LH:0
BRF:0
BRH:0
end_of_record
TN:
SF:/Users/ravi/workspace/xwp/material-theme-builder-wp/assets/src/getting-started/components/content/demo.js
FN:8,(anonymous_0)
FN:19,(anonymous_1)
FNF:2
FNH:0
FNDA:0,(anonymous_0)
FNDA:0,(anonymous_1)
DA:8,0
DA:9,0
DA:10,0
DA:11,0
DA:12,0
DA:13,0
DA:15,0
DA:19,0
DA:20,0
DA:23,0
LF:10
LH:0
BRDA:11,0,0,0
BRDA:11,0,1,0
BRDA:15,1,0,0
BRDA:15,1,1,0
BRF:4
BRH:0
end_of_record
TN:
SF:/Users/ravi/workspace/xwp/material-theme-builder-wp/assets/src/getting-started/components/content/editor.js
FN:5,(anonymous_0)
FNF:1
FNH:0
FNDA:0,(anonymous_0)
DA:5,0
DA:6,0
LF:2
LH:0
BRF:0
BRH:0
end_of_record
TN:
SF:/Users/ravi/workspace/xwp/material-theme-builder-wp/assets/src/getting-started/components/content/index.js
FN:12,(anonymous_0)
FN:16,(anonymous_1)
FN:25,(anonymous_2)
FN:32,(anonymous_3)
FN:40,(anonymous_4)
FN:45,(anonymous_5)
FNF:6
FNH:0
FNDA:0,(anonymous_0)
FNDA:0,(anonymous_1)
FNDA:0,(anonymous_2)
FNDA:0,(anonymous_3)
FNDA:0,(anonymous_4)
FNDA:0,(anonymous_5)
DA:12,0
DA:13,0
DA:14,0
DA:16,0
DA:17,0
DA:25,0
DA:26,0
DA:32,0
DA:33,0
DA:34,0
DA:40,0
DA:41,0
DA:42,0
DA:45,0
DA:46,0
DA:47,0
DA:50,0
DA:54,0
DA:59,0
DA:60,0
DA:66,0
LF:21
LH:0
BRDA:46,0,0,0
BRDA:46,0,1,0
BRDA:50,1,0,0
BRDA:50,1,1,0
BRDA:51,2,0,0
BRDA:51,2,1,0
BRDA:59,3,0,0
BRDA:59,3,1,0
BRDA:68,4,0,0
BRDA:68,4,1,0
BRDA:71,5,0,0
BRDA:71,5,1,0
BRDA:72,6,0,0
BRDA:72,6,1,0
BRDA:73,7,0,0
BRDA:73,7,1,0
BRDA:74,8,0,0
BRDA:74,8,1,0
BRDA:75,9,0,0
BRDA:75,9,1,0
BRF:20
BRH:0
end_of_record
TN:
SF:/Users/ravi/workspace/xwp/material-theme-builder-wp/assets/src/getting-started/components/content/theme.js
FN:8,(anonymous_0)
FN:19,(anonymous_1)
FNF:2
FNH:0
FNDA:0,(anonymous_0)
FNDA:0,(anonymous_1)
DA:8,0
DA:9,0
DA:10,0
DA:11,0
DA:12,0
DA:13,0
DA:15,0
DA:19,0
DA:20,0
DA:21,0
DA:24,0
DA:25,0
DA:29,0
LF:13
LH:0
BRDA:11,0,0,0
BRDA:11,0,1,0
BRDA:15,1,0,0
BRDA:15,1,1,0
BRDA:20,2,0,0
BRDA:20,2,1,0
BRDA:24,3,0,0
BRDA:24,3,1,0
BRF:8
BRH:0
end_of_record
TN:
SF:/Users/ravi/workspace/xwp/material-theme-builder-wp/assets/src/getting-started/components/content/wizard.js
FN:6,(anonymous_0)
FNF:1
FNH:0
FNDA:0,(anonymous_0)
DA:6,0
DA:7,0
LF:2
LH:0
BRF:0
BRH:0
end_of_record
TN:
SF:/Users/ravi/workspace/xwp/material-theme-builder-wp/assets/src/getting-started/components/navigation/index.js
FN:8,(anonymous_0)
FN:11,(anonymous_1)
FN:43,(anonymous_2)
FNF:3
FNH:0
FNDA:0,(anonymous_0)
FNDA:0,(anonymous_1)
FNDA:0,(anonymous_2)
DA:8,0
DA:9,0
DA:11,0
DA:13,0
DA:14,0
DA:15,0
DA:16,0
DA:20,0
DA:23,0
DA:24,0
DA:25,0
DA:26,0
DA:35,0
DA:44,0
LF:14
LH:0
BRDA:13,0,0,0
BRDA:13,0,1,0
BRDA:23,1,0,0
BRDA:23,1,1,0
BRF:4
BRH:0
end_of_record
TN:
SF:/Users/ravi/workspace/xwp/material-theme-builder-wp/assets/src/getting-started/components/navigation/tab.js
FN:6,(anonymous_0)
FN:13,(anonymous_1)
FNF:2
FNH:0
FNDA:0,(anonymous_0)
FNDA:0,(anonymous_1)
DA:6,0
DA:7,0
DA:8,0
DA:9,0
DA:10,0
DA:11,0
DA:13,0
DA:14,0
DA:17,0
LF:9
LH:0
BRDA:11,0,0,0
BRDA:11,0,1,0
BRF:2
BRH:0
end_of_record
TN:
SF:/Users/ravi/workspace/xwp/material-theme-builder-wp/assets/src/wizard/constants.js
FNF:0
FNH:0
DA:4,0
DA:14,0
DA:23,0
DA:34,0
LF:4
LH:0
BRF:0
BRH:0
end_of_record
TN:
SF:/Users/ravi/workspace/xwp/material-theme-builder-wp/assets/src/wizard/context.js
FN:30,(anonymous_0)
FNF:1
FNH:0
FNDA:0,(anonymous_0)
DA:9,0
DA:11,0
DA:17,0
DA:30,0
DA:31,0
DA:33,0
LF:6
LH:0
BRF:0
BRH:0
end_of_record
TN:
SF:/Users/ravi/workspace/xwp/material-theme-builder-wp/assets/src/wizard/index.js
FNF:0
FNH:0
DA:5,0
LF:1
LH:0
BRF:0
BRH:0
end_of_record
TN:
SF:/Users/ravi/workspace/xwp/material-theme-builder-wp/assets/src/wizard/reducer.js
FN:10,(anonymous_0)
FN:37,(anonymous_1)
FN:51,(anonymous_2)
FNF:3
FNH:0
FNDA:0,(anonymous_0)
FNDA:0,(anonymous_1)
FNDA:0,(anonymous_2)
DA:10,0
DA:11,0
DA:12,0
DA:13,0
DA:15,0
DA:16,0
DA:18,0
DA:19,0
DA:22,0
DA:30,0
DA:31,0
DA:32,0
DA:33,0
DA:35,0
DA:37,0
DA:41,0
DA:43,0
DA:46,0
DA:47,0
DA:48,0
DA:51,0
DA:54,0
DA:55,0
DA:58,0
DA:59,0
DA:62,0
LF:26
LH:0
BRDA:15,0,0,0
BRDA:15,0,1,0
BRDA:18,1,0,0
BRDA:18,1,1,0
BRDA:30,2,0,0
BRDA:30,2,1,0
BRDA:46,3,0,0
BRDA:46,3,1,0
BRDA:47,4,0,0
BRDA:47,4,1,0
BRDA:54,5,0,0
BRDA:54,5,1,0
BRDA:58,6,0,0
BRDA:58,6,1,0
BRF:14
BRH:0
end_of_record
TN:
SF:/Users/ravi/workspace/xwp/material-theme-builder-wp/assets/src/wizard/utils.js
FN:11,(anonymous_0)
FN:14,(anonymous_1)
FN:24,(anonymous_2)
FN:26,(anonymous_3)
FN:27,(anonymous_4)
FN:34,(anonymous_5)
FN:36,(anonymous_6)
FN:41,(anonymous_7)
FN:49,(anonymous_8)
FN:55,(anonymous_9)
FN:57,(anonymous_10)
FN:58,(anonymous_11)
FN:65,(anonymous_12)
FNF:13
FNH:0
FNDA:0,(anonymous_0)
FNDA:0,(anonymous_1)
FNDA:0,(anonymous_2)
FNDA:0,(anonymous_3)
FNDA:0,(anonymous_4)
FNDA:0,(anonymous_5)
FNDA:0,(anonymous_6)
FNDA:0,(anonymous_7)
FNDA:0,(anonymous_8)
FNDA:0,(anonymous_9)
FNDA:0,(anonymous_10)
FNDA:0,(anonymous_11)
FNDA:0,(anonymous_12)
DA:11,0
DA:12,0
DA:13,0
DA:14,0
DA:15,0
DA:19,0
DA:24,0
DA:25,0
DA:26,0
DA:28,0
DA:29,0
DA:32,0
DA:33,0
DA:34,0
DA:36,0
DA:38,0
DA:41,0
DA:49,0
DA:50,0
DA:55,0
DA:56,0
DA:57,0
DA:59,0
DA:60,0
DA:62,0
DA:65,0
LF:26
LH:0
BRDA:13,0,0,0
BRDA:13,0,1,0
BRDA:28,1,0,0
BRDA:28,1,1,0
BRDA:32,2,0,0
BRDA:32,2,1,0
BRDA:59,3,0,0
BRDA:59,3,1,0
BRF:8
BRH:0
end_of_record
TN:
SF:/Users/ravi/workspace/xwp/material-theme-builder-wp/assets/src/wizard/components/index.js
FN:10,(anonymous_0)
FNF:1
FNH:0
FNDA:0,(anonymous_0)
DA:10,0
DA:11,0
LF:2
LH:0
BRF:0
BRH:0
end_of_record
TN:
SF:/Users/ravi/workspace/xwp/material-theme-builder-wp/assets/src/wizard/components/content/addons.js
FN:10,(anonymous_0)
FNF:1
FNH:0
FNDA:0,(anonymous_0)
DA:10,0
DA:11,0
LF:2
LH:0
BRF:0
BRH:0
end_of_record
TN:
SF:/Users/ravi/workspace/xwp/material-theme-builder-wp/assets/src/wizard/components/content/card.js
FN:11,(anonymous_0)
FNF:1
FNH:0
FNDA:0,(anonymous_0)
DA:11,0
DA:12,0
DA:13,0
DA:14,0
DA:16,0
DA:18,0
DA:19,0
DA:22,0
LF:8
LH:0
BRDA:12,0,0,0
BRDA:12,0,1,0
BRDA:14,1,0,0
BRDA:14,1,1,0
BRDA:16,2,0,0
BRDA:16,2,1,0
BRDA:18,3,0,0
BRDA:18,3,1,0
BRDA:34,4,0,0
BRDA:34,4,1,0
BRF:10
BRH:0
end_of_record
TN:
SF:/Users/ravi/workspace/xwp/material-theme-builder-wp/assets/src/wizard/components/content/index.js
FN:13,(anonymous_0)
FN:22,(anonymous_1)
FN:30,(anonymous_2)
FN:40,(anonymous_3)
FN:68,(anonymous_4)
FN:77,(anonymous_5)
FNF:6
FNH:0
FNDA:0,(anonymous_0)
FNDA:0,(anonymous_1)
FNDA:0,(anonymous_2)
FNDA:0,(anonymous_3)
FNDA:0,(anonymous_4)
FNDA:0,(anonymous_5)
DA:13,0
DA:14,0
DA:15,0
DA:22,0
DA:23,0
DA:24,0
DA:30,0
DA:31,0
DA:32,0
DA:40,0
DA:41,0
DA:42,0
DA:45,0
DA:49,0
DA:54,0
DA:58,0
DA:63,0
DA:67,0
DA:69,0
DA:77,0
DA:78,0
DA:79,0
DA:83,0
LF:23
LH:0
BRDA:41,0,0,0
BRDA:41,0,1,0
BRDA:45,1,0,0
BRDA:45,1,1,0
BRDA:46,2,0,0
BRDA:46,2,1,0
BRDA:54,3,0,0
BRDA:54,3,1,0
BRDA:55,4,0,0
BRDA:55,4,1,0
BRDA:63,5,0,0
BRDA:63,5,1,0
BRDA:64,6,0,0
BRDA:64,6,1,0
BRDA:78,7,0,0
BRDA:78,7,1,0
BRDA:85,8,0,0
BRDA:85,8,1,0
BRDA:89,9,0,0
BRDA:89,9,1,0
BRDA:90,10,0,0
BRDA:90,10,1,0
BRDA:91,11,0,0
BRDA:91,11,1,0
BRF:24
BRH:0
end_of_record
TN:
SF:/Users/ravi/workspace/xwp/material-theme-builder-wp/assets/src/wizard/components/content/switch.js
FN:14,(anonymous_0)
FN:38,(anonymous_1)
FNF:2
FNH:0
FNDA:0,(anonymous_0)
FNDA:0,(anonymous_1)
DA:14,0
DA:15,0
DA:17,0
DA:39,0
LF:4
LH:0
BRDA:45,0,0,0
BRDA:45,0,1,0
BRF:2
BRH:0
end_of_record
TN:
SF:/Users/ravi/workspace/xwp/material-theme-builder-wp/assets/src/wizard/components/content/welcome.js
FN:9,(anonymous_0)
FNF:1
FNH:0
FNDA:0,(anonymous_0)
DA:9,0
DA:10,0
LF:2
LH:0
BRF:0
BRH:0
end_of_record
TN:
SF:/Users/ravi/workspace/xwp/material-theme-builder-wp/assets/src/wizard/components/content/work.js
FN:9,(anonymous_0)
FNF:1
FNH:0
FNDA:0,(anonymous_0)
DA:9,0
DA:10,0
LF:2
LH:0
BRF:0
BRH:0
end_of_record
TN:
SF:/Users/ravi/workspace/xwp/material-theme-builder-wp/assets/src/wizard/components/header/index.js
FN:8,(anonymous_0)
FNF:1
FNH:0
FNDA:0,(anonymous_0)
DA:8,0
DA:9,0
LF:2
LH:0
BRF:0
BRH:0
end_of_record
TN:
SF:/Users/ravi/workspace/xwp/material-theme-builder-wp/assets/src/wizard/components/navigation/button.js
FN:9,(anonymous_0)
FN:63,(anonymous_1)
FNF:2
FNH:0
FNDA:0,(anonymous_0)
FNDA:0,(anonymous_1)
DA:9,0
DA:10,0
DA:11,0
DA:22,0
DA:23,0
DA:24,0
DA:25,0
DA:27,0
DA:63,0
DA:64,0
DA:66,0
LF:11
LH:0
BRDA:10,0,0,0
BRDA:10,0,1,0
BRDA:23,1,0,0
BRDA:23,1,1,0
BRDA:24,2,0,0
BRDA:24,2,1,0
BRDA:25,3,0,0
BRDA:25,3,1,0
BRDA:33,4,0,0
BRDA:33,4,1,0
BRDA:42,5,0,0
BRDA:42,5,1,0
BRDA:44,6,0,0
BRDA:44,6,1,0
BRDA:46,7,0,0
BRDA:46,7,1,0
BRDA:68,8,0,0
BRDA:68,8,1,0
BRDA:77,9,0,0
BRDA:77,9,1,0
BRF:20
BRH:0
end_of_record
TN:
SF:/Users/ravi/workspace/xwp/material-theme-builder-wp/assets/src/wizard/components/navigation/index.js
FN:11,(anonymous_0)
FN:17,(anonymous_1)
FN:53,(anonymous_2)
FN:64,(anonymous_3)
FNF:4
FNH:0
FNDA:0,(anonymous_0)
FNDA:0,(anonymous_1)
FNDA:0,(anonymous_2)
FNDA:0,(anonymous_3)
DA:11,0
DA:12,0
DA:13,0
DA:14,0
DA:15,0
DA:17,0
DA:18,0
DA:21,0
DA:22,0
DA:23,0
DA:25,0
DA:26,0
DA:30,0
DA:31,0
DA:32,0
DA:36,0
DA:53,0
DA:64,0
LF:18
LH:0
BRDA:18,0,0,0
BRDA:18,0,1,0
BRDA:21,1,0,0
BRDA:21,1,1,0
BRDA:22,2,0,0
BRDA:22,2,1,0
BRDA:30,3,0,0
BRDA:30,3,1,0
BRDA:48,4,0,0
BRDA:48,4,1,0
BRDA:59,5,0,0
BRDA:59,5,1,0
BRDA:68,6,0,0
BRDA:68,6,1,0
BRF:14
BRH:0
end_of_record
TN:
SF:/Users/ravi/workspace/xwp/material-theme-builder-wp/assets/src/wizard/components/navigation/loader.js
FN:4,(anonymous_0)
FN:5,(anonymous_1)
FNF:2
FNH:0
FNDA:0,(anonymous_0)
FNDA:0,(anonymous_1)
DA:4,0
DA:5,0
DA:6,0
DA:8,0
DA:9,0
DA:13,0
LF:6
LH:0
BRF:0
BRH:0
end_of_record
TN:
SF:/Users/ravi/workspace/xwp/material-theme-builder-wp/assets/src/wizard/components/notice/index.js
FN:8,(anonymous_0)
FNF:1
FNH:0
FNDA:0,(anonymous_0)
DA:8,0
DA:9,0
LF:2
LH:0
BRF:0
BRH:0
end_of_record
TN:
SF:/Users/ravi/workspace/xwp/material-theme-builder-wp/assets/src/wizard/components/progress-bar/index.js
FN:8,(anonymous_0)
FN:13,(anonymous_1)
FNF:2
FNH:0
FNDA:0,(anonymous_0)
FNDA:0,(anonymous_1)
DA:8,0
DA:9,0
DA:11,0
DA:14,0
LF:4
LH:0
BRF:0
BRH:0
end_of_record
TN:
SF:/Users/ravi/workspace/xwp/material-theme-builder-wp/assets/src/wizard/components/progress-bar/step.js
FN:10,(anonymous_0)
FNF:1
FNH:0
FNDA:0,(anonymous_0)
DA:10,0
DA:11,0
DA:12,0
DA:13,0
DA:14,0
DA:16,0
DA:17,0
DA:18,0
DA:19,0
DA:22,0
LF:10
LH:0
BRDA:16,0,0,0
BRDA:16,0,1,0
BRDA:18,1,0,0
BRDA:18,1,1,0
BRF:4
BRH:0
end_of_record
TN:
SF:/Users/ravi/workspace/xwp/material-theme-builder-wp/assets/src/wizard/components/svg/logo.js
FN:4,(anonymous_0)
FNF:1
FNH:0
FNDA:0,(anonymous_0)
DA:4,0
DA:5,0
LF:2
LH:0
BRF:0
BRH:0
end_of_record
